# JRE version: OpenJDK Runtime Environment (11.0.13) (build 11.0.13+0-b1751.21-8125866)
# Java VM: OpenJDK 64-Bit Server VM (11.0.13+0-b1751.21-8125866, mixed mode, tiered, compressed oops, g1 gc, windows-amd64)
Heap:
 garbage-first heap   total 189440K, used 102400K [0x0000000080000000, 0x0000000100000000)
  region size 1024K, 73 young (74752K), 12 survivors (12288K)
 Metaspace       used 57471K, capacity 58871K, committed 59008K, reserved 1099776K
  class space    used 7153K, capacity 7683K, committed 7808K, reserved 1048576K
GC Heap History (18 events):
Event: 0.716 GC heap before
{Heap before GC invocations=0 (full 0):
 garbage-first heap   total 131072K, used 17408K [0x0000000080000000, 0x0000000100000000)
  region size 1024K, 14 young (14336K), 0 survivors (0K)
 Metaspace       used 6731K, capacity 6929K, committed 7168K, reserved 1056768K
  class space    used 572K, capacity 650K, committed 768K, reserved 1048576K
}
Event: 0.721 GC heap after
{Heap after GC invocations=1 (full 0):
 garbage-first heap   total 131072K, used 4364K [0x0000000080000000, 0x0000000100000000)
  region size 1024K, 2 young (2048K), 2 survivors (2048K)
 Metaspace       used 6731K, capacity 6929K, committed 7168K, reserved 1056768K
  class space    used 572K, capacity 650K, committed 768K, reserved 1048576K
}
Event: 1.158 GC heap before
{Heap before GC invocations=1 (full 0):
 garbage-first heap   total 131072K, used 18700K [0x0000000080000000, 0x0000000100000000)
  region size 1024K, 13 young (13312K), 2 survivors (2048K)
 Metaspace       used 9865K, capacity 10122K, committed 10368K, reserved 1058816K
  class space    used 1011K, capacity 1102K, committed 1152K, reserved 1048576K
}
Event: 1.163 GC heap after
{Heap after GC invocations=2 (full 0):
 garbage-first heap   total 131072K, used 9147K [0x0000000080000000, 0x0000000100000000)
  region size 1024K, 2 young (2048K), 2 survivors (2048K)
 Metaspace       used 9865K, capacity 10122K, committed 10368K, reserved 1058816K
  class space    used 1011K, capacity 1102K, committed 1152K, reserved 1048576K
}
Event: 1.800 GC heap before
{Heap before GC invocations=2 (full 0):
 garbage-first heap   total 131072K, used 38843K [0x0000000080000000, 0x0000000100000000)
  region size 1024K, 30 young (30720K), 2 survivors (2048K)
 Metaspace       used 10860K, capacity 11077K, committed 11264K, reserved 1058816K
  class space    used 1112K, capacity 1207K, committed 1280K, reserved 1048576K
}
Event: 1.805 GC heap after
{Heap after GC invocations=3 (full 0):
 garbage-first heap   total 131072K, used 12293K [0x0000000080000000, 0x0000000100000000)
  region size 1024K, 4 young (4096K), 4 survivors (4096K)
 Metaspace       used 10860K, capacity 11077K, committed 11264K, reserved 1058816K
  class space    used 1112K, capacity 1207K, committed 1280K, reserved 1048576K
}
Event: 4.433 GC heap before
{Heap before GC invocations=3 (full 0):
 garbage-first heap   total 131072K, used 53253K [0x0000000080000000, 0x0000000100000000)
  region size 1024K, 45 young (46080K), 4 survivors (4096K)
 Metaspace       used 17416K, capacity 17751K, committed 18048K, reserved 1064960K
  class space    used 2008K, capacity 2113K, committed 2176K, reserved 1048576K
}
Event: 4.445 GC heap after
{Heap after GC invocations=4 (full 0):
 garbage-first heap   total 131072K, used 15700K [0x0000000080000000, 0x0000000100000000)
  region size 1024K, 6 young (6144K), 6 survivors (6144K)
 Metaspace       used 17416K, capacity 17751K, committed 18048K, reserved 1064960K
  class space    used 2008K, capacity 2113K, committed 2176K, reserved 1048576K
}
Event: 4.880 GC heap before
{Heap before GC invocations=4 (full 0):
 garbage-first heap   total 131072K, used 47444K [0x0000000080000000, 0x0000000100000000)
  region size 1024K, 38 young (38912K), 6 survivors (6144K)
 Metaspace       used 20843K, capacity 21193K, committed 21296K, reserved 1069056K
  class space    used 2526K, capacity 2688K, committed 2688K, reserved 1048576K
}
Event: 4.891 GC heap after
{Heap after GC invocations=5 (full 0):
 garbage-first heap   total 157696K, used 17217K [0x0000000080000000, 0x0000000100000000)
  region size 1024K, 2 young (2048K), 2 survivors (2048K)
 Metaspace       used 20843K, capacity 21193K, committed 21296K, reserved 1069056K
  class space    used 2526K, capacity 2688K, committed 2688K, reserved 1048576K
}
Event: 5.843 GC heap before
{Heap before GC invocations=6 (full 0):
 garbage-first heap   total 157696K, used 74561K [0x0000000080000000, 0x0000000100000000)
  region size 1024K, 58 young (59392K), 2 survivors (2048K)
 Metaspace       used 26801K, capacity 27411K, committed 27520K, reserved 1073152K
  class space    used 3463K, capacity 3704K, committed 3712K, reserved 1048576K
}
Event: 5.858 GC heap after
{Heap after GC invocations=7 (full 0):
 garbage-first heap   total 157696K, used 19032K [0x0000000080000000, 0x0000000100000000)
  region size 1024K, 4 young (4096K), 4 survivors (4096K)
 Metaspace       used 26801K, capacity 27411K, committed 27520K, reserved 1073152K
  class space    used 3463K, capacity 3704K, committed 3712K, reserved 1048576K
}
Event: 7.790 GC heap before
{Heap before GC invocations=8 (full 0):
 garbage-first heap   total 157696K, used 108120K [0x0000000080000000, 0x0000000100000000)
  region size 1024K, 92 young (94208K), 4 survivors (4096K)
 Metaspace       used 37816K, capacity 38668K, committed 38784K, reserved 1083392K
  class space    used 4813K, capacity 5135K, committed 5248K, reserved 1048576K
}
Event: 7.810 GC heap after
{Heap after GC invocations=9 (full 0):
 garbage-first heap   total 157696K, used 25415K [0x0000000080000000, 0x0000000100000000)
  region size 1024K, 10 young (10240K), 10 survivors (10240K)
 Metaspace       used 37816K, capacity 38668K, committed 38784K, reserved 1083392K
  class space    used 4813K, capacity 5135K, committed 5248K, reserved 1048576K
}
Event: 9.220 GC heap before
{Heap before GC invocations=9 (full 0):
 garbage-first heap   total 157696K, used 106311K [0x0000000080000000, 0x0000000100000000)
  region size 1024K, 87 young (89088K), 10 survivors (10240K)
 Metaspace       used 44635K, capacity 45688K, committed 45824K, reserved 1089536K
  class space    used 5622K, capacity 6033K, committed 6144K, reserved 1048576K
}
Event: 9.247 GC heap after
{Heap after GC invocations=10 (full 0):
 garbage-first heap   total 157696K, used 29217K [0x0000000080000000, 0x0000000100000000)
  region size 1024K, 11 young (11264K), 11 survivors (11264K)
 Metaspace       used 44635K, capacity 45688K, committed 45824K, reserved 1089536K
  class space    used 5622K, capacity 6033K, committed 6144K, reserved 1048576K
}
Event: 10.978 GC heap before
{Heap before GC invocations=11 (full 0):
 garbage-first heap   total 157696K, used 116257K [0x0000000080000000, 0x0000000100000000)
  region size 1024K, 92 young (94208K), 11 survivors (11264K)
 Metaspace       used 48728K, capacity 49958K, committed 50176K, reserved 1093632K
  class space    used 6143K, capacity 6612K, committed 6656K, reserved 1048576K
}
Event: 11.006 GC heap after
{Heap after GC invocations=12 (full 0):
 garbage-first heap   total 189440K, used 40960K [0x0000000080000000, 0x0000000100000000)
  region size 1024K, 12 young (12288K), 12 survivors (12288K)
 Metaspace       used 48728K, capacity 49958K, committed 50176K, reserved 1093632K
  class space    used 6143K, capacity 6612K, committed 6656K, reserved 1048576K
}

