# JRE version: OpenJDK Runtime Environment (11.0.13) (build 11.0.13+0-b1751.21-8125866)
# Java VM: OpenJDK 64-Bit Server VM (11.0.13+0-b1751.21-8125866, mixed mode, tiered, compressed oops, g1 gc, windows-amd64)
Heap:
 garbage-first heap   total 189440K, used 82761K [0x0000000080000000, 0x0000000100000000)
  region size 1024K, 32 young (32768K), 9 survivors (9216K)
 Metaspace       used 73203K, capacity 74820K, committed 75008K, reserved 1114112K
  class space    used 9379K, capacity 9982K, committed 9984K, reserved 1048576K
GC Heap History (20 events):
Event: 6.022 GC heap before
{Heap before GC invocations=4 (full 0):
 garbage-first heap   total 131072K, used 43671K [0x0000000080000000, 0x0000000100000000)
  region size 1024K, 34 young (34816K), 6 survivors (6144K)
 Metaspace       used 20839K, capacity 21189K, committed 21296K, reserved 1069056K
  class space    used 2529K, capacity 2688K, committed 2688K, reserved 1048576K
}
Event: 6.033 GC heap after
{Heap after GC invocations=5 (full 0):
 garbage-first heap   total 131072K, used 17608K [0x0000000080000000, 0x0000000100000000)
  region size 1024K, 2 young (2048K), 2 survivors (2048K)
 Metaspace       used 20839K, capacity 21189K, committed 21296K, reserved 1069056K
  class space    used 2529K, capacity 2688K, committed 2688K, reserved 1048576K
}
Event: 6.834 GC heap before
{Heap before GC invocations=6 (full 0):
 garbage-first heap   total 131072K, used 66760K [0x0000000080000000, 0x0000000100000000)
  region size 1024K, 50 young (51200K), 2 survivors (2048K)
 Metaspace       used 25872K, capacity 26460K, committed 26624K, reserved 1073152K
  class space    used 3350K, capacity 3578K, committed 3584K, reserved 1048576K
}
Event: 6.845 GC heap after
{Heap after GC invocations=7 (full 0):
 garbage-first heap   total 131072K, used 19339K [0x0000000080000000, 0x0000000100000000)
  region size 1024K, 3 young (3072K), 3 survivors (3072K)
 Metaspace       used 25872K, capacity 26460K, committed 26624K, reserved 1073152K
  class space    used 3350K, capacity 3578K, committed 3584K, reserved 1048576K
}
Event: 8.366 GC heap before
{Heap before GC invocations=8 (full 0):
 garbage-first heap   total 131072K, used 88971K [0x0000000080000000, 0x0000000100000000)
  region size 1024K, 71 young (72704K), 3 survivors (3072K)
 Metaspace       used 35693K, capacity 36509K, committed 36736K, reserved 1081344K
  class space    used 4600K, capacity 4910K, committed 4992K, reserved 1048576K
}
Event: 8.380 GC heap after
{Heap after GC invocations=9 (full 0):
 garbage-first heap   total 131072K, used 22956K [0x0000000080000000, 0x0000000100000000)
  region size 1024K, 7 young (7168K), 7 survivors (7168K)
 Metaspace       used 35693K, capacity 36509K, committed 36736K, reserved 1081344K
  class space    used 4600K, capacity 4910K, committed 4992K, reserved 1048576K
}
Event: 9.567 GC heap before
{Heap before GC invocations=9 (full 0):
 garbage-first heap   total 131072K, used 93612K [0x0000000080000000, 0x0000000100000000)
  region size 1024K, 74 young (75776K), 7 survivors (7168K)
 Metaspace       used 40781K, capacity 41746K, committed 41984K, reserved 1085440K
  class space    used 5139K, capacity 5519K, committed 5632K, reserved 1048576K
}
Event: 9.590 GC heap after
{Heap after GC invocations=10 (full 0):
 garbage-first heap   total 131072K, used 28338K [0x0000000080000000, 0x0000000100000000)
  region size 1024K, 9 young (9216K), 9 survivors (9216K)
 Metaspace       used 40781K, capacity 41746K, committed 41984K, reserved 1085440K
  class space    used 5139K, capacity 5519K, committed 5632K, reserved 1048576K
}
Event: 10.071 GC heap before
{Heap before GC invocations=10 (full 0):
 garbage-first heap   total 131072K, used 52914K [0x0000000080000000, 0x0000000100000000)
  region size 1024K, 34 young (34816K), 9 survivors (9216K)
 Metaspace       used 43501K, capacity 44459K, committed 44544K, reserved 1087488K
  class space    used 5471K, capacity 5840K, committed 5888K, reserved 1048576K
}
Event: 10.096 GC heap after
{Heap after GC invocations=11 (full 0):
 garbage-first heap   total 157696K, used 30012K [0x0000000080000000, 0x0000000100000000)
  region size 1024K, 2 young (2048K), 2 survivors (2048K)
 Metaspace       used 43501K, capacity 44459K, committed 44544K, reserved 1087488K
  class space    used 5471K, capacity 5840K, committed 5888K, reserved 1048576K
}
Event: 11.524 GC heap before
{Heap before GC invocations=12 (full 0):
 garbage-first heap   total 157696K, used 105788K [0x0000000080000000, 0x0000000100000000)
  region size 1024K, 76 young (77824K), 2 survivors (2048K)
 Metaspace       used 48170K, capacity 49300K, committed 49536K, reserved 1091584K
  class space    used 6087K, capacity 6514K, committed 6528K, reserved 1048576K
}
Event: 11.537 GC heap after
{Heap after GC invocations=13 (full 0):
 garbage-first heap   total 157696K, used 31801K [0x0000000080000000, 0x0000000100000000)
  region size 1024K, 5 young (5120K), 5 survivors (5120K)
 Metaspace       used 48170K, capacity 49300K, committed 49536K, reserved 1091584K
  class space    used 6087K, capacity 6514K, committed 6528K, reserved 1048576K
}
Event: 13.266 GC heap before
{Heap before GC invocations=14 (full 0):
 garbage-first heap   total 157696K, used 116793K [0x0000000080000000, 0x0000000100000000)
  region size 1024K, 84 young (86016K), 5 survivors (5120K)
 Metaspace       used 56980K, capacity 58335K, committed 58368K, reserved 1099776K
  class space    used 7114K, capacity 7656K, committed 7680K, reserved 1048576K
}
Event: 13.280 GC heap after
{Heap after GC invocations=15 (full 0):
 garbage-first heap   total 157696K, used 43677K [0x0000000080000000, 0x0000000100000000)
  region size 1024K, 11 young (11264K), 11 survivors (11264K)
 Metaspace       used 56980K, capacity 58335K, committed 58368K, reserved 1099776K
  class space    used 7114K, capacity 7656K, committed 7680K, reserved 1048576K
}
Event: 14.889 GC heap before
{Heap before GC invocations=15 (full 0):
 garbage-first heap   total 157696K, used 124573K [0x0000000080000000, 0x0000000100000000)
  region size 1024K, 84 young (86016K), 11 survivors (11264K)
 Metaspace       used 64130K, capacity 65642K, committed 65920K, reserved 1105920K
  class space    used 8001K, capacity 8545K, committed 8576K, reserved 1048576K
}
Event: 14.912 GC heap after
{Heap after GC invocations=16 (full 0):
 garbage-first heap   total 157696K, used 51047K [0x0000000080000000, 0x0000000100000000)
  region size 1024K, 7 young (7168K), 7 survivors (7168K)
 Metaspace       used 64130K, capacity 65642K, committed 65920K, reserved 1105920K
  class space    used 8001K, capacity 8545K, committed 8576K, reserved 1048576K
}
Event: 15.852 GC heap before
{Heap before GC invocations=16 (full 0):
 garbage-first heap   total 157696K, used 119655K [0x0000000080000000, 0x0000000100000000)
  region size 1024K, 74 young (75776K), 7 survivors (7168K)
 Metaspace       used 66437K, capacity 67968K, committed 68096K, reserved 1107968K
  class space    used 8339K, capacity 8926K, committed 8960K, reserved 1048576K
}
Event: 15.875 GC heap after
{Heap after GC invocations=17 (full 0):
 garbage-first heap   total 157696K, used 55818K [0x0000000080000000, 0x0000000100000000)
  region size 1024K, 5 young (5120K), 5 survivors (5120K)
 Metaspace       used 66437K, capacity 67968K, committed 68096K, reserved 1107968K
  class space    used 8339K, capacity 8926K, committed 8960K, reserved 1048576K
}
Event: 17.303 GC heap before
{Heap before GC invocations=17 (full 0):
 garbage-first heap   total 157696K, used 123402K [0x0000000080000000, 0x0000000100000000)
  region size 1024K, 71 young (72704K), 5 survivors (5120K)
 Metaspace       used 72793K, capacity 74469K, committed 74496K, reserved 1114112K
  class space    used 9321K, capacity 9972K, committed 9984K, reserved 1048576K
}
Event: 17.321 GC heap after
{Heap after GC invocations=18 (full 0):
 garbage-first heap   total 189440K, used 60233K [0x0000000080000000, 0x0000000100000000)
  region size 1024K, 9 young (9216K), 9 survivors (9216K)
 Metaspace       used 72793K, capacity 74469K, committed 74496K, reserved 1114112K
  class space    used 9321K, capacity 9972K, committed 9984K, reserved 1048576K
}

