# JRE version: OpenJDK Runtime Environment (11.0.13) (build 11.0.13+0-b1751.21-8125866)
# Java VM: OpenJDK 64-Bit Server VM (11.0.13+0-b1751.21-8125866, mixed mode, tiered, compressed oops, g1 gc, windows-amd64)
Heap:
 garbage-first heap   total 273408K, used 146967K [0x0000000080000000, 0x0000000100000000)
  region size 1024K, 16 young (16384K), 2 survivors (2048K)
 Metaspace       used 118899K, capacity 122122K, committed 122376K, reserved 1155072K
  class space    used 14773K, capacity 16029K, committed 16152K, reserved 1048576K
GC Heap History (20 events):
Event: 39.635 GC heap before
{Heap before GC invocations=33 (full 0):
 garbage-first heap   total 227328K, used 130317K [0x0000000080000000, 0x0000000100000000)
  region size 1024K, 15 young (15360K), 8 survivors (8192K)
 Metaspace       used 109930K, capacity 112943K, committed 113800K, reserved 1148928K
  class space    used 14015K, capacity 15158K, committed 15512K, reserved 1048576K
}
Event: 39.680 GC heap after
{Heap after GC invocations=34 (full 0):
 garbage-first heap   total 227328K, used 124404K [0x0000000080000000, 0x0000000100000000)
  region size 1024K, 2 young (2048K), 2 survivors (2048K)
 Metaspace       used 109930K, capacity 112943K, committed 113800K, reserved 1148928K
  class space    used 14015K, capacity 15158K, committed 15512K, reserved 1048576K
}
Event: 41.659 GC heap before
{Heap before GC invocations=35 (full 0):
 garbage-first heap   total 227328K, used 215540K [0x0000000080000000, 0x0000000100000000)
  region size 1024K, 44 young (45056K), 2 survivors (2048K)
 Metaspace       used 115214K, capacity 118300K, committed 118664K, reserved 1153024K
  class space    used 14549K, capacity 15741K, committed 16024K, reserved 1048576K
}
Event: 41.673 GC heap after
{Heap after GC invocations=36 (full 0):
 garbage-first heap   total 273408K, used 122739K [0x0000000080000000, 0x0000000100000000)
  region size 1024K, 3 young (3072K), 3 survivors (3072K)
 Metaspace       used 115214K, capacity 118300K, committed 118664K, reserved 1153024K
  class space    used 14549K, capacity 15741K, committed 16024K, reserved 1048576K
}
Event: 160.836 GC heap before
{Heap before GC invocations=36 (full 0):
 garbage-first heap   total 273408K, used 132979K [0x0000000080000000, 0x0000000100000000)
  region size 1024K, 13 young (13312K), 3 survivors (3072K)
 Metaspace       used 116027K, capacity 119112K, committed 119432K, reserved 1153024K
  class space    used 14596K, capacity 15787K, committed 16024K, reserved 1048576K
}
Event: 160.844 GC heap after
{Heap after GC invocations=37 (full 0):
 garbage-first heap   total 273408K, used 121605K [0x0000000080000000, 0x0000000100000000)
  region size 1024K, 1 young (1024K), 1 survivors (1024K)
 Metaspace       used 116027K, capacity 119112K, committed 119432K, reserved 1153024K
  class space    used 14596K, capacity 15787K, committed 16024K, reserved 1048576K
}
Event: 163.691 GC heap before
{Heap before GC invocations=37 (full 0):
 garbage-first heap   total 273408K, used 189189K [0x0000000080000000, 0x0000000100000000)
  region size 1024K, 68 young (69632K), 1 survivors (1024K)
 Metaspace       used 116753K, capacity 119912K, committed 120200K, reserved 1153024K
  class space    used 14609K, capacity 15811K, committed 16024K, reserved 1048576K
}
Event: 163.709 GC heap after
{Heap after GC invocations=38 (full 0):
 garbage-first heap   total 273408K, used 128335K [0x0000000080000000, 0x0000000100000000)
  region size 1024K, 8 young (8192K), 8 survivors (8192K)
 Metaspace       used 116753K, capacity 119912K, committed 120200K, reserved 1153024K
  class space    used 14609K, capacity 15811K, committed 16024K, reserved 1048576K
}
Event: 166.297 GC heap before
{Heap before GC invocations=38 (full 0):
 garbage-first heap   total 273408K, used 195919K [0x0000000080000000, 0x0000000100000000)
  region size 1024K, 75 young (76800K), 8 survivors (8192K)
 Metaspace       used 116929K, capacity 120068K, committed 120456K, reserved 1155072K
  class space    used 14613K, capacity 15817K, committed 16024K, reserved 1048576K
}
Event: 166.322 GC heap after
{Heap after GC invocations=39 (full 0):
 garbage-first heap   total 273408K, used 133214K [0x0000000080000000, 0x0000000100000000)
  region size 1024K, 5 young (5120K), 5 survivors (5120K)
 Metaspace       used 116929K, capacity 120068K, committed 120456K, reserved 1155072K
  class space    used 14613K, capacity 15817K, committed 16024K, reserved 1048576K
}
Event: 166.442 GC heap before
{Heap before GC invocations=39 (full 0):
 garbage-first heap   total 273408K, used 137310K [0x0000000080000000, 0x0000000100000000)
  region size 1024K, 10 young (10240K), 5 survivors (5120K)
 Metaspace       used 116940K, capacity 120068K, committed 120456K, reserved 1155072K
  class space    used 14613K, capacity 15817K, committed 16024K, reserved 1048576K
}
Event: 166.455 GC heap after
{Heap after GC invocations=40 (full 0):
 garbage-first heap   total 273408K, used 133214K [0x0000000080000000, 0x0000000100000000)
  region size 1024K, 5 young (5120K), 5 survivors (5120K)
 Metaspace       used 116940K, capacity 120068K, committed 120456K, reserved 1155072K
  class space    used 14613K, capacity 15817K, committed 16024K, reserved 1048576K
}
Event: 547.103 GC heap before
{Heap before GC invocations=41 (full 0):
 garbage-first heap   total 273408K, used 236638K [0x0000000080000000, 0x0000000100000000)
  region size 1024K, 65 young (66560K), 5 survivors (5120K)
 Metaspace       used 117771K, capacity 120989K, committed 121224K, reserved 1155072K
  class space    used 14679K, capacity 15929K, committed 16024K, reserved 1048576K
}
Event: 547.121 GC heap after
{Heap after GC invocations=42 (full 0):
 garbage-first heap   total 273408K, used 127929K [0x0000000080000000, 0x0000000100000000)
  region size 1024K, 6 young (6144K), 6 survivors (6144K)
 Metaspace       used 117771K, capacity 120989K, committed 121224K, reserved 1155072K
  class space    used 14679K, capacity 15929K, committed 16024K, reserved 1048576K
}
Event: 547.244 GC heap before
{Heap before GC invocations=42 (full 0):
 garbage-first heap   total 273408K, used 135097K [0x0000000080000000, 0x0000000100000000)
  region size 1024K, 13 young (13312K), 6 survivors (6144K)
 Metaspace       used 117800K, capacity 120990K, committed 121224K, reserved 1155072K
  class space    used 14679K, capacity 15929K, committed 16024K, reserved 1048576K
}
Event: 547.268 GC heap after
{Heap after GC invocations=43 (full 0):
 garbage-first heap   total 273408K, used 116273K [0x0000000080000000, 0x0000000100000000)
  region size 1024K, 2 young (2048K), 2 survivors (2048K)
 Metaspace       used 117800K, capacity 120990K, committed 121224K, reserved 1155072K
  class space    used 14679K, capacity 15929K, committed 16024K, reserved 1048576K
}
Event: 550.228 GC heap before
{Heap before GC invocations=43 (full 0):
 garbage-first heap   total 273408K, used 188977K [0x0000000080000000, 0x0000000100000000)
  region size 1024K, 74 young (75776K), 2 survivors (2048K)
 Metaspace       used 118870K, capacity 122058K, committed 122376K, reserved 1155072K
  class space    used 14773K, capacity 16029K, committed 16152K, reserved 1048576K
}
Event: 550.273 GC heap after
{Heap after GC invocations=44 (full 0):
 garbage-first heap   total 273408K, used 126976K [0x0000000080000000, 0x0000000100000000)
  region size 1024K, 10 young (10240K), 10 survivors (10240K)
 Metaspace       used 118870K, capacity 122058K, committed 122376K, reserved 1155072K
  class space    used 14773K, capacity 16029K, committed 16152K, reserved 1048576K
}
Event: 550.408 GC heap before
{Heap before GC invocations=44 (full 0):
 garbage-first heap   total 273408K, used 135168K [0x0000000080000000, 0x0000000100000000)
  region size 1024K, 12 young (12288K), 10 survivors (10240K)
 Metaspace       used 118870K, capacity 122058K, committed 122376K, reserved 1155072K
  class space    used 14773K, capacity 16029K, committed 16152K, reserved 1048576K
}
Event: 550.449 GC heap after
{Heap after GC invocations=45 (full 0):
 garbage-first heap   total 273408K, used 131607K [0x0000000080000000, 0x0000000100000000)
  region size 1024K, 2 young (2048K), 2 survivors (2048K)
 Metaspace       used 118870K, capacity 122058K, committed 122376K, reserved 1155072K
  class space    used 14773K, capacity 16029K, committed 16152K, reserved 1048576K
}

