# JRE version: OpenJDK Runtime Environment (11.0.13) (build 11.0.13+0-b1751.21-8125866)
# Java VM: OpenJDK 64-Bit Server VM (11.0.13+0-b1751.21-8125866, mixed mode, tiered, compressed oops, g1 gc, windows-amd64)
Heap:
 garbage-first heap   total 189440K, used 101608K [0x0000000080000000, 0x0000000100000000)
  region size 1024K, 26 young (26624K), 6 survivors (6144K)
 Metaspace       used 93906K, capacity 96112K, committed 96336K, reserved 1132544K
  class space    used 11977K, capacity 12841K, committed 12960K, reserved 1048576K
GC Heap History (20 events):
Event: 13.896 GC heap before
{Heap before GC invocations=9 (full 0):
 garbage-first heap   total 157696K, used 97879K [0x0000000080000000, 0x0000000100000000)
  region size 1024K, 78 young (79872K), 7 survivors (7168K)
 Metaspace       used 40951K, capacity 41942K, committed 42108K, reserved 1085440K
  class space    used 5170K, capacity 5519K, committed 5580K, reserved 1048576K
}
Event: 13.916 GC heap after
{Heap after GC invocations=10 (full 0):
 garbage-first heap   total 157696K, used 29000K [0x0000000080000000, 0x0000000100000000)
  region size 1024K, 10 young (10240K), 10 survivors (10240K)
 Metaspace       used 40951K, capacity 41942K, committed 42108K, reserved 1085440K
  class space    used 5170K, capacity 5519K, committed 5580K, reserved 1048576K
}
Event: 16.771 GC heap before
{Heap before GC invocations=10 (full 0):
 garbage-first heap   total 157696K, used 108872K [0x0000000080000000, 0x0000000100000000)
  region size 1024K, 87 young (89088K), 10 survivors (10240K)
 Metaspace       used 47824K, capacity 48983K, committed 49276K, reserved 1091584K
  class space    used 6053K, capacity 6495K, committed 6604K, reserved 1048576K
}
Event: 16.794 GC heap after
{Heap after GC invocations=11 (full 0):
 garbage-first heap   total 157696K, used 31503K [0x0000000080000000, 0x0000000100000000)
  region size 1024K, 9 young (9216K), 9 survivors (9216K)
 Metaspace       used 47824K, capacity 48983K, committed 49276K, reserved 1091584K
  class space    used 6053K, capacity 6495K, committed 6604K, reserved 1048576K
}
Event: 21.515 GC heap before
{Heap before GC invocations=11 (full 0):
 garbage-first heap   total 157696K, used 120591K [0x0000000080000000, 0x0000000100000000)
  region size 1024K, 92 young (94208K), 9 survivors (9216K)
 Metaspace       used 54972K, capacity 56391K, committed 56572K, reserved 1097728K
  class space    used 6913K, capacity 7454K, committed 7500K, reserved 1048576K
}
Event: 21.537 GC heap after
{Heap after GC invocations=12 (full 0):
 garbage-first heap   total 157696K, used 43863K [0x0000000080000000, 0x0000000100000000)
  region size 1024K, 12 young (12288K), 12 survivors (12288K)
 Metaspace       used 54972K, capacity 56391K, committed 56572K, reserved 1097728K
  class space    used 6913K, capacity 7454K, committed 7500K, reserved 1048576K
}
Event: 22.437 GC heap before
{Heap before GC invocations=12 (full 0):
 garbage-first heap   total 157696K, used 70487K [0x0000000080000000, 0x0000000100000000)
  region size 1024K, 39 young (39936K), 12 survivors (12288K)
 Metaspace       used 58834K, capacity 60247K, committed 60368K, reserved 1101824K
  class space    used 7355K, capacity 7883K, committed 7968K, reserved 1048576K
}
Event: 22.464 GC heap after
{Heap after GC invocations=13 (full 0):
 garbage-first heap   total 157696K, used 45773K [0x0000000080000000, 0x0000000100000000)
  region size 1024K, 2 young (2048K), 2 survivors (2048K)
 Metaspace       used 58834K, capacity 60247K, committed 60368K, reserved 1101824K
  class space    used 7355K, capacity 7883K, committed 7968K, reserved 1048576K
}
Event: 24.462 GC heap before
{Heap before GC invocations=14 (full 0):
 garbage-first heap   total 157696K, used 126669K [0x0000000080000000, 0x0000000100000000)
  region size 1024K, 75 young (76800K), 2 survivors (2048K)
 Metaspace       used 65241K, capacity 66737K, committed 66768K, reserved 1107968K
  class space    used 8163K, capacity 8735K, committed 8736K, reserved 1048576K
}
Event: 24.479 GC heap after
{Heap after GC invocations=15 (full 0):
 garbage-first heap   total 189440K, used 51635K [0x0000000080000000, 0x0000000100000000)
  region size 1024K, 8 young (8192K), 8 survivors (8192K)
 Metaspace       used 65241K, capacity 66737K, committed 66768K, reserved 1107968K
  class space    used 8163K, capacity 8735K, committed 8736K, reserved 1048576K
}
Event: 26.014 GC heap before
{Heap before GC invocations=16 (full 0):
 garbage-first heap   total 189440K, used 141747K [0x0000000080000000, 0x0000000100000000)
  region size 1024K, 95 young (97280K), 8 survivors (8192K)
 Metaspace       used 69429K, capacity 71041K, committed 71248K, reserved 1112064K
  class space    used 8748K, capacity 9369K, committed 9376K, reserved 1048576K
}
Event: 26.039 GC heap after
{Heap after GC invocations=17 (full 0):
 garbage-first heap   total 189440K, used 57602K [0x0000000080000000, 0x0000000100000000)
  region size 1024K, 6 young (6144K), 6 survivors (6144K)
 Metaspace       used 69429K, capacity 71041K, committed 71248K, reserved 1112064K
  class space    used 8748K, capacity 9369K, committed 9376K, reserved 1048576K
}
Event: 27.809 GC heap before
{Heap before GC invocations=17 (full 0):
 garbage-first heap   total 189440K, used 145666K [0x0000000080000000, 0x0000000100000000)
  region size 1024K, 92 young (94208K), 6 survivors (6144K)
 Metaspace       used 75063K, capacity 76802K, committed 77136K, reserved 1116160K
  class space    used 9645K, capacity 10291K, committed 10400K, reserved 1048576K
}
Event: 27.834 GC heap after
{Heap after GC invocations=18 (full 0):
 garbage-first heap   total 189440K, used 63385K [0x0000000080000000, 0x0000000100000000)
  region size 1024K, 12 young (12288K), 12 survivors (12288K)
 Metaspace       used 75063K, capacity 76802K, committed 77136K, reserved 1116160K
  class space    used 9645K, capacity 10291K, committed 10400K, reserved 1048576K
}
Event: 30.570 GC heap before
{Heap before GC invocations=18 (full 0):
 garbage-first heap   total 189440K, used 146329K [0x0000000080000000, 0x0000000100000000)
  region size 1024K, 94 young (96256K), 12 survivors (12288K)
 Metaspace       used 82658K, capacity 84541K, committed 84816K, reserved 1122304K
  class space    used 10622K, capacity 11332K, committed 11424K, reserved 1048576K
}
Event: 30.600 GC heap after
{Heap after GC invocations=19 (full 0):
 garbage-first heap   total 189440K, used 70656K [0x0000000080000000, 0x0000000100000000)
  region size 1024K, 12 young (12288K), 12 survivors (12288K)
 Metaspace       used 82658K, capacity 84541K, committed 84816K, reserved 1122304K
  class space    used 10622K, capacity 11332K, committed 11424K, reserved 1048576K
}
Event: 39.603 GC heap before
{Heap before GC invocations=19 (full 0):
 garbage-first heap   total 189440K, used 148480K [0x0000000080000000, 0x0000000100000000)
  region size 1024K, 89 young (91136K), 12 survivors (12288K)
 Metaspace       used 92134K, capacity 94278K, committed 94544K, reserved 1130496K
  class space    used 11797K, capacity 12599K, committed 12704K, reserved 1048576K
}
Event: 39.638 GC heap after
{Heap after GC invocations=20 (full 0):
 garbage-first heap   total 189440K, used 77312K [0x0000000080000000, 0x0000000100000000)
  region size 1024K, 7 young (7168K), 7 survivors (7168K)
 Metaspace       used 92134K, capacity 94278K, committed 94544K, reserved 1130496K
  class space    used 11797K, capacity 12599K, committed 12704K, reserved 1048576K
}
Event: 42.822 GC heap before
{Heap before GC invocations=20 (full 0):
 garbage-first heap   total 189440K, used 150016K [0x0000000080000000, 0x0000000100000000)
  region size 1024K, 79 young (80896K), 7 survivors (7168K)
 Metaspace       used 93436K, capacity 95627K, committed 95952K, reserved 1132544K
  class space    used 11933K, capacity 12733K, committed 12832K, reserved 1048576K
}
Event: 42.843 GC heap after
{Heap after GC invocations=21 (full 0):
 garbage-first heap   total 189440K, used 83176K [0x0000000080000000, 0x0000000100000000)
  region size 1024K, 6 young (6144K), 6 survivors (6144K)
 Metaspace       used 93436K, capacity 95627K, committed 95952K, reserved 1132544K
  class space    used 11933K, capacity 12733K, committed 12832K, reserved 1048576K
}

