# JRE version: OpenJDK Runtime Environment (11.0.13) (build 11.0.13+0-b1751.21-8125866)
# Java VM: OpenJDK 64-Bit Server VM (11.0.13+0-b1751.21-8125866, mixed mode, tiered, compressed oops, g1 gc, windows-amd64)
Heap:
 garbage-first heap   total 131072K, used 18988K [0x0000000080000000, 0x0000000100000000)
  region size 1024K, 5 young (5120K), 4 survivors (4096K)
 Metaspace       used 22851K, capacity 23397K, committed 23728K, reserved 1075200K
  class space    used 2819K, capacity 3033K, committed 3072K, reserved 1048576K
GC Heap History (6 events):
Event: 0.817 GC heap before
{Heap before GC invocations=0 (full 0):
 garbage-first heap   total 131072K, used 17408K [0x0000000080000000, 0x0000000100000000)
  region size 1024K, 14 young (14336K), 0 survivors (0K)
 Metaspace       used 6734K, capacity 6929K, committed 7168K, reserved 1056768K
  class space    used 573K, capacity 650K, committed 768K, reserved 1048576K
}
Event: 0.824 GC heap after
{Heap after GC invocations=1 (full 0):
 garbage-first heap   total 131072K, used 8395K [0x0000000080000000, 0x0000000100000000)
  region size 1024K, 2 young (2048K), 2 survivors (2048K)
 Metaspace       used 6734K, capacity 6929K, committed 7168K, reserved 1056768K
  class space    used 573K, capacity 650K, committed 768K, reserved 1048576K
}
Event: 2.499 GC heap before
{Heap before GC invocations=1 (full 0):
 garbage-first heap   total 131072K, used 73931K [0x0000000080000000, 0x0000000100000000)
  region size 1024K, 66 young (67584K), 2 survivors (2048K)
 Metaspace       used 11447K, capacity 11675K, committed 11904K, reserved 1060864K
  class space    used 1238K, capacity 1342K, committed 1408K, reserved 1048576K
}
Event: 2.515 GC heap after
{Heap after GC invocations=2 (full 0):
 garbage-first heap   total 131072K, used 15153K [0x0000000080000000, 0x0000000100000000)
  region size 1024K, 9 young (9216K), 9 survivors (9216K)
 Metaspace       used 11447K, capacity 11675K, committed 11904K, reserved 1060864K
  class space    used 1238K, capacity 1342K, committed 1408K, reserved 1048576K
}
Event: 6.048 GC heap before
{Heap before GC invocations=2 (full 0):
 garbage-first heap   total 131072K, used 57137K [0x0000000080000000, 0x0000000100000000)
  region size 1024K, 51 young (52224K), 9 survivors (9216K)
 Metaspace       used 20756K, capacity 21185K, committed 21296K, reserved 1069056K
  class space    used 2481K, capacity 2658K, committed 2688K, reserved 1048576K
}
Event: 6.071 GC heap after
{Heap after GC invocations=3 (full 0):
 garbage-first heap   total 131072K, used 18246K [0x0000000080000000, 0x0000000100000000)
  region size 1024K, 3 young (3072K), 3 survivors (3072K)
 Metaspace       used 20756K, capacity 21185K, committed 21296K, reserved 1069056K
  class space    used 2481K, capacity 2658K, committed 2688K, reserved 1048576K
}

