# JRE version: OpenJDK Runtime Environment (11.0.13) (build 11.0.13+0-b1751.21-8125866)
# Java VM: OpenJDK 64-Bit Server VM (11.0.13+0-b1751.21-8125866, mixed mode, tiered, compressed oops, g1 gc, windows-amd64)
Heap:
 garbage-first heap   total 450560K, used 336376K [0x0000000080000000, 0x0000000100000000)
  region size 1024K, 95 young (97280K), 17 survivors (17408K)
 Metaspace       used 166616K, capacity 171603K, committed 171856K, reserved 1200128K
  class space    used 19993K, capacity 21757K, committed 21840K, reserved 1048576K
GC Heap History (20 events):
Event: 231.491 GC heap before
{Heap before GC invocations=151 (full 0):
 garbage-first heap   total 437248K, used 338943K [0x0000000080000000, 0x0000000100000000)
  region size 1024K, 128 young (131072K), 6 survivors (6144K)
 Metaspace       used 161999K, capacity 166675K, committed 166992K, reserved 1196032K
  class space    used 19461K, capacity 21146K, committed 21328K, reserved 1048576K
}
Event: 231.512 GC heap after
{Heap after GC invocations=152 (full 0):
 garbage-first heap   total 437248K, used 213252K [0x0000000080000000, 0x0000000100000000)
  region size 1024K, 9 young (9216K), 9 survivors (9216K)
 Metaspace       used 161999K, capacity 166675K, committed 166992K, reserved 1196032K
  class space    used 19461K, capacity 21146K, committed 21328K, reserved 1048576K
}
Event: 231.630 GC heap before
{Heap before GC invocations=152 (full 0):
 garbage-first heap   total 437248K, used 224516K [0x0000000080000000, 0x0000000100000000)
  region size 1024K, 21 young (21504K), 9 survivors (9216K)
 Metaspace       used 162033K, capacity 166678K, committed 166992K, reserved 1196032K
  class space    used 19461K, capacity 21146K, committed 21328K, reserved 1048576K
}
Event: 231.643 GC heap after
{Heap after GC invocations=153 (full 0):
 garbage-first heap   total 437248K, used 207551K [0x0000000080000000, 0x0000000100000000)
  region size 1024K, 3 young (3072K), 3 survivors (3072K)
 Metaspace       used 162033K, capacity 166678K, committed 166992K, reserved 1196032K
  class space    used 19461K, capacity 21146K, committed 21328K, reserved 1048576K
}
Event: 600.779 GC heap before
{Heap before GC invocations=153 (full 0):
 garbage-first heap   total 437248K, used 360127K [0x0000000080000000, 0x0000000100000000)
  region size 1024K, 151 young (154624K), 3 survivors (3072K)
 Metaspace       used 163078K, capacity 167911K, committed 168144K, reserved 1196032K
  class space    used 19551K, capacity 21275K, committed 21456K, reserved 1048576K
}
Event: 600.800 GC heap after
{Heap after GC invocations=154 (full 0):
 garbage-first heap   total 437248K, used 208410K [0x0000000080000000, 0x0000000100000000)
  region size 1024K, 4 young (4096K), 4 survivors (4096K)
 Metaspace       used 163078K, capacity 167911K, committed 168144K, reserved 1196032K
  class space    used 19551K, capacity 21275K, committed 21456K, reserved 1048576K
}
Event: 602.858 GC heap before
{Heap before GC invocations=154 (full 0):
 garbage-first heap   total 437248K, used 364058K [0x0000000080000000, 0x0000000100000000)
  region size 1024K, 157 young (160768K), 4 survivors (4096K)
 Metaspace       used 165323K, capacity 170236K, committed 170320K, reserved 1198080K
  class space    used 19802K, capacity 21563K, committed 21584K, reserved 1048576K
}
Event: 602.880 GC heap after
{Heap after GC invocations=155 (full 0):
 garbage-first heap   total 437248K, used 216605K [0x0000000080000000, 0x0000000100000000)
  region size 1024K, 12 young (12288K), 12 survivors (12288K)
 Metaspace       used 165323K, capacity 170236K, committed 170320K, reserved 1198080K
  class space    used 19802K, capacity 21563K, committed 21584K, reserved 1048576K
}
Event: 611.055 GC heap before
{Heap before GC invocations=155 (full 0):
 garbage-first heap   total 437248K, used 363037K [0x0000000080000000, 0x0000000100000000)
  region size 1024K, 156 young (159744K), 12 survivors (12288K)
 Metaspace       used 165597K, capacity 170693K, committed 170960K, reserved 1198080K
  class space    used 19817K, capacity 21589K, committed 21712K, reserved 1048576K
}
Event: 611.102 GC heap after
{Heap after GC invocations=156 (full 0):
 garbage-first heap   total 437248K, used 226735K [0x0000000080000000, 0x0000000100000000)
  region size 1024K, 19 young (19456K), 19 survivors (19456K)
 Metaspace       used 165597K, capacity 170693K, committed 170960K, reserved 1198080K
  class space    used 19817K, capacity 21589K, committed 21712K, reserved 1048576K
}
Event: 613.362 GC heap before
{Heap before GC invocations=157 (full 0):
 garbage-first heap   total 437248K, used 401839K [0x0000000080000000, 0x0000000100000000)
  region size 1024K, 153 young (156672K), 19 survivors (19456K)
 Metaspace       used 165341K, capacity 170367K, committed 170960K, reserved 1198080K
  class space    used 19794K, capacity 21545K, committed 21712K, reserved 1048576K
}
Event: 613.486 GC heap after
{Heap after GC invocations=158 (full 0):
 garbage-first heap   total 450560K, used 252512K [0x0000000080000000, 0x0000000100000000)
  region size 1024K, 20 young (20480K), 20 survivors (20480K)
 Metaspace       used 165341K, capacity 170367K, committed 170960K, reserved 1198080K
  class space    used 19794K, capacity 21545K, committed 21712K, reserved 1048576K
}
Event: 613.508 GC heap before
{Heap before GC invocations=158 (full 0):
 garbage-first heap   total 450560K, used 253536K [0x0000000080000000, 0x0000000100000000)
  region size 1024K, 22 young (22528K), 20 survivors (20480K)
 Metaspace       used 165341K, capacity 170367K, committed 170960K, reserved 1198080K
  class space    used 19794K, capacity 21545K, committed 21712K, reserved 1048576K
}
Event: 613.554 GC heap after
{Heap after GC invocations=159 (full 0):
 garbage-first heap   total 450560K, used 238080K [0x0000000080000000, 0x0000000100000000)
  region size 1024K, 1 young (1024K), 1 survivors (1024K)
 Metaspace       used 165341K, capacity 170367K, committed 170960K, reserved 1198080K
  class space    used 19794K, capacity 21545K, committed 21712K, reserved 1048576K
}
Event: 614.507 GC heap before
{Heap before GC invocations=159 (full 0):
 garbage-first heap   total 450560K, used 359936K [0x0000000080000000, 0x0000000100000000)
  region size 1024K, 121 young (123904K), 1 survivors (1024K)
 Metaspace       used 165396K, capacity 170495K, committed 170960K, reserved 1198080K
  class space    used 19795K, capacity 21545K, committed 21712K, reserved 1048576K
}
Event: 614.525 GC heap after
{Heap after GC invocations=160 (full 0):
 garbage-first heap   total 450560K, used 245248K [0x0000000080000000, 0x0000000100000000)
  region size 1024K, 8 young (8192K), 8 survivors (8192K)
 Metaspace       used 165396K, capacity 170495K, committed 170960K, reserved 1198080K
  class space    used 19795K, capacity 21545K, committed 21712K, reserved 1048576K
}
Event: 616.915 GC heap before
{Heap before GC invocations=160 (full 0):
 garbage-first heap   total 450560K, used 369152K [0x0000000080000000, 0x0000000100000000)
  region size 1024K, 126 young (129024K), 8 survivors (8192K)
 Metaspace       used 165594K, capacity 170593K, committed 170960K, reserved 1198080K
  class space    used 19799K, capacity 21553K, committed 21712K, reserved 1048576K
}
Event: 616.927 GC heap after
{Heap after GC invocations=161 (full 0):
 garbage-first heap   total 450560K, used 244890K [0x0000000080000000, 0x0000000100000000)
  region size 1024K, 8 young (8192K), 8 survivors (8192K)
 Metaspace       used 165594K, capacity 170593K, committed 170960K, reserved 1198080K
  class space    used 19799K, capacity 21553K, committed 21712K, reserved 1048576K
}
Event: 618.614 GC heap before
{Heap before GC invocations=161 (full 0):
 garbage-first heap   total 450560K, used 367770K [0x0000000080000000, 0x0000000100000000)
  region size 1024K, 129 young (132096K), 8 survivors (8192K)
 Metaspace       used 166397K, capacity 171408K, committed 171600K, reserved 1200128K
  class space    used 19941K, capacity 21714K, committed 21840K, reserved 1048576K
}
Event: 618.648 GC heap after
{Heap after GC invocations=162 (full 0):
 garbage-first heap   total 450560K, used 258552K [0x0000000080000000, 0x0000000100000000)
  region size 1024K, 17 young (17408K), 17 survivors (17408K)
 Metaspace       used 166397K, capacity 171408K, committed 171600K, reserved 1200128K
  class space    used 19941K, capacity 21714K, committed 21840K, reserved 1048576K
}

