# JRE version: OpenJDK Runtime Environment (11.0.13) (build 11.0.13+0-b1751.21-8125866)
# Java VM: OpenJDK 64-Bit Server VM (11.0.13+0-b1751.21-8125866, mixed mode, tiered, compressed oops, g1 gc, windows-amd64)
Heap:
 garbage-first heap   total 223232K, used 66193K [0x0000000080000000, 0x0000000100000000)
  region size 1024K, 24 young (24576K), 6 survivors (6144K)
 Metaspace       used 65053K, capacity 66565K, committed 66652K, reserved 1107968K
  class space    used 8157K, capacity 8720K, committed 8736K, reserved 1048576K
GC Heap History (20 events):
Event: 2.267 GC heap before
{Heap before GC invocations=2 (full 0):
 garbage-first heap   total 131072K, used 36864K [0x0000000080000000, 0x0000000100000000)
  region size 1024K, 30 young (30720K), 2 survivors (2048K)
 Metaspace       used 10869K, capacity 11073K, committed 11264K, reserved 1058816K
  class space    used 1113K, capacity 1207K, committed 1280K, reserved 1048576K
}
Event: 2.273 GC heap after
{Heap after GC invocations=3 (full 0):
 garbage-first heap   total 131072K, used 10553K [0x0000000080000000, 0x0000000100000000)
  region size 1024K, 4 young (4096K), 4 survivors (4096K)
 Metaspace       used 10869K, capacity 11073K, committed 11264K, reserved 1058816K
  class space    used 1113K, capacity 1207K, committed 1280K, reserved 1048576K
}
Event: 6.032 GC heap before
{Heap before GC invocations=3 (full 0):
 garbage-first heap   total 131072K, used 53561K [0x0000000080000000, 0x0000000100000000)
  region size 1024K, 45 young (46080K), 4 survivors (4096K)
 Metaspace       used 17197K, capacity 17583K, committed 17792K, reserved 1064960K
  class space    used 1961K, capacity 2099K, committed 2176K, reserved 1048576K
}
Event: 6.043 GC heap after
{Heap after GC invocations=4 (full 0):
 garbage-first heap   total 131072K, used 16091K [0x0000000080000000, 0x0000000100000000)
  region size 1024K, 6 young (6144K), 6 survivors (6144K)
 Metaspace       used 17197K, capacity 17583K, committed 17792K, reserved 1064960K
  class space    used 1961K, capacity 2099K, committed 2176K, reserved 1048576K
}
Event: 6.733 GC heap before
{Heap before GC invocations=4 (full 0):
 garbage-first heap   total 131072K, used 49883K [0x0000000080000000, 0x0000000100000000)
  region size 1024K, 40 young (40960K), 6 survivors (6144K)
 Metaspace       used 20784K, capacity 21187K, committed 21296K, reserved 1069056K
  class space    used 2522K, capacity 2685K, committed 2688K, reserved 1048576K
}
Event: 6.745 GC heap after
{Heap after GC invocations=5 (full 0):
 garbage-first heap   total 131072K, used 17585K [0x0000000080000000, 0x0000000100000000)
  region size 1024K, 2 young (2048K), 2 survivors (2048K)
 Metaspace       used 20784K, capacity 21187K, committed 21296K, reserved 1069056K
  class space    used 2522K, capacity 2685K, committed 2688K, reserved 1048576K
}
Event: 7.888 GC heap before
{Heap before GC invocations=6 (full 0):
 garbage-first heap   total 131072K, used 70833K [0x0000000080000000, 0x0000000100000000)
  region size 1024K, 54 young (55296K), 2 survivors (2048K)
 Metaspace       used 26536K, capacity 27180K, committed 27516K, reserved 1073152K
  class space    used 3459K, capacity 3696K, committed 3788K, reserved 1048576K
}
Event: 7.898 GC heap after
{Heap after GC invocations=7 (full 0):
 garbage-first heap   total 157696K, used 19349K [0x0000000080000000, 0x0000000100000000)
  region size 1024K, 4 young (4096K), 4 survivors (4096K)
 Metaspace       used 26536K, capacity 27180K, committed 27516K, reserved 1073152K
  class space    used 3459K, capacity 3696K, committed 3788K, reserved 1048576K
}
Event: 9.323 GC heap before
{Heap before GC invocations=7 (full 0):
 garbage-first heap   total 157696K, used 82837K [0x0000000080000000, 0x0000000100000000)
  region size 1024K, 67 young (68608K), 4 survivors (4096K)
 Metaspace       used 35159K, capacity 35927K, committed 36048K, reserved 1081344K
  class space    used 4523K, capacity 4825K, committed 4896K, reserved 1048576K
}
Event: 9.340 GC heap after
{Heap after GC invocations=8 (full 0):
 garbage-first heap   total 157696K, used 22586K [0x0000000080000000, 0x0000000100000000)
  region size 1024K, 7 young (7168K), 7 survivors (7168K)
 Metaspace       used 35159K, capacity 35927K, committed 36048K, reserved 1081344K
  class space    used 4523K, capacity 4825K, committed 4896K, reserved 1048576K
}
Event: 11.823 GC heap before
{Heap before GC invocations=9 (full 0):
 garbage-first heap   total 157696K, used 109626K [0x0000000080000000, 0x0000000100000000)
  region size 1024K, 90 young (92160K), 7 survivors (7168K)
 Metaspace       used 42429K, capacity 43483K, committed 43728K, reserved 1087488K
  class space    used 5418K, capacity 5817K, committed 5920K, reserved 1048576K
}
Event: 11.853 GC heap after
{Heap after GC invocations=10 (full 0):
 garbage-first heap   total 157696K, used 28915K [0x0000000080000000, 0x0000000100000000)
  region size 1024K, 12 young (12288K), 12 survivors (12288K)
 Metaspace       used 42429K, capacity 43483K, committed 43728K, reserved 1087488K
  class space    used 5418K, capacity 5817K, committed 5920K, reserved 1048576K
}
Event: 14.345 GC heap before
{Heap before GC invocations=10 (full 0):
 garbage-first heap   total 157696K, used 110835K [0x0000000080000000, 0x0000000100000000)
  region size 1024K, 92 young (94208K), 12 survivors (12288K)
 Metaspace       used 48795K, capacity 49999K, committed 50128K, reserved 1093632K
  class space    used 6203K, capacity 6664K, committed 6688K, reserved 1048576K
}
Event: 14.383 GC heap after
{Heap after GC invocations=11 (full 0):
 garbage-first heap   total 157696K, used 31866K [0x0000000080000000, 0x0000000100000000)
  region size 1024K, 4 young (4096K), 4 survivors (4096K)
 Metaspace       used 48795K, capacity 49999K, committed 50128K, reserved 1093632K
  class space    used 6203K, capacity 6664K, committed 6688K, reserved 1048576K
}
Event: 17.968 GC heap before
{Heap before GC invocations=11 (full 0):
 garbage-first heap   total 157696K, used 121978K [0x0000000080000000, 0x0000000100000000)
  region size 1024K, 88 young (90112K), 4 survivors (4096K)
 Metaspace       used 57356K, capacity 58804K, committed 58960K, reserved 1099776K
  class space    used 7218K, capacity 7792K, committed 7840K, reserved 1048576K
}
Event: 17.984 GC heap after
{Heap after GC invocations=12 (full 0):
 garbage-first heap   total 157696K, used 43213K [0x0000000080000000, 0x0000000100000000)
  region size 1024K, 11 young (11264K), 11 survivors (11264K)
 Metaspace       used 57356K, capacity 58804K, committed 58960K, reserved 1099776K
  class space    used 7218K, capacity 7792K, committed 7840K, reserved 1048576K
}
Event: 20.033 GC heap before
{Heap before GC invocations=12 (full 0):
 garbage-first heap   total 157696K, used 55501K [0x0000000080000000, 0x0000000100000000)
  region size 1024K, 24 young (24576K), 11 survivors (11264K)
 Metaspace       used 58943K, capacity 60436K, committed 60508K, reserved 1101824K
  class space    used 7390K, capacity 7968K, committed 7968K, reserved 1048576K
}
Event: 20.247 GC heap after
{Heap after GC invocations=13 (full 0):
 garbage-first heap   total 157696K, used 44729K [0x0000000080000000, 0x0000000100000000)
  region size 1024K, 2 young (2048K), 2 survivors (2048K)
 Metaspace       used 58943K, capacity 60436K, committed 60508K, reserved 1101824K
  class space    used 7390K, capacity 7968K, committed 7968K, reserved 1048576K
}
Event: 25.481 GC heap before
{Heap before GC invocations=14 (full 0):
 garbage-first heap   total 157696K, used 104121K [0x0000000080000000, 0x0000000100000000)
  region size 1024K, 54 young (55296K), 2 survivors (2048K)
 Metaspace       used 64159K, capacity 65775K, committed 65884K, reserved 1105920K
  class space    used 8059K, capacity 8651K, committed 8736K, reserved 1048576K
}
Event: 25.500 GC heap after
{Heap after GC invocations=15 (full 0):
 garbage-first heap   total 223232K, used 48785K [0x0000000080000000, 0x0000000100000000)
  region size 1024K, 6 young (6144K), 6 survivors (6144K)
 Metaspace       used 64159K, capacity 65775K, committed 65884K, reserved 1105920K
  class space    used 8059K, capacity 8651K, committed 8736K, reserved 1048576K
}

