# JRE version: OpenJDK Runtime Environment (11.0.13) (build 11.0.13+0-b1751.21-8125866)
# Java VM: OpenJDK 64-Bit Server VM (11.0.13+0-b1751.21-8125866, mixed mode, tiered, compressed oops, g1 gc, windows-amd64)
Heap:
 garbage-first heap   total 157696K, used 52492K [0x0000000080000000, 0x0000000100000000)
  region size 1024K, 3 young (3072K), 3 survivors (3072K)
 Metaspace       used 34931K, capacity 35970K, committed 36048K, reserved 1081344K
  class space    used 4674K, capacity 5077K, committed 5152K, reserved 1048576K
GC Heap History (13 events):
Event: 0.678 GC heap before
{Heap before GC invocations=0 (full 0):
 garbage-first heap   total 131072K, used 16384K [0x0000000080000000, 0x0000000100000000)
  region size 1024K, 14 young (14336K), 0 survivors (0K)
 Metaspace       used 6735K, capacity 6925K, committed 7168K, reserved 1056768K
  class space    used 573K, capacity 650K, committed 768K, reserved 1048576K
}
Event: 0.682 GC heap after
{Heap after GC invocations=1 (full 0):
 garbage-first heap   total 131072K, used 4257K [0x0000000080000000, 0x0000000100000000)
  region size 1024K, 2 young (2048K), 2 survivors (2048K)
 Metaspace       used 6735K, capacity 6925K, committed 7168K, reserved 1056768K
  class space    used 573K, capacity 650K, committed 768K, reserved 1048576K
}
Event: 3.812 GC heap before
{Heap before GC invocations=1 (full 0):
 garbage-first heap   total 131072K, used 84129K [0x0000000080000000, 0x0000000100000000)
  region size 1024K, 76 young (77824K), 2 survivors (2048K)
 Metaspace       used 15644K, capacity 16012K, committed 16256K, reserved 1062912K
  class space    used 1754K, capacity 1896K, committed 1920K, reserved 1048576K
}
Event: 3.822 GC heap after
{Heap after GC invocations=2 (full 0):
 garbage-first heap   total 131072K, used 15045K [0x0000000080000000, 0x0000000100000000)
  region size 1024K, 10 young (10240K), 10 survivors (10240K)
 Metaspace       used 15644K, capacity 16012K, committed 16256K, reserved 1062912K
  class space    used 1754K, capacity 1896K, committed 1920K, reserved 1048576K
}
Event: 4.341 GC heap before
{Heap before GC invocations=2 (full 0):
 garbage-first heap   total 131072K, used 42693K [0x0000000080000000, 0x0000000100000000)
  region size 1024K, 38 young (38912K), 10 survivors (10240K)
 Metaspace       used 20313K, capacity 20671K, committed 20864K, reserved 1067008K
  class space    used 2408K, capacity 2568K, committed 2688K, reserved 1048576K
}
Event: 4.353 GC heap after
{Heap after GC invocations=3 (full 0):
 garbage-first heap   total 131072K, used 17076K [0x0000000080000000, 0x0000000100000000)
  region size 1024K, 2 young (2048K), 2 survivors (2048K)
 Metaspace       used 20313K, capacity 20671K, committed 20864K, reserved 1067008K
  class space    used 2408K, capacity 2568K, committed 2688K, reserved 1048576K
}
Event: 4.428 GC heap before
{Heap before GC invocations=3 (full 0):
 garbage-first heap   total 131072K, used 25268K [0x0000000080000000, 0x0000000100000000)
  region size 1024K, 11 young (11264K), 2 survivors (2048K)
 Metaspace       used 20797K, capacity 21218K, committed 21296K, reserved 1069056K
  class space    used 2508K, capacity 2665K, committed 2688K, reserved 1048576K
}
Event: 4.433 GC heap after
{Heap after GC invocations=4 (full 0):
 garbage-first heap   total 131072K, used 17133K [0x0000000080000000, 0x0000000100000000)
  region size 1024K, 2 young (2048K), 2 survivors (2048K)
 Metaspace       used 20797K, capacity 21218K, committed 21296K, reserved 1069056K
  class space    used 2508K, capacity 2665K, committed 2688K, reserved 1048576K
}
Event: 5.335 GC heap before
{Heap before GC invocations=5 (full 0):
 garbage-first heap   total 131072K, used 71405K [0x0000000080000000, 0x0000000100000000)
  region size 1024K, 55 young (56320K), 2 survivors (2048K)
 Metaspace       used 26427K, capacity 27073K, committed 27260K, reserved 1073152K
  class space    used 3430K, capacity 3667K, committed 3788K, reserved 1048576K
}
Event: 5.346 GC heap after
{Heap after GC invocations=6 (full 0):
 garbage-first heap   total 131072K, used 19165K [0x0000000080000000, 0x0000000100000000)
  region size 1024K, 4 young (4096K), 4 survivors (4096K)
 Metaspace       used 26427K, capacity 27073K, committed 27260K, reserved 1073152K
  class space    used 3430K, capacity 3667K, committed 3788K, reserved 1048576K
}
Event: 6.270 GC heap before
{Heap before GC invocations=6 (full 0):
 garbage-first heap   total 131072K, used 100061K [0x0000000080000000, 0x0000000100000000)
  region size 1024K, 61 young (62464K), 4 survivors (4096K)
 Metaspace       used 31108K, capacity 32040K, committed 32380K, reserved 1077248K
  class space    used 4143K, capacity 4471K, committed 4556K, reserved 1048576K
}
Event: 6.281 GC heap after
{Heap after GC invocations=7 (full 0):
 garbage-first heap   total 131072K, used 50218K [0x0000000080000000, 0x0000000100000000)
  region size 1024K, 8 young (8192K), 8 survivors (8192K)
 Metaspace       used 31108K, capacity 32040K, committed 32380K, reserved 1077248K
  class space    used 4143K, capacity 4471K, committed 4556K, reserved 1048576K
}
Event: 6.908 GC heap before
{Heap before GC invocations=7 (full 0):
 garbage-first heap   total 131072K, used 78890K [0x0000000080000000, 0x0000000100000000)
  region size 1024K, 37 young (37888K), 8 survivors (8192K)
 Metaspace       used 34931K, capacity 35970K, committed 36048K, reserved 1081344K
  class space    used 4674K, capacity 5077K, committed 5152K, reserved 1048576K
}

