# JRE version: OpenJDK Runtime Environment (11.0.13) (build 11.0.13+0-b1751.21-8125866)
# Java VM: OpenJDK 64-Bit Server VM (11.0.13+0-b1751.21-8125866, mixed mode, tiered, compressed oops, g1 gc, windows-amd64)
Heap:
 garbage-first heap   total 131072K, used 31469K [0x0000000080000000, 0x0000000100000000)
  region size 1024K, 15 young (15360K), 3 survivors (3072K)
 Metaspace       used 26490K, capacity 27102K, committed 27184K, reserved 1073152K
  class space    used 3434K, capacity 3687K, committed 3712K, reserved 1048576K
GC Heap History (12 events):
Event: 1.031 GC heap before
{Heap before GC invocations=0 (full 0):
 garbage-first heap   total 131072K, used 17408K [0x0000000080000000, 0x0000000100000000)
  region size 1024K, 14 young (14336K), 0 survivors (0K)
 Metaspace       used 6749K, capacity 6929K, committed 7168K, reserved 1056768K
  class space    used 573K, capacity 650K, committed 768K, reserved 1048576K
}
Event: 1.038 GC heap after
{Heap after GC invocations=1 (full 0):
 garbage-first heap   total 131072K, used 8365K [0x0000000080000000, 0x0000000100000000)
  region size 1024K, 2 young (2048K), 2 survivors (2048K)
 Metaspace       used 6749K, capacity 6929K, committed 7168K, reserved 1056768K
  class space    used 573K, capacity 650K, committed 768K, reserved 1048576K
}
Event: 1.532 GC heap before
{Heap before GC invocations=1 (full 0):
 garbage-first heap   total 131072K, used 20653K [0x0000000080000000, 0x0000000100000000)
  region size 1024K, 14 young (14336K), 2 survivors (2048K)
 Metaspace       used 9871K, capacity 10058K, committed 10112K, reserved 1058816K
  class space    used 1013K, capacity 1102K, committed 1152K, reserved 1048576K
}
Event: 1.539 GC heap after
{Heap after GC invocations=2 (full 0):
 garbage-first heap   total 131072K, used 10442K [0x0000000080000000, 0x0000000100000000)
  region size 1024K, 2 young (2048K), 2 survivors (2048K)
 Metaspace       used 9871K, capacity 10058K, committed 10112K, reserved 1058816K
  class space    used 1013K, capacity 1102K, committed 1152K, reserved 1048576K
}
Event: 2.313 GC heap before
{Heap before GC invocations=2 (full 0):
 garbage-first heap   total 131072K, used 40138K [0x0000000080000000, 0x0000000100000000)
  region size 1024K, 31 young (31744K), 2 survivors (2048K)
 Metaspace       used 10880K, capacity 11139K, committed 11264K, reserved 1058816K
  class space    used 1115K, capacity 1206K, committed 1280K, reserved 1048576K
}
Event: 2.318 GC heap after
{Heap after GC invocations=3 (full 0):
 garbage-first heap   total 131072K, used 13560K [0x0000000080000000, 0x0000000100000000)
  region size 1024K, 4 young (4096K), 4 survivors (4096K)
 Metaspace       used 10880K, capacity 11139K, committed 11264K, reserved 1058816K
  class space    used 1115K, capacity 1206K, committed 1280K, reserved 1048576K
}
Event: 5.660 GC heap before
{Heap before GC invocations=3 (full 0):
 garbage-first heap   total 131072K, used 55544K [0x0000000080000000, 0x0000000100000000)
  region size 1024K, 46 young (47104K), 4 survivors (4096K)
 Metaspace       used 17358K, capacity 17765K, committed 18048K, reserved 1064960K
  class space    used 1985K, capacity 2137K, committed 2176K, reserved 1048576K
}
Event: 5.672 GC heap after
{Heap after GC invocations=4 (full 0):
 garbage-first heap   total 131072K, used 17144K [0x0000000080000000, 0x0000000100000000)
  region size 1024K, 6 young (6144K), 6 survivors (6144K)
 Metaspace       used 17358K, capacity 17765K, committed 18048K, reserved 1064960K
  class space    used 1985K, capacity 2137K, committed 2176K, reserved 1048576K
}
Event: 6.174 GC heap before
{Heap before GC invocations=4 (full 0):
 garbage-first heap   total 131072K, used 42744K [0x0000000080000000, 0x0000000100000000)
  region size 1024K, 32 young (32768K), 6 survivors (6144K)
 Metaspace       used 20818K, capacity 21231K, committed 21296K, reserved 1069056K
  class space    used 2497K, capacity 2685K, committed 2688K, reserved 1048576K
}
Event: 6.186 GC heap after
{Heap after GC invocations=5 (full 0):
 garbage-first heap   total 131072K, used 18557K [0x0000000080000000, 0x0000000100000000)
  region size 1024K, 6 young (6144K), 6 survivors (6144K)
 Metaspace       used 20818K, capacity 21231K, committed 21296K, reserved 1069056K
  class space    used 2497K, capacity 2685K, committed 2688K, reserved 1048576K
}
Event: 6.963 GC heap before
{Heap before GC invocations=6 (full 0):
 garbage-first heap   total 131072K, used 69757K [0x0000000080000000, 0x0000000100000000)
  region size 1024K, 56 young (57344K), 6 survivors (6144K)
 Metaspace       used 25027K, capacity 25654K, committed 25904K, reserved 1071104K
  class space    used 3197K, capacity 3416K, committed 3456K, reserved 1048576K
}
Event: 6.976 GC heap after
{Heap after GC invocations=7 (full 0):
 garbage-first heap   total 131072K, used 20205K [0x0000000080000000, 0x0000000100000000)
  region size 1024K, 3 young (3072K), 3 survivors (3072K)
 Metaspace       used 25027K, capacity 25654K, committed 25904K, reserved 1071104K
  class space    used 3197K, capacity 3416K, committed 3456K, reserved 1048576K
}

