# JRE version: OpenJDK Runtime Environment (11.0.13) (build 11.0.13+0-b1751.21-8125866)
# Java VM: OpenJDK 64-Bit Server VM (11.0.13+0-b1751.21-8125866, mixed mode, tiered, compressed oops, g1 gc, windows-amd64)
Heap:
 garbage-first heap   total 189440K, used 77781K [0x0000000080000000, 0x0000000100000000)
  region size 1024K, 4 young (4096K), 4 survivors (4096K)
 Metaspace       used 47316K, capacity 48635K, committed 48840K, reserved 1091584K
  class space    used 5964K, capacity 6467K, committed 6476K, reserved 1048576K
GC Heap History (20 events):
Event: 0.651 GC heap after
{Heap after GC invocations=1 (full 0):
 garbage-first heap   total 131072K, used 4393K [0x0000000080000000, 0x0000000100000000)
  region size 1024K, 2 young (2048K), 2 survivors (2048K)
 Metaspace       used 6728K, capacity 6925K, committed 7168K, reserved 1056768K
  class space    used 573K, capacity 650K, committed 768K, reserved 1048576K
}
Event: 1.330 GC heap before
{Heap before GC invocations=1 (full 0):
 garbage-first heap   total 131072K, used 29993K [0x0000000080000000, 0x0000000100000000)
  region size 1024K, 24 young (24576K), 2 survivors (2048K)
 Metaspace       used 10766K, capacity 11009K, committed 11264K, reserved 1058816K
  class space    used 1111K, capacity 1207K, committed 1280K, reserved 1048576K
}
Event: 1.336 GC heap after
{Heap after GC invocations=2 (full 0):
 garbage-first heap   total 131072K, used 9500K [0x0000000080000000, 0x0000000100000000)
  region size 1024K, 3 young (3072K), 3 survivors (3072K)
 Metaspace       used 10766K, capacity 11009K, committed 11264K, reserved 1058816K
  class space    used 1111K, capacity 1207K, committed 1280K, reserved 1048576K
}
Event: 1.709 GC heap before
{Heap before GC invocations=2 (full 0):
 garbage-first heap   total 131072K, used 39196K [0x0000000080000000, 0x0000000100000000)
  region size 1024K, 31 young (31744K), 3 survivors (3072K)
 Metaspace       used 10913K, capacity 11137K, committed 11264K, reserved 1058816K
  class space    used 1114K, capacity 1207K, committed 1280K, reserved 1048576K
}
Event: 1.714 GC heap after
{Heap after GC invocations=3 (full 0):
 garbage-first heap   total 131072K, used 13741K [0x0000000080000000, 0x0000000100000000)
  region size 1024K, 4 young (4096K), 4 survivors (4096K)
 Metaspace       used 10913K, capacity 11137K, committed 11264K, reserved 1058816K
  class space    used 1114K, capacity 1207K, committed 1280K, reserved 1048576K
}
Event: 4.193 GC heap before
{Heap before GC invocations=3 (full 0):
 garbage-first heap   total 131072K, used 57773K [0x0000000080000000, 0x0000000100000000)
  region size 1024K, 47 young (48128K), 4 survivors (4096K)
 Metaspace       used 18929K, capacity 19295K, committed 19584K, reserved 1067008K
  class space    used 2221K, capacity 2365K, committed 2432K, reserved 1048576K
}
Event: 4.204 GC heap after
{Heap after GC invocations=4 (full 0):
 garbage-first heap   total 131072K, used 16889K [0x0000000080000000, 0x0000000100000000)
  region size 1024K, 3 young (3072K), 3 survivors (3072K)
 Metaspace       used 18929K, capacity 19295K, committed 19584K, reserved 1067008K
  class space    used 2221K, capacity 2365K, committed 2432K, reserved 1048576K
}
Event: 4.422 GC heap before
{Heap before GC invocations=4 (full 0):
 garbage-first heap   total 131072K, used 34297K [0x0000000080000000, 0x0000000100000000)
  region size 1024K, 21 young (21504K), 3 survivors (3072K)
 Metaspace       used 20806K, capacity 21218K, committed 21296K, reserved 1069056K
  class space    used 2509K, capacity 2665K, committed 2688K, reserved 1048576K
}
Event: 4.431 GC heap after
{Heap after GC invocations=5 (full 0):
 garbage-first heap   total 157696K, used 17393K [0x0000000080000000, 0x0000000100000000)
  region size 1024K, 4 young (4096K), 4 survivors (4096K)
 Metaspace       used 20806K, capacity 21218K, committed 21296K, reserved 1069056K
  class space    used 2509K, capacity 2665K, committed 2688K, reserved 1048576K
}
Event: 5.308 GC heap before
{Heap before GC invocations=6 (full 0):
 garbage-first heap   total 157696K, used 71665K [0x0000000080000000, 0x0000000100000000)
  region size 1024K, 57 young (58368K), 4 survivors (4096K)
 Metaspace       used 26394K, capacity 27073K, committed 27184K, reserved 1073152K
  class space    used 3430K, capacity 3667K, committed 3712K, reserved 1048576K
}
Event: 5.316 GC heap after
{Heap after GC invocations=7 (full 0):
 garbage-first heap   total 157696K, used 19408K [0x0000000080000000, 0x0000000100000000)
  region size 1024K, 6 young (6144K), 6 survivors (6144K)
 Metaspace       used 26394K, capacity 27073K, committed 27184K, reserved 1073152K
  class space    used 3430K, capacity 3667K, committed 3712K, reserved 1048576K
}
Event: 6.345 GC heap before
{Heap before GC invocations=7 (full 0):
 garbage-first heap   total 157696K, used 111568K [0x0000000080000000, 0x0000000100000000)
  region size 1024K, 74 young (75776K), 6 survivors (6144K)
 Metaspace       used 31998K, capacity 32930K, committed 33072K, reserved 1077248K
  class space    used 4299K, capacity 4681K, committed 4736K, reserved 1048576K
}
Event: 6.358 GC heap after
{Heap after GC invocations=8 (full 0):
 garbage-first heap   total 157696K, used 50510K [0x0000000080000000, 0x0000000100000000)
  region size 1024K, 10 young (10240K), 10 survivors (10240K)
 Metaspace       used 31998K, capacity 32930K, committed 33072K, reserved 1077248K
  class space    used 4299K, capacity 4681K, committed 4736K, reserved 1048576K
}
Event: 6.752 GC heap before
{Heap before GC invocations=8 (full 0):
 garbage-first heap   total 157696K, used 67918K [0x0000000080000000, 0x0000000100000000)
  region size 1024K, 28 young (28672K), 10 survivors (10240K)
 Metaspace       used 34743K, capacity 35682K, committed 35708K, reserved 1079296K
  class space    used 4667K, capacity 5045K, committed 5068K, reserved 1048576K
}
Event: 6.766 GC heap after
{Heap after GC invocations=9 (full 0):
 garbage-first heap   total 157696K, used 53713K [0x0000000080000000, 0x0000000100000000)
  region size 1024K, 2 young (2048K), 2 survivors (2048K)
 Metaspace       used 34743K, capacity 35682K, committed 35708K, reserved 1079296K
  class space    used 4667K, capacity 5045K, committed 5068K, reserved 1048576K
}
Event: 7.736 GC heap before
{Heap before GC invocations=10 (full 0):
 garbage-first heap   total 157696K, used 103889K [0x0000000080000000, 0x0000000100000000)
  region size 1024K, 49 young (50176K), 2 survivors (2048K)
 Metaspace       used 41529K, capacity 42705K, committed 42952K, reserved 1087488K
  class space    used 5248K, capacity 5677K, committed 5708K, reserved 1048576K
}
Event: 7.755 GC heap after
{Heap after GC invocations=11 (full 0):
 garbage-first heap   total 157696K, used 57920K [0x0000000080000000, 0x0000000100000000)
  region size 1024K, 6 young (6144K), 6 survivors (6144K)
 Metaspace       used 41529K, capacity 42705K, committed 42952K, reserved 1087488K
  class space    used 5248K, capacity 5677K, committed 5708K, reserved 1048576K
}
Event: 8.653 GC heap before
{Heap before GC invocations=12 (full 0):
 garbage-first heap   total 157696K, used 118336K [0x0000000080000000, 0x0000000100000000)
  region size 1024K, 54 young (55296K), 6 survivors (6144K)
 Metaspace       used 44835K, capacity 46091K, committed 46280K, reserved 1089536K
  class space    used 5739K, capacity 6175K, committed 6220K, reserved 1048576K
}
Event: 8.671 GC heap after
{Heap after GC invocations=13 (full 0):
 garbage-first heap   total 157696K, used 74681K [0x0000000080000000, 0x0000000100000000)
  region size 1024K, 5 young (5120K), 5 survivors (5120K)
 Metaspace       used 44835K, capacity 46091K, committed 46280K, reserved 1089536K
  class space    used 5739K, capacity 6175K, committed 6220K, reserved 1048576K
}
Event: 9.273 GC heap before
{Heap before GC invocations=13 (full 0):
 garbage-first heap   total 157696K, used 116665K [0x0000000080000000, 0x0000000100000000)
  region size 1024K, 46 young (47104K), 5 survivors (5120K)
 Metaspace       used 47316K, capacity 48635K, committed 48840K, reserved 1091584K
  class space    used 5964K, capacity 6467K, committed 6476K, reserved 1048576K
}

