# JRE version: OpenJDK Runtime Environment (11.0.13) (build 11.0.13+0-b1751.21-8125866)
# Java VM: OpenJDK 64-Bit Server VM (11.0.13+0-b1751.21-8125866, mixed mode, tiered, compressed oops, g1 gc, windows-amd64)
Heap:
 garbage-first heap   total 227328K, used 75601K [0x0000000080000000, 0x0000000100000000)
  region size 1024K, 11 young (11264K), 11 survivors (11264K)
 Metaspace       used 86056K, capacity 88210K, committed 88552K, reserved 1126400K
  class space    used 11039K, capacity 11843K, committed 11936K, reserved 1048576K
GC Heap History (20 events):
Event: 5.921 GC heap after
{Heap after GC invocations=7 (full 0):
 garbage-first heap   total 131072K, used 19549K [0x0000000080000000, 0x0000000100000000)
  region size 1024K, 4 young (4096K), 4 survivors (4096K)
 Metaspace       used 26472K, capacity 27023K, committed 27132K, reserved 1073152K
  class space    used 3415K, capacity 3640K, committed 3660K, reserved 1048576K
}
Event: 7.253 GC heap before
{Heap before GC invocations=7 (full 0):
 garbage-first heap   total 131072K, used 82013K [0x0000000080000000, 0x0000000100000000)
  region size 1024K, 66 young (67584K), 4 survivors (4096K)
 Metaspace       used 35168K, capacity 35931K, committed 35964K, reserved 1081344K
  class space    used 4502K, capacity 4803K, committed 4812K, reserved 1048576K
}
Event: 7.269 GC heap after
{Heap after GC invocations=8 (full 0):
 garbage-first heap   total 157696K, used 22753K [0x0000000080000000, 0x0000000100000000)
  region size 1024K, 7 young (7168K), 7 survivors (7168K)
 Metaspace       used 35168K, capacity 35931K, committed 35964K, reserved 1081344K
  class space    used 4502K, capacity 4803K, committed 4812K, reserved 1048576K
}
Event: 8.985 GC heap before
{Heap before GC invocations=9 (full 0):
 garbage-first heap   total 157696K, used 111841K [0x0000000080000000, 0x0000000100000000)
  region size 1024K, 92 young (94208K), 7 survivors (7168K)
 Metaspace       used 42264K, capacity 43218K, committed 43388K, reserved 1087488K
  class space    used 5369K, capacity 5767K, committed 5836K, reserved 1048576K
}
Event: 9.005 GC heap after
{Heap after GC invocations=10 (full 0):
 garbage-first heap   total 157696K, used 28732K [0x0000000080000000, 0x0000000100000000)
  region size 1024K, 12 young (12288K), 12 survivors (12288K)
 Metaspace       used 42264K, capacity 43218K, committed 43388K, reserved 1087488K
  class space    used 5369K, capacity 5767K, committed 5836K, reserved 1048576K
}
Event: 10.923 GC heap before
{Heap before GC invocations=10 (full 0):
 garbage-first heap   total 157696K, used 110652K [0x0000000080000000, 0x0000000100000000)
  region size 1024K, 92 young (94208K), 12 survivors (12288K)
 Metaspace       used 48294K, capacity 49524K, committed 49788K, reserved 1093632K
  class space    used 6093K, capacity 6525K, committed 6604K, reserved 1048576K
}
Event: 10.955 GC heap after
{Heap after GC invocations=11 (full 0):
 garbage-first heap   total 157696K, used 31529K [0x0000000080000000, 0x0000000100000000)
  region size 1024K, 9 young (9216K), 9 survivors (9216K)
 Metaspace       used 48294K, capacity 49524K, committed 49788K, reserved 1093632K
  class space    used 6093K, capacity 6525K, committed 6604K, reserved 1048576K
}
Event: 13.043 GC heap before
{Heap before GC invocations=11 (full 0):
 garbage-first heap   total 157696K, used 120617K [0x0000000080000000, 0x0000000100000000)
  region size 1024K, 92 young (94208K), 9 survivors (9216K)
 Metaspace       used 57468K, capacity 58795K, committed 58876K, reserved 1099776K
  class space    used 7151K, capacity 7701K, committed 7756K, reserved 1048576K
}
Event: 13.069 GC heap after
{Heap after GC invocations=12 (full 0):
 garbage-first heap   total 157696K, used 44437K [0x0000000080000000, 0x0000000100000000)
  region size 1024K, 12 young (12288K), 12 survivors (12288K)
 Metaspace       used 57468K, capacity 58795K, committed 58876K, reserved 1099776K
  class space    used 7151K, capacity 7701K, committed 7756K, reserved 1048576K
}
Event: 13.350 GC heap before
{Heap before GC invocations=12 (full 0):
 garbage-first heap   total 157696K, used 55701K [0x0000000080000000, 0x0000000100000000)
  region size 1024K, 24 young (24576K), 12 survivors (12288K)
 Metaspace       used 58904K, capacity 60288K, committed 60368K, reserved 1101824K
  class space    used 7363K, capacity 7898K, committed 7968K, reserved 1048576K
}
Event: 13.375 GC heap after
{Heap after GC invocations=13 (full 0):
 garbage-first heap   total 189440K, used 46007K [0x0000000080000000, 0x0000000100000000)
  region size 1024K, 2 young (2048K), 2 survivors (2048K)
 Metaspace       used 58904K, capacity 60288K, committed 60368K, reserved 1101824K
  class space    used 7363K, capacity 7898K, committed 7968K, reserved 1048576K
}
Event: 15.152 GC heap before
{Heap before GC invocations=14 (full 0):
 garbage-first heap   total 189440K, used 135095K [0x0000000080000000, 0x0000000100000000)
  region size 1024K, 82 young (83968K), 2 survivors (2048K)
 Metaspace       used 65825K, capacity 67345K, committed 67560K, reserved 1107968K
  class space    used 8223K, capacity 8786K, committed 8864K, reserved 1048576K
}
Event: 15.168 GC heap after
{Heap after GC invocations=15 (full 0):
 garbage-first heap   total 189440K, used 52722K [0x0000000080000000, 0x0000000100000000)
  region size 1024K, 8 young (8192K), 8 survivors (8192K)
 Metaspace       used 65825K, capacity 67345K, committed 67560K, reserved 1107968K
  class space    used 8223K, capacity 8786K, committed 8864K, reserved 1048576K
}
Event: 16.414 GC heap before
{Heap before GC invocations=16 (full 0):
 garbage-first heap   total 189440K, used 133618K [0x0000000080000000, 0x0000000100000000)
  region size 1024K, 87 young (89088K), 8 survivors (8192K)
 Metaspace       used 69284K, capacity 70811K, committed 70888K, reserved 1112064K
  class space    used 8721K, capacity 9337K, committed 9376K, reserved 1048576K
}
Event: 16.435 GC heap after
{Heap after GC invocations=17 (full 0):
 garbage-first heap   total 189440K, used 57509K [0x0000000080000000, 0x0000000100000000)
  region size 1024K, 6 young (6144K), 6 survivors (6144K)
 Metaspace       used 69284K, capacity 70811K, committed 70888K, reserved 1112064K
  class space    used 8721K, capacity 9337K, committed 9376K, reserved 1048576K
}
Event: 17.665 GC heap before
{Heap before GC invocations=17 (full 0):
 garbage-first heap   total 189440K, used 138405K [0x0000000080000000, 0x0000000100000000)
  region size 1024K, 85 young (87040K), 6 survivors (6144K)
 Metaspace       used 74456K, capacity 76128K, committed 76392K, reserved 1116160K
  class space    used 9570K, capacity 10179K, committed 10272K, reserved 1048576K
}
Event: 17.686 GC heap after
{Heap after GC invocations=18 (full 0):
 garbage-first heap   total 189440K, used 62809K [0x0000000080000000, 0x0000000100000000)
  region size 1024K, 11 young (11264K), 11 survivors (11264K)
 Metaspace       used 74456K, capacity 76128K, committed 76392K, reserved 1116160K
  class space    used 9570K, capacity 10179K, committed 10272K, reserved 1048576K
}
Event: 19.423 GC heap before
{Heap before GC invocations=18 (full 0):
 garbage-first heap   total 189440K, used 142681K [0x0000000080000000, 0x0000000100000000)
  region size 1024K, 89 young (91136K), 11 survivors (11264K)
 Metaspace       used 81656K, capacity 83523K, committed 83816K, reserved 1122304K
  class space    used 10542K, capacity 11252K, committed 11296K, reserved 1048576K
}
Event: 19.449 GC heap after
{Heap after GC invocations=19 (full 0):
 garbage-first heap   total 189440K, used 68360K [0x0000000080000000, 0x0000000100000000)
  region size 1024K, 11 young (11264K), 11 survivors (11264K)
 Metaspace       used 81656K, capacity 83523K, committed 83816K, reserved 1122304K
  class space    used 10542K, capacity 11252K, committed 11296K, reserved 1048576K
}
Event: 21.838 GC heap before
{Heap before GC invocations=19 (full 0):
 garbage-first heap   total 189440K, used 145160K [0x0000000080000000, 0x0000000100000000)
  region size 1024K, 87 young (89088K), 11 survivors (11264K)
 Metaspace       used 86056K, capacity 88210K, committed 88552K, reserved 1126400K
  class space    used 11039K, capacity 11843K, committed 11936K, reserved 1048576K
}

