# JRE version: OpenJDK Runtime Environment (11.0.13) (build 11.0.13+0-b1751.21-8125866)
# Java VM: OpenJDK 64-Bit Server VM (11.0.13+0-b1751.21-8125866, mixed mode, tiered, compressed oops, g1 gc, windows-amd64)
Heap:
 garbage-first heap   total 953344K, used 236956K [0x0000000080000000, 0x0000000100000000)
  region size 1024K, 4 young (4096K), 4 survivors (4096K)
 Metaspace       used 111756K, capacity 114444K, committed 114524K, reserved 1148928K
  class space    used 14018K, capacity 15058K, committed 15136K, reserved 1048576K
GC Heap History (20 events):
Event: 147.308 GC heap after
{Heap after GC invocations=77 (full 0):
 garbage-first heap   total 159744K, used 150756K [0x0000000080000000, 0x0000000100000000)
  region size 1024K, 1 young (1024K), 1 survivors (1024K)
 Metaspace       used 106445K, capacity 108825K, committed 108892K, reserved 1144832K
  class space    used 13169K, capacity 14070K, committed 14112K, reserved 1048576K
}
Event: 147.474 GC heap before
{Heap before GC invocations=77 (full 0):
 garbage-first heap   total 159744K, used 155876K [0x0000000080000000, 0x0000000100000000)
  region size 1024K, 7 young (7168K), 1 survivors (1024K)
 Metaspace       used 106446K, capacity 108825K, committed 108892K, reserved 1144832K
  class space    used 13169K, capacity 14070K, committed 14112K, reserved 1048576K
}
Event: 147.499 GC heap after
{Heap after GC invocations=78 (full 0):
 garbage-first heap   total 161792K, used 151997K [0x0000000080000000, 0x0000000100000000)
  region size 1024K, 1 young (1024K), 1 survivors (1024K)
 Metaspace       used 106446K, capacity 108825K, committed 108892K, reserved 1144832K
  class space    used 13169K, capacity 14070K, committed 14112K, reserved 1048576K
}
Event: 147.589 GC heap before
{Heap before GC invocations=78 (full 0):
 garbage-first heap   total 161792K, used 158141K [0x0000000080000000, 0x0000000100000000)
  region size 1024K, 7 young (7168K), 1 survivors (1024K)
 Metaspace       used 106446K, capacity 108825K, committed 108892K, reserved 1144832K
  class space    used 13169K, capacity 14070K, committed 14112K, reserved 1048576K
}
Event: 147.608 GC heap after
{Heap after GC invocations=79 (full 0):
 garbage-first heap   total 215040K, used 154624K [0x0000000080000000, 0x0000000100000000)
  region size 1024K, 1 young (1024K), 1 survivors (1024K)
 Metaspace       used 106446K, capacity 108825K, committed 108892K, reserved 1144832K
  class space    used 13169K, capacity 14070K, committed 14112K, reserved 1048576K
}
Event: 148.103 GC heap before
{Heap before GC invocations=79 (full 0):
 garbage-first heap   total 215040K, used 169984K [0x0000000080000000, 0x0000000100000000)
  region size 1024K, 15 young (15360K), 1 survivors (1024K)
 Metaspace       used 106446K, capacity 108825K, committed 108892K, reserved 1144832K
  class space    used 13169K, capacity 14070K, committed 14112K, reserved 1048576K
}
Event: 148.132 GC heap after
{Heap after GC invocations=80 (full 0):
 garbage-first heap   total 215040K, used 162151K [0x0000000080000000, 0x0000000100000000)
  region size 1024K, 2 young (2048K), 2 survivors (2048K)
 Metaspace       used 106446K, capacity 108825K, committed 108892K, reserved 1144832K
  class space    used 13169K, capacity 14070K, committed 14112K, reserved 1048576K
}
Event: 148.454 GC heap before
{Heap before GC invocations=80 (full 0):
 garbage-first heap   total 215040K, used 173415K [0x0000000080000000, 0x0000000100000000)
  region size 1024K, 14 young (14336K), 2 survivors (2048K)
 Metaspace       used 106446K, capacity 108825K, committed 108892K, reserved 1144832K
  class space    used 13169K, capacity 14070K, committed 14112K, reserved 1048576K
}
Event: 148.491 GC heap after
{Heap after GC invocations=81 (full 0):
 garbage-first heap   total 215040K, used 167091K [0x0000000080000000, 0x0000000100000000)
  region size 1024K, 2 young (2048K), 2 survivors (2048K)
 Metaspace       used 106446K, capacity 108825K, committed 108892K, reserved 1144832K
  class space    used 13169K, capacity 14070K, committed 14112K, reserved 1048576K
}
Event: 148.931 GC heap before
{Heap before GC invocations=82 (full 0):
 garbage-first heap   total 215040K, used 178355K [0x0000000080000000, 0x0000000100000000)
  region size 1024K, 13 young (13312K), 2 survivors (2048K)
 Metaspace       used 107633K, capacity 110079K, committed 110172K, reserved 1144832K
  class space    used 13431K, capacity 14344K, committed 14368K, reserved 1048576K
}
Event: 148.970 GC heap after
{Heap after GC invocations=83 (full 0):
 garbage-first heap   total 215040K, used 170888K [0x0000000080000000, 0x0000000100000000)
  region size 1024K, 2 young (2048K), 2 survivors (2048K)
 Metaspace       used 107633K, capacity 110079K, committed 110172K, reserved 1144832K
  class space    used 13431K, capacity 14344K, committed 14368K, reserved 1048576K
}
Event: 149.379 GC heap before
{Heap before GC invocations=83 (full 0):
 garbage-first heap   total 215040K, used 179080K [0x0000000080000000, 0x0000000100000000)
  region size 1024K, 10 young (10240K), 2 survivors (2048K)
 Metaspace       used 108694K, capacity 111172K, committed 111196K, reserved 1146880K
  class space    used 13633K, capacity 14601K, committed 14624K, reserved 1048576K
}
Event: 149.421 GC heap after
{Heap after GC invocations=84 (full 0):
 garbage-first heap   total 423936K, used 167078K [0x0000000080000000, 0x0000000100000000)
  region size 1024K, 2 young (2048K), 2 survivors (2048K)
 Metaspace       used 108694K, capacity 111172K, committed 111196K, reserved 1146880K
  class space    used 13633K, capacity 14601K, committed 14624K, reserved 1048576K
}
Event: 151.459 GC heap before
{Heap before GC invocations=84 (full 0):
 garbage-first heap   total 423936K, used 237734K [0x0000000080000000, 0x0000000100000000)
  region size 1024K, 71 young (72704K), 2 survivors (2048K)
 Metaspace       used 108855K, capacity 111317K, committed 111452K, reserved 1146880K
  class space    used 13634K, capacity 14602K, committed 14624K, reserved 1048576K
}
Event: 151.794 GC heap after
{Heap after GC invocations=85 (full 0):
 garbage-first heap   total 423936K, used 202621K [0x0000000080000000, 0x0000000100000000)
  region size 1024K, 9 young (9216K), 9 survivors (9216K)
 Metaspace       used 108855K, capacity 111317K, committed 111452K, reserved 1146880K
  class space    used 13634K, capacity 14602K, committed 14624K, reserved 1048576K
}
Event: 154.107 GC heap before
{Heap before GC invocations=85 (full 0):
 garbage-first heap   total 423936K, used 240509K [0x0000000080000000, 0x0000000100000000)
  region size 1024K, 47 young (48128K), 9 survivors (9216K)
 Metaspace       used 108861K, capacity 111317K, committed 111452K, reserved 1146880K
  class space    used 13634K, capacity 14602K, committed 14624K, reserved 1048576K
}
Event: 154.229 GC heap after
{Heap after GC invocations=86 (full 0):
 garbage-first heap   total 423936K, used 223232K [0x0000000080000000, 0x0000000100000000)
  region size 1024K, 6 young (6144K), 6 survivors (6144K)
 Metaspace       used 108861K, capacity 111317K, committed 111452K, reserved 1146880K
  class space    used 13634K, capacity 14602K, committed 14624K, reserved 1048576K
}
Event: 156.694 GC heap before
{Heap before GC invocations=86 (full 0):
 garbage-first heap   total 423936K, used 265216K [0x0000000080000000, 0x0000000100000000)
  region size 1024K, 48 young (49152K), 6 survivors (6144K)
 Metaspace       used 111306K, capacity 113891K, committed 114140K, reserved 1148928K
  class space    used 13950K, capacity 14942K, committed 15008K, reserved 1048576K
}
Event: 156.739 GC heap after
{Heap after GC invocations=87 (full 0):
 garbage-first heap   total 423936K, used 231936K [0x0000000080000000, 0x0000000100000000)
  region size 1024K, 6 young (6144K), 6 survivors (6144K)
 Metaspace       used 111306K, capacity 113891K, committed 114140K, reserved 1148928K
  class space    used 13950K, capacity 14942K, committed 15008K, reserved 1048576K
}
Event: 158.358 GC heap before
{Heap before GC invocations=87 (full 0):
 garbage-first heap   total 423936K, used 286208K [0x0000000080000000, 0x0000000100000000)
  region size 1024K, 59 young (60416K), 6 survivors (6144K)
 Metaspace       used 111756K, capacity 114444K, committed 114524K, reserved 1148928K
  class space    used 14018K, capacity 15058K, committed 15136K, reserved 1048576K
}

