# JRE version: OpenJDK Runtime Environment (11.0.13) (build 11.0.13+0-b1751.21-8125866)
# Java VM: OpenJDK 64-Bit Server VM (11.0.13+0-b1751.21-8125866, mixed mode, tiered, compressed oops, g1 gc, windows-amd64)
Heap:
 garbage-first heap   total 189440K, used 69084K [0x0000000080000000, 0x0000000100000000)
  region size 1024K, 6 young (6144K), 6 survivors (6144K)
 Metaspace       used 46648K, capacity 47877K, committed 48080K, reserved 1091584K
  class space    used 5867K, capacity 6347K, committed 6432K, reserved 1048576K
GC Heap History (19 events):
Event: 0.578 GC heap before
{Heap before GC invocations=0 (full 0):
 garbage-first heap   total 131072K, used 16384K [0x0000000080000000, 0x0000000100000000)
  region size 1024K, 14 young (14336K), 0 survivors (0K)
 Metaspace       used 6724K, capacity 6925K, committed 7168K, reserved 1056768K
  class space    used 573K, capacity 650K, committed 768K, reserved 1048576K
}
Event: 0.583 GC heap after
{Heap after GC invocations=1 (full 0):
 garbage-first heap   total 131072K, used 3881K [0x0000000080000000, 0x0000000100000000)
  region size 1024K, 2 young (2048K), 2 survivors (2048K)
 Metaspace       used 6724K, capacity 6925K, committed 7168K, reserved 1056768K
  class space    used 573K, capacity 650K, committed 768K, reserved 1048576K
}
Event: 0.946 GC heap before
{Heap before GC invocations=1 (full 0):
 garbage-first heap   total 131072K, used 19241K [0x0000000080000000, 0x0000000100000000)
  region size 1024K, 14 young (14336K), 2 survivors (2048K)
 Metaspace       used 9858K, capacity 10054K, committed 10112K, reserved 1058816K
  class space    used 1011K, capacity 1102K, committed 1152K, reserved 1048576K
}
Event: 0.959 GC heap after
{Heap after GC invocations=2 (full 0):
 garbage-first heap   total 131072K, used 9594K [0x0000000080000000, 0x0000000100000000)
  region size 1024K, 2 young (2048K), 2 survivors (2048K)
 Metaspace       used 9858K, capacity 10054K, committed 10112K, reserved 1058816K
  class space    used 1011K, capacity 1102K, committed 1152K, reserved 1048576K
}
Event: 1.536 GC heap before
{Heap before GC invocations=2 (full 0):
 garbage-first heap   total 131072K, used 37242K [0x0000000080000000, 0x0000000100000000)
  region size 1024K, 29 young (29696K), 2 survivors (2048K)
 Metaspace       used 10852K, capacity 11073K, committed 11264K, reserved 1058816K
  class space    used 1113K, capacity 1207K, committed 1280K, reserved 1048576K
}
Event: 1.540 GC heap after
{Heap after GC invocations=3 (full 0):
 garbage-first heap   total 131072K, used 10777K [0x0000000080000000, 0x0000000100000000)
  region size 1024K, 4 young (4096K), 4 survivors (4096K)
 Metaspace       used 10852K, capacity 11073K, committed 11264K, reserved 1058816K
  class space    used 1113K, capacity 1207K, committed 1280K, reserved 1048576K
}
Event: 3.895 GC heap before
{Heap before GC invocations=3 (full 0):
 garbage-first heap   total 131072K, used 53785K [0x0000000080000000, 0x0000000100000000)
  region size 1024K, 45 young (46080K), 4 survivors (4096K)
 Metaspace       used 17473K, capacity 17856K, committed 18048K, reserved 1064960K
  class space    used 1984K, capacity 2116K, committed 2176K, reserved 1048576K
}
Event: 3.907 GC heap after
{Heap after GC invocations=4 (full 0):
 garbage-first heap   total 131072K, used 16152K [0x0000000080000000, 0x0000000100000000)
  region size 1024K, 6 young (6144K), 6 survivors (6144K)
 Metaspace       used 17473K, capacity 17856K, committed 18048K, reserved 1064960K
  class space    used 1984K, capacity 2116K, committed 2176K, reserved 1048576K
}
Event: 4.313 GC heap before
{Heap before GC invocations=4 (full 0):
 garbage-first heap   total 131072K, used 46872K [0x0000000080000000, 0x0000000100000000)
  region size 1024K, 37 young (37888K), 6 survivors (6144K)
 Metaspace       used 20794K, capacity 21218K, committed 21296K, reserved 1069056K
  class space    used 2506K, capacity 2665K, committed 2688K, reserved 1048576K
}
Event: 4.325 GC heap after
{Heap after GC invocations=5 (full 0):
 garbage-first heap   total 131072K, used 17961K [0x0000000080000000, 0x0000000100000000)
  region size 1024K, 2 young (2048K), 2 survivors (2048K)
 Metaspace       used 20794K, capacity 21218K, committed 21296K, reserved 1069056K
  class space    used 2506K, capacity 2665K, committed 2688K, reserved 1048576K
}
Event: 5.175 GC heap before
{Heap before GC invocations=6 (full 0):
 garbage-first heap   total 131072K, used 71209K [0x0000000080000000, 0x0000000100000000)
  region size 1024K, 54 young (55296K), 2 survivors (2048K)
 Metaspace       used 26258K, capacity 26898K, committed 27132K, reserved 1073152K
  class space    used 3398K, capacity 3630K, committed 3660K, reserved 1048576K
}
Event: 5.186 GC heap after
{Heap after GC invocations=7 (full 0):
 garbage-first heap   total 157696K, used 19657K [0x0000000080000000, 0x0000000100000000)
  region size 1024K, 4 young (4096K), 4 survivors (4096K)
 Metaspace       used 26258K, capacity 26898K, committed 27132K, reserved 1073152K
  class space    used 3398K, capacity 3630K, committed 3660K, reserved 1048576K
}
Event: 6.272 GC heap before
{Heap before GC invocations=7 (full 0):
 garbage-first heap   total 157696K, used 113865K [0x0000000080000000, 0x0000000100000000)
  region size 1024K, 77 young (78848K), 4 survivors (4096K)
 Metaspace       used 32344K, capacity 33241K, committed 33404K, reserved 1077248K
  class space    used 4355K, capacity 4721K, committed 4812K, reserved 1048576K
}
Event: 6.282 GC heap after
{Heap after GC invocations=8 (full 0):
 garbage-first heap   total 157696K, used 45680K [0x0000000080000000, 0x0000000100000000)
  region size 1024K, 10 young (10240K), 10 survivors (10240K)
 Metaspace       used 32344K, capacity 33241K, committed 33404K, reserved 1077248K
  class space    used 4355K, capacity 4721K, committed 4812K, reserved 1048576K
}
Event: 6.632 GC heap before
{Heap before GC invocations=8 (full 0):
 garbage-first heap   total 157696K, used 60016K [0x0000000080000000, 0x0000000100000000)
  region size 1024K, 25 young (25600K), 10 survivors (10240K)
 Metaspace       used 34960K, capacity 35963K, committed 36048K, reserved 1081344K
  class space    used 4672K, capacity 5075K, committed 5152K, reserved 1048576K
}
Event: 6.656 GC heap after
{Heap after GC invocations=9 (full 0):
 garbage-first heap   total 157696K, used 47488K [0x0000000080000000, 0x0000000100000000)
  region size 1024K, 2 young (2048K), 2 survivors (2048K)
 Metaspace       used 34960K, capacity 35963K, committed 36048K, reserved 1081344K
  class space    used 4672K, capacity 5075K, committed 5152K, reserved 1048576K
}
Event: 7.733 GC heap before
{Heap before GC invocations=10 (full 0):
 garbage-first heap   total 157696K, used 106880K [0x0000000080000000, 0x0000000100000000)
  region size 1024K, 58 young (59392K), 2 survivors (2048K)
 Metaspace       used 42413K, capacity 43552K, committed 43600K, reserved 1087488K
  class space    used 5378K, capacity 5787K, committed 5792K, reserved 1048576K
}
Event: 7.748 GC heap after
{Heap after GC invocations=11 (full 0):
 garbage-first heap   total 157696K, used 52093K [0x0000000080000000, 0x0000000100000000)
  region size 1024K, 7 young (7168K), 7 survivors (7168K)
 Metaspace       used 42413K, capacity 43552K, committed 43600K, reserved 1087488K
  class space    used 5378K, capacity 5787K, committed 5792K, reserved 1048576K
}
Event: 8.706 GC heap before
{Heap before GC invocations=12 (full 0):
 garbage-first heap   total 157696K, used 121725K [0x0000000080000000, 0x0000000100000000)
  region size 1024K, 63 young (64512K), 7 survivors (7168K)
 Metaspace       used 46648K, capacity 47877K, committed 48080K, reserved 1091584K
  class space    used 5867K, capacity 6347K, committed 6432K, reserved 1048576K
}

