# JRE version: OpenJDK Runtime Environment (11.0.13) (build 11.0.13+0-b1751.21-8125866)
# Java VM: OpenJDK 64-Bit Server VM (11.0.13+0-b1751.21-8125866, mixed mode, tiered, compressed oops, g1 gc, windows-amd64)
Heap:
 garbage-first heap   total 131072K, used 85522K [0x0000000080000000, 0x0000000100000000)
  region size 1024K, 4 young (4096K), 2 survivors (2048K)
 Metaspace       used 49879K, capacity 51372K, committed 51408K, reserved 1093632K
  class space    used 6405K, capacity 6931K, committed 6944K, reserved 1048576K
GC Heap History (20 events):
Event: 34.629 GC heap before
{Heap before GC invocations=8 (full 0):
 garbage-first heap   total 131072K, used 78265K [0x0000000080000000, 0x0000000100000000)
  region size 1024K, 36 young (36864K), 8 survivors (8192K)
 Metaspace       used 34993K, capacity 35963K, committed 36048K, reserved 1081344K
  class space    used 4674K, capacity 5075K, committed 5152K, reserved 1048576K
}
Event: 34.639 GC heap after
{Heap after GC invocations=9 (full 0):
 garbage-first heap   total 131072K, used 53175K [0x0000000080000000, 0x0000000100000000)
  region size 1024K, 2 young (2048K), 2 survivors (2048K)
 Metaspace       used 34993K, capacity 35963K, committed 36048K, reserved 1081344K
  class space    used 4674K, capacity 5075K, committed 5152K, reserved 1048576K
}
Event: 35.615 GC heap before
{Heap before GC invocations=10 (full 0):
 garbage-first heap   total 131072K, used 93111K [0x0000000080000000, 0x0000000100000000)
  region size 1024K, 41 young (41984K), 2 survivors (2048K)
 Metaspace       used 40145K, capacity 41218K, committed 41424K, reserved 1085440K
  class space    used 5173K, capacity 5587K, committed 5664K, reserved 1048576K
}
Event: 35.627 GC heap after
{Heap after GC invocations=11 (full 0):
 garbage-first heap   total 131072K, used 56896K [0x0000000080000000, 0x0000000100000000)
  region size 1024K, 6 young (6144K), 6 survivors (6144K)
 Metaspace       used 40145K, capacity 41218K, committed 41424K, reserved 1085440K
  class space    used 5173K, capacity 5587K, committed 5664K, reserved 1048576K
}
Event: 36.644 GC heap before
{Heap before GC invocations=12 (full 0):
 garbage-first heap   total 131072K, used 98880K [0x0000000080000000, 0x0000000100000000)
  region size 1024K, 45 young (46080K), 6 survivors (6144K)
 Metaspace       used 44229K, capacity 45357K, committed 45520K, reserved 1089536K
  class space    used 5651K, capacity 6092K, committed 6176K, reserved 1048576K
}
Event: 36.665 GC heap after
{Heap after GC invocations=13 (full 0):
 garbage-first heap   total 131072K, used 58321K [0x0000000080000000, 0x0000000100000000)
  region size 1024K, 2 young (2048K), 2 survivors (2048K)
 Metaspace       used 44229K, capacity 45357K, committed 45520K, reserved 1089536K
  class space    used 5651K, capacity 6092K, committed 6176K, reserved 1048576K
}
Event: 37.531 GC heap before
{Heap before GC invocations=13 (full 0):
 garbage-first heap   total 131072K, used 64465K [0x0000000080000000, 0x0000000100000000)
  region size 1024K, 9 young (9216K), 2 survivors (2048K)
 Metaspace       used 44573K, capacity 45714K, committed 45776K, reserved 1089536K
  class space    used 5701K, capacity 6118K, committed 6176K, reserved 1048576K
}
Event: 37.537 GC heap after
{Heap after GC invocations=14 (full 0):
 garbage-first heap   total 131072K, used 59461K [0x0000000080000000, 0x0000000100000000)
  region size 1024K, 4 young (4096K), 4 survivors (4096K)
 Metaspace       used 44573K, capacity 45714K, committed 45776K, reserved 1089536K
  class space    used 5701K, capacity 6118K, committed 6176K, reserved 1048576K
}
Event: 37.634 GC heap before
{Heap before GC invocations=15 (full 0):
 garbage-first heap   total 131072K, used 63557K [0x0000000080000000, 0x0000000100000000)
  region size 1024K, 5 young (5120K), 4 survivors (4096K)
 Metaspace       used 44573K, capacity 45714K, committed 45776K, reserved 1089536K
  class space    used 5701K, capacity 6118K, committed 6176K, reserved 1048576K
}
Event: 37.641 GC heap after
{Heap after GC invocations=16 (full 0):
 garbage-first heap   total 131072K, used 64166K [0x0000000080000000, 0x0000000100000000)
  region size 1024K, 2 young (2048K), 2 survivors (2048K)
 Metaspace       used 44573K, capacity 45714K, committed 45776K, reserved 1089536K
  class space    used 5701K, capacity 6118K, committed 6176K, reserved 1048576K
}
Event: 37.735 GC heap before
{Heap before GC invocations=17 (full 0):
 garbage-first heap   total 131072K, used 69286K [0x0000000080000000, 0x0000000100000000)
  region size 1024K, 3 young (3072K), 2 survivors (2048K)
 Metaspace       used 44573K, capacity 45714K, committed 45776K, reserved 1089536K
  class space    used 5701K, capacity 6118K, committed 6176K, reserved 1048576K
}
Event: 37.739 GC heap after
{Heap after GC invocations=18 (full 0):
 garbage-first heap   total 131072K, used 69833K [0x0000000080000000, 0x0000000100000000)
  region size 1024K, 3 young (3072K), 3 survivors (3072K)
 Metaspace       used 44573K, capacity 45714K, committed 45776K, reserved 1089536K
  class space    used 5701K, capacity 6118K, committed 6176K, reserved 1048576K
}
Event: 39.576 GC heap before
{Heap before GC invocations=19 (full 0):
 garbage-first heap   total 131072K, used 86217K [0x0000000080000000, 0x0000000100000000)
  region size 1024K, 18 young (18432K), 3 survivors (3072K)
 Metaspace       used 45292K, capacity 46562K, committed 46672K, reserved 1089536K
  class space    used 5780K, capacity 6249K, committed 6304K, reserved 1048576K
}
Event: 39.595 GC heap after
{Heap after GC invocations=20 (full 0):
 garbage-first heap   total 131072K, used 74921K [0x0000000080000000, 0x0000000100000000)
  region size 1024K, 3 young (3072K), 3 survivors (3072K)
 Metaspace       used 45292K, capacity 46562K, committed 46672K, reserved 1089536K
  class space    used 5780K, capacity 6249K, committed 6304K, reserved 1048576K
}
Event: 40.248 GC heap before
{Heap before GC invocations=21 (full 0):
 garbage-first heap   total 131072K, used 96425K [0x0000000080000000, 0x0000000100000000)
  region size 1024K, 23 young (23552K), 3 survivors (3072K)
 Metaspace       used 46849K, capacity 48129K, committed 48336K, reserved 1091584K
  class space    used 5888K, capacity 6386K, committed 6432K, reserved 1048576K
}
Event: 40.255 GC heap after
{Heap after GC invocations=22 (full 0):
 garbage-first heap   total 131072K, used 76017K [0x0000000080000000, 0x0000000100000000)
  region size 1024K, 2 young (2048K), 2 survivors (2048K)
 Metaspace       used 46849K, capacity 48129K, committed 48336K, reserved 1091584K
  class space    used 5888K, capacity 6386K, committed 6432K, reserved 1048576K
}
Event: 41.694 GC heap before
{Heap before GC invocations=22 (full 0):
 garbage-first heap   total 131072K, used 96497K [0x0000000080000000, 0x0000000100000000)
  region size 1024K, 23 young (23552K), 2 survivors (2048K)
 Metaspace       used 48138K, capacity 49523K, committed 49616K, reserved 1091584K
  class space    used 6097K, capacity 6615K, committed 6688K, reserved 1048576K
}
Event: 41.710 GC heap after
{Heap after GC invocations=23 (full 0):
 garbage-first heap   total 131072K, used 77499K [0x0000000080000000, 0x0000000100000000)
  region size 1024K, 3 young (3072K), 3 survivors (3072K)
 Metaspace       used 48138K, capacity 49523K, committed 49616K, reserved 1091584K
  class space    used 6097K, capacity 6615K, committed 6688K, reserved 1048576K
}
Event: 41.883 GC heap before
{Heap before GC invocations=24 (full 0):
 garbage-first heap   total 131072K, used 81595K [0x0000000080000000, 0x0000000100000000)
  region size 1024K, 8 young (8192K), 3 survivors (3072K)
 Metaspace       used 48482K, capacity 49863K, committed 49872K, reserved 1093632K
  class space    used 6162K, capacity 6686K, committed 6688K, reserved 1048576K
}
Event: 41.892 GC heap after
{Heap after GC invocations=25 (full 0):
 garbage-first heap   total 131072K, used 77747K [0x0000000080000000, 0x0000000100000000)
  region size 1024K, 2 young (2048K), 2 survivors (2048K)
 Metaspace       used 48482K, capacity 49863K, committed 49872K, reserved 1093632K
  class space    used 6162K, capacity 6686K, committed 6688K, reserved 1048576K
}

