# JRE version: OpenJDK Runtime Environment (11.0.13) (build 11.0.13+0-b1751.21-8125866)
# Java VM: OpenJDK 64-Bit Server VM (11.0.13+0-b1751.21-8125866, mixed mode, tiered, compressed oops, g1 gc, windows-amd64)
Heap:
 garbage-first heap   total 328704K, used 150976K [0x0000000080000000, 0x0000000100000000)
  region size 1024K, 7 young (7168K), 7 survivors (7168K)
 Metaspace       used 107937K, capacity 110543K, committed 110672K, reserved 1144832K
  class space    used 13768K, capacity 14725K, committed 14752K, reserved 1048576K
GC Heap History (20 events):
Event: 15.945 GC heap after
{Heap after GC invocations=25 (full 0):
 garbage-first heap   total 189440K, used 107308K [0x0000000080000000, 0x0000000100000000)
  region size 1024K, 2 young (2048K), 2 survivors (2048K)
 Metaspace       used 68462K, capacity 70332K, committed 70480K, reserved 1110016K
  class space    used 8671K, capacity 9344K, committed 9376K, reserved 1048576K
}
Event: 16.513 GC heap before
{Heap before GC invocations=26 (full 0):
 garbage-first heap   total 189440K, used 146220K [0x0000000080000000, 0x0000000100000000)
  region size 1024K, 39 young (39936K), 2 survivors (2048K)
 Metaspace       used 69543K, capacity 71385K, committed 71632K, reserved 1112064K
  class space    used 8839K, capacity 9496K, committed 9504K, reserved 1048576K
}
Event: 16.523 GC heap after
{Heap after GC invocations=27 (full 0):
 garbage-first heap   total 227328K, used 108757K [0x0000000080000000, 0x0000000100000000)
  region size 1024K, 4 young (4096K), 4 survivors (4096K)
 Metaspace       used 69543K, capacity 71385K, committed 71632K, reserved 1112064K
  class space    used 8839K, capacity 9496K, committed 9504K, reserved 1048576K
}
Event: 17.117 GC heap before
{Heap before GC invocations=27 (full 0):
 garbage-first heap   total 227328K, used 162005K [0x0000000080000000, 0x0000000100000000)
  region size 1024K, 56 young (57344K), 4 survivors (4096K)
 Metaspace       used 71700K, capacity 73638K, committed 73808K, reserved 1114112K
  class space    used 9110K, capacity 9820K, committed 9888K, reserved 1048576K
}
Event: 17.133 GC heap after
{Heap after GC invocations=28 (full 0):
 garbage-first heap   total 227328K, used 112428K [0x0000000080000000, 0x0000000100000000)
  region size 1024K, 7 young (7168K), 7 survivors (7168K)
 Metaspace       used 71700K, capacity 73638K, committed 73808K, reserved 1114112K
  class space    used 9110K, capacity 9820K, committed 9888K, reserved 1048576K
}
Event: 18.081 GC heap before
{Heap before GC invocations=29 (full 0):
 garbage-first heap   total 227328K, used 167724K [0x0000000080000000, 0x0000000100000000)
  region size 1024K, 61 young (62464K), 7 survivors (7168K)
 Metaspace       used 75958K, capacity 77966K, committed 78160K, reserved 1116160K
  class space    used 9849K, capacity 10588K, committed 10656K, reserved 1048576K
}
Event: 18.105 GC heap after
{Heap after GC invocations=30 (full 0):
 garbage-first heap   total 227328K, used 116393K [0x0000000080000000, 0x0000000100000000)
  region size 1024K, 8 young (8192K), 8 survivors (8192K)
 Metaspace       used 75958K, capacity 77966K, committed 78160K, reserved 1116160K
  class space    used 9849K, capacity 10588K, committed 10656K, reserved 1048576K
}
Event: 18.652 GC heap before
{Heap before GC invocations=30 (full 0):
 garbage-first heap   total 227328K, used 151209K [0x0000000080000000, 0x0000000100000000)
  region size 1024K, 43 young (44032K), 8 survivors (8192K)
 Metaspace       used 78920K, capacity 80827K, committed 80976K, reserved 1120256K
  class space    used 10137K, capacity 10813K, committed 10912K, reserved 1048576K
}
Event: 18.671 GC heap after
{Heap after GC invocations=31 (full 0):
 garbage-first heap   total 227328K, used 120831K [0x0000000080000000, 0x0000000100000000)
  region size 1024K, 8 young (8192K), 8 survivors (8192K)
 Metaspace       used 78920K, capacity 80827K, committed 80976K, reserved 1120256K
  class space    used 10137K, capacity 10813K, committed 10912K, reserved 1048576K
}
Event: 19.602 GC heap before
{Heap before GC invocations=32 (full 0):
 garbage-first heap   total 227328K, used 177151K [0x0000000080000000, 0x0000000100000000)
  region size 1024K, 62 young (63488K), 8 survivors (8192K)
 Metaspace       used 81730K, capacity 83863K, committed 84048K, reserved 1122304K
  class space    used 10535K, capacity 11300K, committed 11424K, reserved 1048576K
}
Event: 19.627 GC heap after
{Heap after GC invocations=33 (full 0):
 garbage-first heap   total 273408K, used 125126K [0x0000000080000000, 0x0000000100000000)
  region size 1024K, 4 young (4096K), 4 survivors (4096K)
 Metaspace       used 81730K, capacity 83863K, committed 84048K, reserved 1122304K
  class space    used 10535K, capacity 11300K, committed 11424K, reserved 1048576K
}
Event: 20.496 GC heap before
{Heap before GC invocations=33 (full 0):
 garbage-first heap   total 273408K, used 198854K [0x0000000080000000, 0x0000000100000000)
  region size 1024K, 76 young (77824K), 4 survivors (4096K)
 Metaspace       used 85626K, capacity 87970K, committed 88272K, reserved 1126400K
  class space    used 11090K, capacity 11945K, committed 12064K, reserved 1048576K
}
Event: 20.506 GC heap after
{Heap after GC invocations=34 (full 0):
 garbage-first heap   total 273408K, used 126988K [0x0000000080000000, 0x0000000100000000)
  region size 1024K, 6 young (6144K), 6 survivors (6144K)
 Metaspace       used 85626K, capacity 87970K, committed 88272K, reserved 1126400K
  class space    used 11090K, capacity 11945K, committed 12064K, reserved 1048576K
}
Event: 21.722 GC heap before
{Heap before GC invocations=34 (full 0):
 garbage-first heap   total 273408K, used 220172K [0x0000000080000000, 0x0000000100000000)
  region size 1024K, 97 young (99328K), 6 survivors (6144K)
 Metaspace       used 90757K, capacity 93064K, committed 93264K, reserved 1130496K
  class space    used 11747K, capacity 12584K, committed 12704K, reserved 1048576K
}
Event: 21.741 GC heap after
{Heap after GC invocations=35 (full 0):
 garbage-first heap   total 273408K, used 132584K [0x0000000080000000, 0x0000000100000000)
  region size 1024K, 11 young (11264K), 11 survivors (11264K)
 Metaspace       used 90757K, capacity 93064K, committed 93264K, reserved 1130496K
  class space    used 11747K, capacity 12584K, committed 12704K, reserved 1048576K
}
Event: 23.136 GC heap before
{Heap before GC invocations=35 (full 0):
 garbage-first heap   total 273408K, used 219624K [0x0000000080000000, 0x0000000100000000)
  region size 1024K, 96 young (98304K), 11 survivors (11264K)
 Metaspace       used 100756K, capacity 103256K, committed 103504K, reserved 1138688K
  class space    used 12982K, capacity 13873K, committed 13984K, reserved 1048576K
}
Event: 23.161 GC heap after
{Heap after GC invocations=36 (full 0):
 garbage-first heap   total 273408K, used 136809K [0x0000000080000000, 0x0000000100000000)
  region size 1024K, 10 young (10240K), 10 survivors (10240K)
 Metaspace       used 100756K, capacity 103256K, committed 103504K, reserved 1138688K
  class space    used 12982K, capacity 13873K, committed 13984K, reserved 1048576K
}
Event: 26.430 GC heap before
{Heap before GC invocations=36 (full 0):
 garbage-first heap   total 273408K, used 222825K [0x0000000080000000, 0x0000000100000000)
  region size 1024K, 95 young (97280K), 10 survivors (10240K)
 Metaspace       used 107113K, capacity 109762K, committed 109904K, reserved 1144832K
  class space    used 13724K, capacity 14686K, committed 14752K, reserved 1048576K
}
Event: 26.463 GC heap after
{Heap after GC invocations=37 (full 0):
 garbage-first heap   total 273408K, used 144719K [0x0000000080000000, 0x0000000100000000)
  region size 1024K, 12 young (12288K), 12 survivors (12288K)
 Metaspace       used 107113K, capacity 109762K, committed 109904K, reserved 1144832K
  class space    used 13724K, capacity 14686K, committed 14752K, reserved 1048576K
}
Event: 27.697 GC heap before
{Heap before GC invocations=38 (full 0):
 garbage-first heap   total 273408K, used 222543K [0x0000000080000000, 0x0000000100000000)
  region size 1024K, 89 young (91136K), 12 survivors (12288K)
 Metaspace       used 107937K, capacity 110543K, committed 110672K, reserved 1144832K
  class space    used 13768K, capacity 14725K, committed 14752K, reserved 1048576K
}

