# JRE version: OpenJDK Runtime Environment (11.0.13) (build 11.0.13+0-b1751.21-8125866)
# Java VM: OpenJDK 64-Bit Server VM (11.0.13+0-b1751.21-8125866, mixed mode, tiered, compressed oops, g1 gc, windows-amd64)
Heap:
 garbage-first heap   total 131072K, used 49606K [0x0000000080000000, 0x0000000100000000)
  region size 1024K, 34 young (34816K), 4 survivors (4096K)
 Metaspace       used 28535K, capacity 29183K, committed 29360K, reserved 1075200K
  class space    used 3747K, capacity 4024K, committed 4096K, reserved 1048576K
GC Heap History (8 events):
Event: 0.976 GC heap before
{Heap before GC invocations=0 (full 0):
 garbage-first heap   total 131072K, used 17408K [0x0000000080000000, 0x0000000100000000)
  region size 1024K, 14 young (14336K), 0 survivors (0K)
 Metaspace       used 6742K, capacity 6929K, committed 7168K, reserved 1056768K
  class space    used 573K, capacity 650K, committed 768K, reserved 1048576K
}
Event: 0.983 GC heap after
{Heap after GC invocations=1 (full 0):
 garbage-first heap   total 131072K, used 8399K [0x0000000080000000, 0x0000000100000000)
  region size 1024K, 2 young (2048K), 2 survivors (2048K)
 Metaspace       used 6742K, capacity 6929K, committed 7168K, reserved 1056768K
  class space    used 573K, capacity 650K, committed 768K, reserved 1048576K
}
Event: 4.574 GC heap before
{Heap before GC invocations=1 (full 0):
 garbage-first heap   total 131072K, used 84175K [0x0000000080000000, 0x0000000100000000)
  region size 1024K, 76 young (77824K), 2 survivors (2048K)
 Metaspace       used 15232K, capacity 15529K, committed 15744K, reserved 1062912K
  class space    used 1711K, capacity 1798K, committed 1920K, reserved 1048576K
}
Event: 4.595 GC heap after
{Heap after GC invocations=2 (full 0):
 garbage-first heap   total 131072K, used 16403K [0x0000000080000000, 0x0000000100000000)
  region size 1024K, 10 young (10240K), 10 survivors (10240K)
 Metaspace       used 15232K, capacity 15529K, committed 15744K, reserved 1062912K
  class space    used 1711K, capacity 1798K, committed 1920K, reserved 1048576K
}
Event: 7.113 GC heap before
{Heap before GC invocations=2 (full 0):
 garbage-first heap   total 131072K, used 51219K [0x0000000080000000, 0x0000000100000000)
  region size 1024K, 45 young (46080K), 10 survivors (10240K)
 Metaspace       used 20822K, capacity 21231K, committed 21296K, reserved 1069056K
  class space    used 2498K, capacity 2685K, committed 2688K, reserved 1048576K
}
Event: 7.130 GC heap after
{Heap after GC invocations=3 (full 0):
 garbage-first heap   total 131072K, used 18380K [0x0000000080000000, 0x0000000100000000)
  region size 1024K, 3 young (3072K), 3 survivors (3072K)
 Metaspace       used 20822K, capacity 21231K, committed 21296K, reserved 1069056K
  class space    used 2498K, capacity 2685K, committed 2688K, reserved 1048576K
}
Event: 8.126 GC heap before
{Heap before GC invocations=4 (full 0):
 garbage-first heap   total 131072K, used 74700K [0x0000000080000000, 0x0000000100000000)
  region size 1024K, 58 young (59392K), 3 survivors (3072K)
 Metaspace       used 25682K, capacity 26270K, committed 26544K, reserved 1073152K
  class space    used 3300K, capacity 3515K, committed 3584K, reserved 1048576K
}
Event: 8.138 GC heap after
{Heap after GC invocations=5 (full 0):
 garbage-first heap   total 131072K, used 19910K [0x0000000080000000, 0x0000000100000000)
  region size 1024K, 4 young (4096K), 4 survivors (4096K)
 Metaspace       used 25682K, capacity 26270K, committed 26544K, reserved 1073152K
  class space    used 3300K, capacity 3515K, committed 3584K, reserved 1048576K
}

