# JRE version: OpenJDK Runtime Environment (11.0.13) (build 11.0.13+0-b1751.21-8125866)
# Java VM: OpenJDK 64-Bit Server VM (11.0.13+0-b1751.21-8125866, mixed mode, tiered, compressed oops, g1 gc, windows-amd64)
Heap:
 garbage-first heap   total 712704K, used 246002K [0x0000000080000000, 0x0000000100000000)
  region size 1024K, 2 young (2048K), 2 survivors (2048K)
 Metaspace       used 134010K, capacity 137173K, committed 138880K, reserved 1169408K
  class space    used 16195K, capacity 17384K, committed 18048K, reserved 1048576K
GC Heap History (20 events):
Event: 2357.429 GC heap after
{Heap after GC invocations=56 (full 0):
 garbage-first heap   total 279552K, used 234496K [0x0000000080000000, 0x0000000100000000)
  region size 1024K, 2 young (2048K), 2 survivors (2048K)
 Metaspace       used 134238K, capacity 137949K, committed 138240K, reserved 1169408K
  class space    used 16447K, capacity 17848K, committed 17920K, reserved 1048576K
}
Event: 2357.550 GC heap before
{Heap before GC invocations=56 (full 0):
 garbage-first heap   total 279552K, used 245760K [0x0000000080000000, 0x0000000100000000)
  region size 1024K, 13 young (13312K), 2 survivors (2048K)
 Metaspace       used 134239K, capacity 137949K, committed 138240K, reserved 1169408K
  class space    used 16447K, capacity 17848K, committed 17920K, reserved 1048576K
}
Event: 2357.572 GC heap after
{Heap after GC invocations=57 (full 0):
 garbage-first heap   total 279552K, used 239051K [0x0000000080000000, 0x0000000100000000)
  region size 1024K, 2 young (2048K), 2 survivors (2048K)
 Metaspace       used 134239K, capacity 137949K, committed 138240K, reserved 1169408K
  class space    used 16447K, capacity 17848K, committed 17920K, reserved 1048576K
}
Event: 2357.750 GC heap before
{Heap before GC invocations=57 (full 0):
 garbage-first heap   total 279552K, used 221643K [0x0000000080000000, 0x0000000100000000)
  region size 1024K, 13 young (13312K), 2 survivors (2048K)
 Metaspace       used 133178K, capacity 136271K, committed 138240K, reserved 1169408K
  class space    used 16113K, capacity 17237K, committed 17920K, reserved 1048576K
}
Event: 2357.775 GC heap after
{Heap after GC invocations=58 (full 0):
 garbage-first heap   total 279552K, used 214343K [0x0000000080000000, 0x0000000100000000)
  region size 1024K, 2 young (2048K), 2 survivors (2048K)
 Metaspace       used 133178K, capacity 136271K, committed 138240K, reserved 1169408K
  class space    used 16113K, capacity 17237K, committed 17920K, reserved 1048576K
}
Event: 2357.941 GC heap before
{Heap before GC invocations=59 (full 0):
 garbage-first heap   total 279552K, used 232775K [0x0000000080000000, 0x0000000100000000)
  region size 1024K, 21 young (21504K), 2 survivors (2048K)
 Metaspace       used 133179K, capacity 136271K, committed 138240K, reserved 1169408K
  class space    used 16113K, capacity 17237K, committed 17920K, reserved 1048576K
}
Event: 2357.969 GC heap after
{Heap after GC invocations=60 (full 0):
 garbage-first heap   total 279552K, used 221362K [0x0000000080000000, 0x0000000100000000)
  region size 1024K, 3 young (3072K), 3 survivors (3072K)
 Metaspace       used 133179K, capacity 136271K, committed 138240K, reserved 1169408K
  class space    used 16113K, capacity 17237K, committed 17920K, reserved 1048576K
}
Event: 2358.043 GC heap before
{Heap before GC invocations=60 (full 0):
 garbage-first heap   total 279552K, used 231602K [0x0000000080000000, 0x0000000100000000)
  region size 1024K, 13 young (13312K), 3 survivors (3072K)
 Metaspace       used 133326K, capacity 136361K, committed 138240K, reserved 1169408K
  class space    used 16127K, capacity 17247K, committed 17920K, reserved 1048576K
}
Event: 2358.068 GC heap after
{Heap after GC invocations=61 (full 0):
 garbage-first heap   total 279552K, used 196895K [0x0000000080000000, 0x0000000100000000)
  region size 1024K, 2 young (2048K), 2 survivors (2048K)
 Metaspace       used 133326K, capacity 136361K, committed 138240K, reserved 1169408K
  class space    used 16127K, capacity 17247K, committed 17920K, reserved 1048576K
}
Event: 2358.233 GC heap before
{Heap before GC invocations=61 (full 0):
 garbage-first heap   total 279552K, used 208159K [0x0000000080000000, 0x0000000100000000)
  region size 1024K, 13 young (13312K), 2 survivors (2048K)
 Metaspace       used 133485K, capacity 136575K, committed 138496K, reserved 1169408K
  class space    used 16135K, capacity 17253K, committed 17920K, reserved 1048576K
}
Event: 2358.309 GC heap after
{Heap after GC invocations=62 (full 0):
 garbage-first heap   total 279552K, used 183524K [0x0000000080000000, 0x0000000100000000)
  region size 1024K, 2 young (2048K), 2 survivors (2048K)
 Metaspace       used 133485K, capacity 136575K, committed 138496K, reserved 1169408K
  class space    used 16135K, capacity 17253K, committed 17920K, reserved 1048576K
}
Event: 2358.388 GC heap before
{Heap before GC invocations=62 (full 0):
 garbage-first heap   total 279552K, used 194788K [0x0000000080000000, 0x0000000100000000)
  region size 1024K, 13 young (13312K), 2 survivors (2048K)
 Metaspace       used 133508K, capacity 136578K, committed 138496K, reserved 1169408K
  class space    used 16135K, capacity 17253K, committed 17920K, reserved 1048576K
}
Event: 2358.420 GC heap after
{Heap after GC invocations=63 (full 0):
 garbage-first heap   total 348160K, used 186880K [0x0000000080000000, 0x0000000100000000)
  region size 1024K, 2 young (2048K), 2 survivors (2048K)
 Metaspace       used 133508K, capacity 136578K, committed 138496K, reserved 1169408K
  class space    used 16135K, capacity 17253K, committed 17920K, reserved 1048576K
}
Event: 2358.806 GC heap before
{Heap before GC invocations=63 (full 0):
 garbage-first heap   total 348160K, used 244224K [0x0000000080000000, 0x0000000100000000)
  region size 1024K, 58 young (59392K), 2 survivors (2048K)
 Metaspace       used 133542K, capacity 136584K, committed 138496K, reserved 1169408K
  class space    used 16136K, capacity 17254K, committed 17920K, reserved 1048576K
}
Event: 2358.872 GC heap after
{Heap after GC invocations=64 (full 0):
 garbage-first heap   total 348160K, used 215916K [0x0000000080000000, 0x0000000100000000)
  region size 1024K, 8 young (8192K), 8 survivors (8192K)
 Metaspace       used 133542K, capacity 136584K, committed 138496K, reserved 1169408K
  class space    used 16136K, capacity 17254K, committed 17920K, reserved 1048576K
}
Event: 2359.094 GC heap before
{Heap before GC invocations=64 (full 0):
 garbage-first heap   total 348160K, used 259948K [0x0000000080000000, 0x0000000100000000)
  region size 1024K, 51 young (52224K), 8 survivors (8192K)
 Metaspace       used 133642K, capacity 136729K, committed 138496K, reserved 1169408K
  class space    used 16152K, capacity 17302K, committed 17920K, reserved 1048576K
}
Event: 2359.150 GC heap after
{Heap after GC invocations=65 (full 0):
 garbage-first heap   total 348160K, used 236032K [0x0000000080000000, 0x0000000100000000)
  region size 1024K, 7 young (7168K), 7 survivors (7168K)
 Metaspace       used 133642K, capacity 136729K, committed 138496K, reserved 1169408K
  class space    used 16152K, capacity 17302K, committed 17920K, reserved 1048576K
}
Event: 2359.346 GC heap before
{Heap before GC invocations=65 (full 0):
 garbage-first heap   total 348160K, used 269824K [0x0000000080000000, 0x0000000100000000)
  region size 1024K, 41 young (41984K), 7 survivors (7168K)
 Metaspace       used 133820K, capacity 136974K, committed 138752K, reserved 1169408K
  class space    used 16176K, capacity 17340K, committed 17920K, reserved 1048576K
}
Event: 2359.375 GC heap after
{Heap after GC invocations=66 (full 0):
 garbage-first heap   total 348160K, used 243712K [0x0000000080000000, 0x0000000100000000)
  region size 1024K, 6 young (6144K), 6 survivors (6144K)
 Metaspace       used 133820K, capacity 136974K, committed 138752K, reserved 1169408K
  class space    used 16176K, capacity 17340K, committed 17920K, reserved 1048576K
}
Event: 2359.863 GC heap before
{Heap before GC invocations=66 (full 0):
 garbage-first heap   total 348160K, used 276480K [0x0000000080000000, 0x0000000100000000)
  region size 1024K, 39 young (39936K), 6 survivors (6144K)
 Metaspace       used 134010K, capacity 137173K, committed 138880K, reserved 1169408K
  class space    used 16195K, capacity 17384K, committed 18048K, reserved 1048576K
}

