# JRE version: OpenJDK Runtime Environment (11.0.13) (build 11.0.13+0-b1751.21-8125866)
# Java VM: OpenJDK 64-Bit Server VM (11.0.13+0-b1751.21-8125866, mixed mode, tiered, compressed oops, g1 gc, windows-amd64)
Heap:
 garbage-first heap   total 189440K, used 60667K [0x0000000080000000, 0x0000000100000000)
  region size 1024K, 18 young (18432K), 8 survivors (8192K)
 Metaspace       used 66348K, capacity 67848K, committed 68188K, reserved 1107968K
  class space    used 8331K, capacity 8887K, committed 8992K, reserved 1048576K
GC Heap History (20 events):
Event: 1.131 GC heap before
{Heap before GC invocations=1 (full 0):
 garbage-first heap   total 131072K, used 19103K [0x0000000080000000, 0x0000000100000000)
  region size 1024K, 13 young (13312K), 2 survivors (2048K)
 Metaspace       used 9871K, capacity 10122K, committed 10368K, reserved 1058816K
  class space    used 1011K, capacity 1102K, committed 1152K, reserved 1048576K
}
Event: 1.137 GC heap after
{Heap after GC invocations=2 (full 0):
 garbage-first heap   total 131072K, used 9507K [0x0000000080000000, 0x0000000100000000)
  region size 1024K, 2 young (2048K), 2 survivors (2048K)
 Metaspace       used 9871K, capacity 10122K, committed 10368K, reserved 1058816K
  class space    used 1011K, capacity 1102K, committed 1152K, reserved 1048576K
}
Event: 1.802 GC heap before
{Heap before GC invocations=2 (full 0):
 garbage-first heap   total 131072K, used 39203K [0x0000000080000000, 0x0000000100000000)
  region size 1024K, 30 young (30720K), 2 survivors (2048K)
 Metaspace       used 10860K, capacity 11077K, committed 11264K, reserved 1058816K
  class space    used 1112K, capacity 1207K, committed 1280K, reserved 1048576K
}
Event: 1.807 GC heap after
{Heap after GC invocations=3 (full 0):
 garbage-first heap   total 131072K, used 12429K [0x0000000080000000, 0x0000000100000000)
  region size 1024K, 4 young (4096K), 4 survivors (4096K)
 Metaspace       used 10860K, capacity 11077K, committed 11264K, reserved 1058816K
  class space    used 1112K, capacity 1207K, committed 1280K, reserved 1048576K
}
Event: 5.128 GC heap before
{Heap before GC invocations=3 (full 0):
 garbage-first heap   total 131072K, used 53389K [0x0000000080000000, 0x0000000100000000)
  region size 1024K, 45 young (46080K), 4 survivors (4096K)
 Metaspace       used 17432K, capacity 17815K, committed 18048K, reserved 1064960K
  class space    used 2010K, capacity 2113K, committed 2176K, reserved 1048576K
}
Event: 5.165 GC heap after
{Heap after GC invocations=4 (full 0):
 garbage-first heap   total 131072K, used 16276K [0x0000000080000000, 0x0000000100000000)
  region size 1024K, 6 young (6144K), 6 survivors (6144K)
 Metaspace       used 17432K, capacity 17815K, committed 18048K, reserved 1064960K
  class space    used 2010K, capacity 2113K, committed 2176K, reserved 1048576K
}
Event: 5.754 GC heap before
{Heap before GC invocations=4 (full 0):
 garbage-first heap   total 131072K, used 48020K [0x0000000080000000, 0x0000000100000000)
  region size 1024K, 38 young (38912K), 6 survivors (6144K)
 Metaspace       used 20790K, capacity 21189K, committed 21296K, reserved 1069056K
  class space    used 2524K, capacity 2684K, committed 2688K, reserved 1048576K
}
Event: 5.761 GC heap after
{Heap after GC invocations=5 (full 0):
 garbage-first heap   total 157696K, used 17461K [0x0000000080000000, 0x0000000100000000)
  region size 1024K, 6 young (6144K), 6 survivors (6144K)
 Metaspace       used 20790K, capacity 21189K, committed 21296K, reserved 1069056K
  class space    used 2524K, capacity 2684K, committed 2688K, reserved 1048576K
}
Event: 7.424 GC heap before
{Heap before GC invocations=6 (full 0):
 garbage-first heap   total 157696K, used 72757K [0x0000000080000000, 0x0000000100000000)
  region size 1024K, 60 young (61440K), 6 survivors (6144K)
 Metaspace       used 26704K, capacity 27315K, committed 27516K, reserved 1073152K
  class space    used 3446K, capacity 3672K, committed 3788K, reserved 1048576K
}
Event: 7.440 GC heap after
{Heap after GC invocations=7 (full 0):
 garbage-first heap   total 157696K, used 19379K [0x0000000080000000, 0x0000000100000000)
  region size 1024K, 4 young (4096K), 4 survivors (4096K)
 Metaspace       used 26704K, capacity 27315K, committed 27516K, reserved 1073152K
  class space    used 3446K, capacity 3672K, committed 3788K, reserved 1048576K
}
Event: 9.474 GC heap before
{Heap before GC invocations=7 (full 0):
 garbage-first heap   total 157696K, used 77747K [0x0000000080000000, 0x0000000100000000)
  region size 1024K, 62 young (63488K), 4 survivors (4096K)
 Metaspace       used 35166K, capacity 35956K, committed 36048K, reserved 1081344K
  class space    used 4506K, capacity 4831K, committed 4896K, reserved 1048576K
}
Event: 9.490 GC heap after
{Heap after GC invocations=8 (full 0):
 garbage-first heap   total 157696K, used 22730K [0x0000000080000000, 0x0000000100000000)
  region size 1024K, 7 young (7168K), 7 survivors (7168K)
 Metaspace       used 35166K, capacity 35956K, committed 36048K, reserved 1081344K
  class space    used 4506K, capacity 4831K, committed 4896K, reserved 1048576K
}
Event: 11.265 GC heap before
{Heap before GC invocations=9 (full 0):
 garbage-first heap   total 157696K, used 110794K [0x0000000080000000, 0x0000000100000000)
  region size 1024K, 90 young (92160K), 7 survivors (7168K)
 Metaspace       used 42038K, capacity 43050K, committed 43344K, reserved 1087488K
  class space    used 5341K, capacity 5731K, committed 5792K, reserved 1048576K
}
Event: 11.295 GC heap after
{Heap after GC invocations=10 (full 0):
 garbage-first heap   total 157696K, used 28808K [0x0000000080000000, 0x0000000100000000)
  region size 1024K, 12 young (12288K), 12 survivors (12288K)
 Metaspace       used 42038K, capacity 43050K, committed 43344K, reserved 1087488K
  class space    used 5341K, capacity 5731K, committed 5792K, reserved 1048576K
}
Event: 12.846 GC heap before
{Heap before GC invocations=10 (full 0):
 garbage-first heap   total 157696K, used 111752K [0x0000000080000000, 0x0000000100000000)
  region size 1024K, 92 young (94208K), 12 survivors (12288K)
 Metaspace       used 48181K, capacity 49375K, committed 49488K, reserved 1091584K
  class space    used 6087K, capacity 6518K, committed 6560K, reserved 1048576K
}
Event: 12.870 GC heap after
{Heap after GC invocations=11 (full 0):
 garbage-first heap   total 157696K, used 31471K [0x0000000080000000, 0x0000000100000000)
  region size 1024K, 9 young (9216K), 9 survivors (9216K)
 Metaspace       used 48181K, capacity 49375K, committed 49488K, reserved 1091584K
  class space    used 6087K, capacity 6518K, committed 6560K, reserved 1048576K
}
Event: 14.724 GC heap before
{Heap before GC invocations=11 (full 0):
 garbage-first heap   total 157696K, used 120559K [0x0000000080000000, 0x0000000100000000)
  region size 1024K, 92 young (94208K), 9 survivors (9216K)
 Metaspace       used 57211K, capacity 58703K, committed 58832K, reserved 1099776K
  class space    used 7128K, capacity 7692K, committed 7712K, reserved 1048576K
}
Event: 14.747 GC heap after
{Heap after GC invocations=12 (full 0):
 garbage-first heap   total 189440K, used 44442K [0x0000000080000000, 0x0000000100000000)
  region size 1024K, 12 young (12288K), 12 survivors (12288K)
 Metaspace       used 57211K, capacity 58703K, committed 58832K, reserved 1099776K
  class space    used 7128K, capacity 7692K, committed 7712K, reserved 1048576K
}
Event: 15.111 GC heap before
{Heap before GC invocations=12 (full 0):
 garbage-first heap   total 189440K, used 58778K [0x0000000080000000, 0x0000000100000000)
  region size 1024K, 27 young (27648K), 12 survivors (12288K)
 Metaspace       used 59029K, capacity 60428K, committed 60508K, reserved 1101824K
  class space    used 7380K, capacity 7923K, committed 7968K, reserved 1048576K
}
Event: 15.133 GC heap after
{Heap after GC invocations=13 (full 0):
 garbage-first heap   total 189440K, used 45225K [0x0000000080000000, 0x0000000100000000)
  region size 1024K, 2 young (2048K), 2 survivors (2048K)
 Metaspace       used 59029K, capacity 60428K, committed 60508K, reserved 1101824K
  class space    used 7380K, capacity 7923K, committed 7968K, reserved 1048576K
}

