# JRE version: OpenJDK Runtime Environment (11.0.13) (build 11.0.13+0-b1751.21-8125866)
# Java VM: OpenJDK 64-Bit Server VM (11.0.13+0-b1751.21-8125866, mixed mode, tiered, compressed oops, g1 gc, windows-amd64)
Heap:
 garbage-first heap   total 164864K, used 75131K [0x0000000080000000, 0x0000000100000000)
  region size 1024K, 11 young (11264K), 10 survivors (10240K)
 Metaspace       used 45840K, capacity 47085K, committed 47408K, reserved 1095680K
  class space    used 5727K, capacity 6190K, committed 6272K, reserved 1048576K
GC Heap History (16 events):
Event: 0.686 GC heap before
{Heap before GC invocations=0 (full 0):
 garbage-first heap   total 131072K, used 17408K [0x0000000080000000, 0x0000000100000000)
  region size 1024K, 14 young (14336K), 0 survivors (0K)
 Metaspace       used 6732K, capacity 6925K, committed 7168K, reserved 1056768K
  class space    used 572K, capacity 650K, committed 768K, reserved 1048576K
}
Event: 0.692 GC heap after
{Heap after GC invocations=1 (full 0):
 garbage-first heap   total 131072K, used 4274K [0x0000000080000000, 0x0000000100000000)
  region size 1024K, 2 young (2048K), 2 survivors (2048K)
 Metaspace       used 6732K, capacity 6925K, committed 7168K, reserved 1056768K
  class space    used 572K, capacity 650K, committed 768K, reserved 1048576K
}
Event: 1.142 GC heap before
{Heap before GC invocations=1 (full 0):
 garbage-first heap   total 131072K, used 19634K [0x0000000080000000, 0x0000000100000000)
  region size 1024K, 14 young (14336K), 2 survivors (2048K)
 Metaspace       used 9879K, capacity 10118K, committed 10368K, reserved 1058816K
  class space    used 1011K, capacity 1102K, committed 1152K, reserved 1048576K
}
Event: 1.149 GC heap after
{Heap after GC invocations=2 (full 0):
 garbage-first heap   total 131072K, used 9184K [0x0000000080000000, 0x0000000100000000)
  region size 1024K, 2 young (2048K), 2 survivors (2048K)
 Metaspace       used 9879K, capacity 10118K, committed 10368K, reserved 1058816K
  class space    used 1011K, capacity 1102K, committed 1152K, reserved 1048576K
}
Event: 1.809 GC heap before
{Heap before GC invocations=2 (full 0):
 garbage-first heap   total 131072K, used 37856K [0x0000000080000000, 0x0000000100000000)
  region size 1024K, 30 young (30720K), 2 survivors (2048K)
 Metaspace       used 10858K, capacity 11073K, committed 11264K, reserved 1058816K
  class space    used 1112K, capacity 1207K, committed 1280K, reserved 1048576K
}
Event: 1.814 GC heap after
{Heap after GC invocations=3 (full 0):
 garbage-first heap   total 131072K, used 12743K [0x0000000080000000, 0x0000000100000000)
  region size 1024K, 4 young (4096K), 4 survivors (4096K)
 Metaspace       used 10858K, capacity 11073K, committed 11264K, reserved 1058816K
  class space    used 1112K, capacity 1207K, committed 1280K, reserved 1048576K
}
Event: 4.923 GC heap before
{Heap before GC invocations=3 (full 0):
 garbage-first heap   total 131072K, used 53703K [0x0000000080000000, 0x0000000100000000)
  region size 1024K, 45 young (46080K), 4 survivors (4096K)
 Metaspace       used 17871K, capacity 18276K, committed 18432K, reserved 1064960K
  class space    used 2070K, capacity 2194K, committed 2304K, reserved 1048576K
}
Event: 4.999 GC heap after
{Heap after GC invocations=4 (full 0):
 garbage-first heap   total 131072K, used 17144K [0x0000000080000000, 0x0000000100000000)
  region size 1024K, 6 young (6144K), 6 survivors (6144K)
 Metaspace       used 17871K, capacity 18276K, committed 18432K, reserved 1064960K
  class space    used 2070K, capacity 2194K, committed 2304K, reserved 1048576K
}
Event: 5.967 GC heap before
{Heap before GC invocations=4 (full 0):
 garbage-first heap   total 131072K, used 43768K [0x0000000080000000, 0x0000000100000000)
  region size 1024K, 33 young (33792K), 6 survivors (6144K)
 Metaspace       used 20720K, capacity 21152K, committed 21296K, reserved 1069056K
  class space    used 2510K, capacity 2663K, committed 2688K, reserved 1048576K
}
Event: 5.980 GC heap after
{Heap after GC invocations=5 (full 0):
 garbage-first heap   total 164864K, used 18485K [0x0000000080000000, 0x0000000100000000)
  region size 1024K, 6 young (6144K), 6 survivors (6144K)
 Metaspace       used 20720K, capacity 21152K, committed 21296K, reserved 1069056K
  class space    used 2510K, capacity 2663K, committed 2688K, reserved 1048576K
}
Event: 9.197 GC heap before
{Heap before GC invocations=6 (full 0):
 garbage-first heap   total 164864K, used 92213K [0x0000000080000000, 0x0000000100000000)
  region size 1024K, 66 young (67584K), 6 survivors (6144K)
 Metaspace       used 27068K, capacity 27810K, committed 28080K, reserved 1073152K
  class space    used 3524K, capacity 3803K, committed 3840K, reserved 1048576K
}
Event: 9.210 GC heap after
{Heap after GC invocations=7 (full 0):
 garbage-first heap   total 164864K, used 38051K [0x0000000080000000, 0x0000000100000000)
  region size 1024K, 8 young (8192K), 8 survivors (8192K)
 Metaspace       used 27068K, capacity 27810K, committed 28080K, reserved 1073152K
  class space    used 3524K, capacity 3803K, committed 3840K, reserved 1048576K
}
Event: 11.664 GC heap before
{Heap before GC invocations=7 (full 0):
 garbage-first heap   total 164864K, used 118947K [0x0000000080000000, 0x0000000100000000)
  region size 1024K, 80 young (81920K), 8 survivors (8192K)
 Metaspace       used 34600K, capacity 35511K, committed 35632K, reserved 1079296K
  class space    used 4578K, capacity 4923K, committed 4992K, reserved 1048576K
}
Event: 11.687 GC heap after
{Heap after GC invocations=8 (full 0):
 garbage-first heap   total 164864K, used 53383K [0x0000000080000000, 0x0000000100000000)
  region size 1024K, 6 young (6144K), 6 survivors (6144K)
 Metaspace       used 34600K, capacity 35511K, committed 35632K, reserved 1079296K
  class space    used 4578K, capacity 4923K, committed 4992K, reserved 1048576K
}
Event: 15.138 GC heap before
{Heap before GC invocations=9 (full 0):
 garbage-first heap   total 164864K, used 124039K [0x0000000080000000, 0x0000000100000000)
  region size 1024K, 73 young (74752K), 6 survivors (6144K)
 Metaspace       used 42658K, capacity 43788K, committed 43952K, reserved 1087488K
  class space    used 5409K, capacity 5845K, committed 5888K, reserved 1048576K
}
Event: 15.155 GC heap after
{Heap after GC invocations=10 (full 0):
 garbage-first heap   total 164864K, used 58119K [0x0000000080000000, 0x0000000100000000)
  region size 1024K, 10 young (10240K), 10 survivors (10240K)
 Metaspace       used 42658K, capacity 43788K, committed 43952K, reserved 1087488K
  class space    used 5409K, capacity 5845K, committed 5888K, reserved 1048576K
}

