# JRE version: OpenJDK Runtime Environment (11.0.13) (build 11.0.13+0-b1751.21-8125866)
# Java VM: OpenJDK 64-Bit Server VM (11.0.13+0-b1751.21-8125866, mixed mode, tiered, compressed oops, g1 gc, windows-amd64)
Heap:
 garbage-first heap   total 328704K, used 154021K [0x0000000080000000, 0x0000000100000000)
  region size 1024K, 7 young (7168K), 7 survivors (7168K)
 Metaspace       used 113241K, capacity 115912K, committed 116048K, reserved 1150976K
  class space    used 14457K, capacity 15419K, committed 15520K, reserved 1048576K
GC Heap History (20 events):
Event: 15.247 GC heap after
{Heap after GC invocations=23 (full 0):
 garbage-first heap   total 227328K, used 109865K [0x0000000080000000, 0x0000000100000000)
  region size 1024K, 3 young (3072K), 3 survivors (3072K)
 Metaspace       used 74541K, capacity 76493K, committed 76752K, reserved 1116160K
  class space    used 9519K, capacity 10218K, committed 10272K, reserved 1048576K
}
Event: 16.150 GC heap before
{Heap before GC invocations=23 (full 0):
 garbage-first heap   total 227328K, used 180521K [0x0000000080000000, 0x0000000100000000)
  region size 1024K, 72 young (73728K), 3 survivors (3072K)
 Metaspace       used 76898K, capacity 78956K, committed 79184K, reserved 1118208K
  class space    used 9810K, capacity 10588K, committed 10656K, reserved 1048576K
}
Event: 16.163 GC heap after
{Heap after GC invocations=24 (full 0):
 garbage-first heap   total 227328K, used 113456K [0x0000000080000000, 0x0000000100000000)
  region size 1024K, 7 young (7168K), 7 survivors (7168K)
 Metaspace       used 76898K, capacity 78956K, committed 79184K, reserved 1118208K
  class space    used 9810K, capacity 10588K, committed 10656K, reserved 1048576K
}
Event: 17.148 GC heap before
{Heap before GC invocations=25 (full 0):
 garbage-first heap   total 227328K, used 182064K [0x0000000080000000, 0x0000000100000000)
  region size 1024K, 75 young (76800K), 7 survivors (7168K)
 Metaspace       used 81697K, capacity 83850K, committed 84176K, reserved 1122304K
  class space    used 10612K, capacity 11438K, committed 11552K, reserved 1048576K
}
Event: 17.182 GC heap after
{Heap after GC invocations=26 (full 0):
 garbage-first heap   total 227328K, used 118424K [0x0000000080000000, 0x0000000100000000)
  region size 1024K, 9 young (9216K), 9 survivors (9216K)
 Metaspace       used 81697K, capacity 83850K, committed 84176K, reserved 1122304K
  class space    used 10612K, capacity 11438K, committed 11552K, reserved 1048576K
}
Event: 17.534 GC heap before
{Heap before GC invocations=26 (full 0):
 garbage-first heap   total 227328K, used 137880K [0x0000000080000000, 0x0000000100000000)
  region size 1024K, 30 young (30720K), 9 survivors (9216K)
 Metaspace       used 84135K, capacity 86300K, committed 86608K, reserved 1124352K
  class space    used 10836K, capacity 11612K, committed 11680K, reserved 1048576K
}
Event: 17.553 GC heap after
{Heap after GC invocations=27 (full 0):
 garbage-first heap   total 227328K, used 122287K [0x0000000080000000, 0x0000000100000000)
  region size 1024K, 9 young (9216K), 9 survivors (9216K)
 Metaspace       used 84135K, capacity 86300K, committed 86608K, reserved 1124352K
  class space    used 10836K, capacity 11612K, committed 11680K, reserved 1048576K
}
Event: 18.480 GC heap before
{Heap before GC invocations=28 (full 0):
 garbage-first heap   total 227328K, used 181679K [0x0000000080000000, 0x0000000100000000)
  region size 1024K, 66 young (67584K), 9 survivors (9216K)
 Metaspace       used 87081K, capacity 89456K, committed 89680K, reserved 1126400K
  class space    used 11243K, capacity 12099K, committed 12192K, reserved 1048576K
}
Event: 18.501 GC heap after
{Heap after GC invocations=29 (full 0):
 garbage-first heap   total 227328K, used 126658K [0x0000000080000000, 0x0000000100000000)
  region size 1024K, 8 young (8192K), 8 survivors (8192K)
 Metaspace       used 87081K, capacity 89456K, committed 89680K, reserved 1126400K
  class space    used 11243K, capacity 12099K, committed 12192K, reserved 1048576K
}
Event: 19.130 GC heap before
{Heap before GC invocations=29 (full 0):
 garbage-first heap   total 227328K, used 184002K [0x0000000080000000, 0x0000000100000000)
  region size 1024K, 64 young (65536K), 8 survivors (8192K)
 Metaspace       used 89886K, capacity 92334K, committed 92624K, reserved 1130496K
  class space    used 11650K, capacity 12531K, committed 12576K, reserved 1048576K
}
Event: 19.146 GC heap after
{Heap after GC invocations=30 (full 0):
 garbage-first heap   total 227328K, used 128315K [0x0000000080000000, 0x0000000100000000)
  region size 1024K, 5 young (5120K), 5 survivors (5120K)
 Metaspace       used 89886K, capacity 92334K, committed 92624K, reserved 1130496K
  class space    used 11650K, capacity 12531K, committed 12576K, reserved 1048576K
}
Event: 20.407 GC heap before
{Heap before GC invocations=31 (full 0):
 garbage-first heap   total 227328K, used 187707K [0x0000000080000000, 0x0000000100000000)
  region size 1024K, 63 young (64512K), 5 survivors (5120K)
 Metaspace       used 93916K, capacity 96349K, committed 96464K, reserved 1132544K
  class space    used 12165K, capacity 13060K, committed 13088K, reserved 1048576K
}
Event: 20.431 GC heap after
{Heap after GC invocations=32 (full 0):
 garbage-first heap   total 273408K, used 132062K [0x0000000080000000, 0x0000000100000000)
  region size 1024K, 6 young (6144K), 6 survivors (6144K)
 Metaspace       used 93916K, capacity 96349K, committed 96464K, reserved 1132544K
  class space    used 12165K, capacity 13060K, committed 13088K, reserved 1048576K
}
Event: 21.378 GC heap before
{Heap before GC invocations=32 (full 0):
 garbage-first heap   total 273408K, used 201694K [0x0000000080000000, 0x0000000100000000)
  region size 1024K, 75 young (76800K), 6 survivors (6144K)
 Metaspace       used 97087K, capacity 99396K, committed 99664K, reserved 1136640K
  class space    used 12570K, capacity 13409K, committed 13472K, reserved 1048576K
}
Event: 21.394 GC heap after
{Heap after GC invocations=33 (full 0):
 garbage-first heap   total 273408K, used 135628K [0x0000000080000000, 0x0000000100000000)
  region size 1024K, 9 young (9216K), 9 survivors (9216K)
 Metaspace       used 97087K, capacity 99396K, committed 99664K, reserved 1136640K
  class space    used 12570K, capacity 13409K, committed 13472K, reserved 1048576K
}
Event: 23.277 GC heap before
{Heap before GC invocations=34 (full 0):
 garbage-first heap   total 273408K, used 218572K [0x0000000080000000, 0x0000000100000000)
  region size 1024K, 89 young (91136K), 9 survivors (9216K)
 Metaspace       used 108178K, capacity 110784K, committed 110928K, reserved 1144832K
  class space    used 13945K, capacity 14901K, committed 15008K, reserved 1048576K
}
Event: 23.305 GC heap after
{Heap after GC invocations=35 (full 0):
 garbage-first heap   total 273408K, used 140247K [0x0000000080000000, 0x0000000100000000)
  region size 1024K, 9 young (9216K), 9 survivors (9216K)
 Metaspace       used 108178K, capacity 110784K, committed 110928K, reserved 1144832K
  class space    used 13945K, capacity 14901K, committed 15008K, reserved 1048576K
}
Event: 27.157 GC heap before
{Heap before GC invocations=35 (full 0):
 garbage-first heap   total 273408K, used 221143K [0x0000000080000000, 0x0000000100000000)
  region size 1024K, 89 young (91136K), 9 survivors (9216K)
 Metaspace       used 112329K, capacity 114991K, committed 115152K, reserved 1148928K
  class space    used 14407K, capacity 15379K, committed 15392K, reserved 1048576K
}
Event: 27.186 GC heap after
{Heap after GC invocations=36 (full 0):
 garbage-first heap   total 273408K, used 147390K [0x0000000080000000, 0x0000000100000000)
  region size 1024K, 12 young (12288K), 12 survivors (12288K)
 Metaspace       used 112329K, capacity 114991K, committed 115152K, reserved 1148928K
  class space    used 14407K, capacity 15379K, committed 15392K, reserved 1048576K
}
Event: 28.909 GC heap before
{Heap before GC invocations=37 (full 0):
 garbage-first heap   total 273408K, used 223166K [0x0000000080000000, 0x0000000100000000)
  region size 1024K, 87 young (89088K), 12 survivors (12288K)
 Metaspace       used 113241K, capacity 115912K, committed 116048K, reserved 1150976K
  class space    used 14457K, capacity 15419K, committed 15520K, reserved 1048576K
}

