# JRE version: OpenJDK Runtime Environment (11.0.13) (build 11.0.13+0-b1751.21-8125866)
# Java VM: OpenJDK 64-Bit Server VM (11.0.13+0-b1751.21-8125866, mixed mode, tiered, compressed oops, g1 gc, windows-amd64)
Heap:
 garbage-first heap   total 189440K, used 115676K [0x0000000080000000, 0x0000000100000000)
  region size 1024K, 7 young (7168K), 3 survivors (3072K)
 Metaspace       used 94183K, capacity 96497K, committed 96680K, reserved 1132544K
  class space    used 11984K, capacity 12876K, committed 12952K, reserved 1048576K
GC Heap History (20 events):
Event: 39.717 GC heap before
{Heap before GC invocations=19 (full 0):
 garbage-first heap   total 131072K, used 101270K [0x0000000080000000, 0x0000000100000000)
  region size 1024K, 51 young (52224K), 7 survivors (7168K)
 Metaspace       used 71299K, capacity 72850K, committed 73000K, reserved 1112064K
  class space    used 9107K, capacity 9713K, committed 9752K, reserved 1048576K
}
Event: 39.756 GC heap after
{Heap after GC invocations=20 (full 0):
 garbage-first heap   total 131072K, used 58999K [0x0000000080000000, 0x0000000100000000)
  region size 1024K, 7 young (7168K), 7 survivors (7168K)
 Metaspace       used 71299K, capacity 72850K, committed 73000K, reserved 1112064K
  class space    used 9107K, capacity 9713K, committed 9752K, reserved 1048576K
}
Event: 40.605 GC heap before
{Heap before GC invocations=20 (full 0):
 garbage-first heap   total 131072K, used 103031K [0x0000000080000000, 0x0000000100000000)
  region size 1024K, 50 young (51200K), 7 survivors (7168K)
 Metaspace       used 73849K, capacity 75614K, committed 75816K, reserved 1116160K
  class space    used 9519K, capacity 10155K, committed 10264K, reserved 1048576K
}
Event: 40.627 GC heap after
{Heap after GC invocations=21 (full 0):
 garbage-first heap   total 157696K, used 62013K [0x0000000080000000, 0x0000000100000000)
  region size 1024K, 6 young (6144K), 6 survivors (6144K)
 Metaspace       used 73849K, capacity 75614K, committed 75816K, reserved 1116160K
  class space    used 9519K, capacity 10155K, committed 10264K, reserved 1048576K
}
Event: 42.347 GC heap before
{Heap before GC invocations=21 (full 0):
 garbage-first heap   total 157696K, used 122429K [0x0000000080000000, 0x0000000100000000)
  region size 1024K, 65 young (66560K), 6 survivors (6144K)
 Metaspace       used 78235K, capacity 80002K, committed 80296K, reserved 1118208K
  class space    used 10134K, capacity 10850K, committed 10904K, reserved 1048576K
}
Event: 42.375 GC heap after
{Heap after GC invocations=22 (full 0):
 garbage-first heap   total 157696K, used 66155K [0x0000000080000000, 0x0000000100000000)
  region size 1024K, 7 young (7168K), 7 survivors (7168K)
 Metaspace       used 78235K, capacity 80002K, committed 80296K, reserved 1118208K
  class space    used 10134K, capacity 10850K, committed 10904K, reserved 1048576K
}
Event: 44.117 GC heap before
{Heap before GC invocations=22 (full 0):
 garbage-first heap   total 157696K, used 124523K [0x0000000080000000, 0x0000000100000000)
  region size 1024K, 65 young (66560K), 7 survivors (7168K)
 Metaspace       used 83519K, capacity 85375K, committed 85544K, reserved 1124352K
  class space    used 10783K, capacity 11515K, committed 11544K, reserved 1048576K
}
Event: 44.145 GC heap after
{Heap after GC invocations=23 (full 0):
 garbage-first heap   total 157696K, used 72207K [0x0000000080000000, 0x0000000100000000)
  region size 1024K, 9 young (9216K), 9 survivors (9216K)
 Metaspace       used 83519K, capacity 85375K, committed 85544K, reserved 1124352K
  class space    used 10783K, capacity 11515K, committed 11544K, reserved 1048576K
}
Event: 48.547 GC heap before
{Heap before GC invocations=23 (full 0):
 garbage-first heap   total 157696K, used 124431K [0x0000000080000000, 0x0000000100000000)
  region size 1024K, 61 young (62464K), 9 survivors (9216K)
 Metaspace       used 86902K, capacity 89076K, committed 89128K, reserved 1126400K
  class space    used 11203K, capacity 12033K, committed 12056K, reserved 1048576K
}
Event: 48.579 GC heap after
{Heap after GC invocations=24 (full 0):
 garbage-first heap   total 157696K, used 76300K [0x0000000080000000, 0x0000000100000000)
  region size 1024K, 4 young (4096K), 4 survivors (4096K)
 Metaspace       used 86902K, capacity 89076K, committed 89128K, reserved 1126400K
  class space    used 11203K, capacity 12033K, committed 12056K, reserved 1048576K
}
Event: 55.986 GC heap before
{Heap before GC invocations=24 (full 0):
 garbage-first heap   total 157696K, used 126476K [0x0000000080000000, 0x0000000100000000)
  region size 1024K, 54 young (55296K), 4 survivors (4096K)
 Metaspace       used 87270K, capacity 89449K, committed 89640K, reserved 1126400K
  class space    used 11204K, capacity 12033K, committed 12056K, reserved 1048576K
}
Event: 56.023 GC heap after
{Heap after GC invocations=25 (full 0):
 garbage-first heap   total 157696K, used 79853K [0x0000000080000000, 0x0000000100000000)
  region size 1024K, 4 young (4096K), 4 survivors (4096K)
 Metaspace       used 87270K, capacity 89449K, committed 89640K, reserved 1126400K
  class space    used 11204K, capacity 12033K, committed 12056K, reserved 1048576K
}
Event: 61.623 GC heap before
{Heap before GC invocations=26 (full 0):
 garbage-first heap   total 157696K, used 113645K [0x0000000080000000, 0x0000000100000000)
  region size 1024K, 39 young (39936K), 4 survivors (4096K)
 Metaspace       used 88057K, capacity 90281K, committed 90536K, reserved 1128448K
  class space    used 11318K, capacity 12153K, committed 12184K, reserved 1048576K
}
Event: 61.657 GC heap after
{Heap after GC invocations=27 (full 0):
 garbage-first heap   total 189440K, used 82331K [0x0000000080000000, 0x0000000100000000)
  region size 1024K, 6 young (6144K), 6 survivors (6144K)
 Metaspace       used 88057K, capacity 90281K, committed 90536K, reserved 1128448K
  class space    used 11318K, capacity 12153K, committed 12184K, reserved 1048576K
}
Event: 65.584 GC heap before
{Heap before GC invocations=28 (full 0):
 garbage-first heap   total 189440K, used 146843K [0x0000000080000000, 0x0000000100000000)
  region size 1024K, 67 young (68608K), 6 survivors (6144K)
 Metaspace       used 91487K, capacity 93659K, committed 93864K, reserved 1130496K
  class space    used 11715K, capacity 12578K, committed 12696K, reserved 1048576K
}
Event: 65.640 GC heap after
{Heap after GC invocations=29 (full 0):
 garbage-first heap   total 189440K, used 105354K [0x0000000080000000, 0x0000000100000000)
  region size 1024K, 9 young (9216K), 9 survivors (9216K)
 Metaspace       used 91487K, capacity 93659K, committed 93864K, reserved 1130496K
  class space    used 11715K, capacity 12578K, committed 12696K, reserved 1048576K
}
Event: 65.737 GC heap before
{Heap before GC invocations=29 (full 0):
 garbage-first heap   total 189440K, used 109450K [0x0000000080000000, 0x0000000100000000)
  region size 1024K, 14 young (14336K), 9 survivors (9216K)
 Metaspace       used 91505K, capacity 93723K, committed 93864K, reserved 1130496K
  class space    used 11716K, capacity 12578K, committed 12696K, reserved 1048576K
}
Event: 65.773 GC heap after
{Heap after GC invocations=30 (full 0):
 garbage-first heap   total 189440K, used 110080K [0x0000000080000000, 0x0000000100000000)
  region size 1024K, 4 young (4096K), 4 survivors (4096K)
 Metaspace       used 91505K, capacity 93723K, committed 93864K, reserved 1130496K
  class space    used 11716K, capacity 12578K, committed 12696K, reserved 1048576K
}
Event: 69.760 GC heap before
{Heap before GC invocations=31 (full 0):
 garbage-first heap   total 189440K, used 163328K [0x0000000080000000, 0x0000000100000000)
  region size 1024K, 29 young (29696K), 4 survivors (4096K)
 Metaspace       used 94006K, capacity 96272K, committed 96424K, reserved 1132544K
  class space    used 11979K, capacity 12874K, committed 12952K, reserved 1048576K
}
Event: 69.776 GC heap after
{Heap after GC invocations=32 (full 0):
 garbage-first heap   total 189440K, used 111507K [0x0000000080000000, 0x0000000100000000)
  region size 1024K, 2 young (2048K), 2 survivors (2048K)
 Metaspace       used 94006K, capacity 96272K, committed 96424K, reserved 1132544K
  class space    used 11979K, capacity 12874K, committed 12952K, reserved 1048576K
}

