# JRE version: OpenJDK Runtime Environment (11.0.13) (build 11.0.13+0-b1751.21-8125866)
# Java VM: OpenJDK 64-Bit Server VM (11.0.13+0-b1751.21-8125866, mixed mode, tiered, compressed oops, g1 gc, windows-amd64)
Heap:
 garbage-first heap   total 259072K, used 153845K [0x0000000080000000, 0x0000000100000000)
  region size 1024K, 10 young (10240K), 8 survivors (8192K)
 Metaspace       used 109297K, capacity 111970K, committed 112080K, reserved 1146880K
  class space    used 13887K, capacity 14865K, committed 14880K, reserved 1048576K
GC Heap History (20 events):
Event: 71.177 GC heap before
{Heap before GC invocations=62 (full 0):
 garbage-first heap   total 189440K, used 148648K [0x0000000080000000, 0x0000000100000000)
  region size 1024K, 40 young (40960K), 4 survivors (4096K)
 Metaspace       used 81250K, capacity 83392K, committed 83536K, reserved 1122304K
  class space    used 10545K, capacity 11325K, committed 11424K, reserved 1048576K
}
Event: 71.195 GC heap after
{Heap after GC invocations=63 (full 0):
 garbage-first heap   total 189440K, used 114295K [0x0000000080000000, 0x0000000100000000)
  region size 1024K, 5 young (5120K), 5 survivors (5120K)
 Metaspace       used 81250K, capacity 83392K, committed 83536K, reserved 1122304K
  class space    used 10545K, capacity 11325K, committed 11424K, reserved 1048576K
}
Event: 72.405 GC heap before
{Heap before GC invocations=64 (full 0):
 garbage-first heap   total 189440K, used 150135K [0x0000000080000000, 0x0000000100000000)
  region size 1024K, 41 young (41984K), 5 survivors (5120K)
 Metaspace       used 83681K, capacity 85750K, committed 85968K, reserved 1124352K
  class space    used 10762K, capacity 11510K, committed 11552K, reserved 1048576K
}
Event: 72.438 GC heap after
{Heap after GC invocations=65 (full 0):
 garbage-first heap   total 189440K, used 118479K [0x0000000080000000, 0x0000000100000000)
  region size 1024K, 6 young (6144K), 6 survivors (6144K)
 Metaspace       used 83681K, capacity 85750K, committed 85968K, reserved 1124352K
  class space    used 10762K, capacity 11510K, committed 11552K, reserved 1048576K
}
Event: 72.702 GC heap before
{Heap before GC invocations=65 (full 0):
 garbage-first heap   total 189440K, used 121551K [0x0000000080000000, 0x0000000100000000)
  region size 1024K, 10 young (10240K), 6 survivors (6144K)
 Metaspace       used 84198K, capacity 86262K, committed 86608K, reserved 1124352K
  class space    used 10824K, capacity 11574K, committed 11680K, reserved 1048576K
}
Event: 72.732 GC heap after
{Heap after GC invocations=66 (full 0):
 garbage-first heap   total 259072K, used 120445K [0x0000000080000000, 0x0000000100000000)
  region size 1024K, 2 young (2048K), 2 survivors (2048K)
 Metaspace       used 84198K, capacity 86262K, committed 86608K, reserved 1124352K
  class space    used 10824K, capacity 11574K, committed 11680K, reserved 1048576K
}
Event: 77.301 GC heap before
{Heap before GC invocations=67 (full 0):
 garbage-first heap   total 259072K, used 174717K [0x0000000080000000, 0x0000000100000000)
  region size 1024K, 50 young (51200K), 2 survivors (2048K)
 Metaspace       used 86850K, capacity 89116K, committed 89296K, reserved 1126400K
  class space    used 11201K, capacity 12064K, committed 12064K, reserved 1048576K
}
Event: 77.310 GC heap after
{Heap after GC invocations=68 (full 0):
 garbage-first heap   total 259072K, used 128741K [0x0000000080000000, 0x0000000100000000)
  region size 1024K, 5 young (5120K), 5 survivors (5120K)
 Metaspace       used 86850K, capacity 89116K, committed 89296K, reserved 1126400K
  class space    used 11201K, capacity 12064K, committed 12064K, reserved 1048576K
}
Event: 77.657 GC heap before
{Heap before GC invocations=68 (full 0):
 garbage-first heap   total 259072K, used 164581K [0x0000000080000000, 0x0000000100000000)
  region size 1024K, 42 young (43008K), 5 survivors (5120K)
 Metaspace       used 88178K, capacity 90382K, committed 90448K, reserved 1128448K
  class space    used 11350K, capacity 12163K, committed 12192K, reserved 1048576K
}
Event: 77.664 GC heap after
{Heap after GC invocations=69 (full 0):
 garbage-first heap   total 259072K, used 129713K [0x0000000080000000, 0x0000000100000000)
  region size 1024K, 1 young (1024K), 1 survivors (1024K)
 Metaspace       used 88178K, capacity 90382K, committed 90448K, reserved 1128448K
  class space    used 11350K, capacity 12163K, committed 12192K, reserved 1048576K
}
Event: 80.858 GC heap before
{Heap before GC invocations=70 (full 0):
 garbage-first heap   total 259072K, used 182961K [0x0000000080000000, 0x0000000100000000)
  region size 1024K, 52 young (53248K), 1 survivors (1024K)
 Metaspace       used 95124K, capacity 97537K, committed 97744K, reserved 1134592K
  class space    used 12198K, capacity 13038K, committed 13088K, reserved 1048576K
}
Event: 80.865 GC heap after
{Heap after GC invocations=71 (full 0):
 garbage-first heap   total 259072K, used 130940K [0x0000000080000000, 0x0000000100000000)
  region size 1024K, 3 young (3072K), 3 survivors (3072K)
 Metaspace       used 95124K, capacity 97537K, committed 97744K, reserved 1134592K
  class space    used 12198K, capacity 13038K, committed 13088K, reserved 1048576K
}
Event: 86.073 GC heap before
{Heap before GC invocations=71 (full 0):
 garbage-first heap   total 259072K, used 187260K [0x0000000080000000, 0x0000000100000000)
  region size 1024K, 58 young (59392K), 3 survivors (3072K)
 Metaspace       used 100269K, capacity 102899K, committed 103120K, reserved 1138688K
  class space    used 12895K, capacity 13835K, committed 13856K, reserved 1048576K
}
Event: 86.093 GC heap after
{Heap after GC invocations=72 (full 0):
 garbage-first heap   total 259072K, used 134386K [0x0000000080000000, 0x0000000100000000)
  region size 1024K, 6 young (6144K), 6 survivors (6144K)
 Metaspace       used 100269K, capacity 102899K, committed 103120K, reserved 1138688K
  class space    used 12895K, capacity 13835K, committed 13856K, reserved 1048576K
}
Event: 93.432 GC heap before
{Heap before GC invocations=73 (full 0):
 garbage-first heap   total 259072K, used 191730K [0x0000000080000000, 0x0000000100000000)
  region size 1024K, 63 young (64512K), 6 survivors (6144K)
 Metaspace       used 106082K, capacity 108679K, committed 109008K, reserved 1144832K
  class space    used 13595K, capacity 14526K, committed 14624K, reserved 1048576K
}
Event: 93.459 GC heap after
{Heap after GC invocations=74 (full 0):
 garbage-first heap   total 259072K, used 141150K [0x0000000080000000, 0x0000000100000000)
  region size 1024K, 8 young (8192K), 8 survivors (8192K)
 Metaspace       used 106082K, capacity 108679K, committed 109008K, reserved 1144832K
  class space    used 13595K, capacity 14526K, committed 14624K, reserved 1048576K
}
Event: 100.928 GC heap before
{Heap before GC invocations=74 (full 0):
 garbage-first heap   total 259072K, used 197470K [0x0000000080000000, 0x0000000100000000)
  region size 1024K, 64 young (65536K), 8 survivors (8192K)
 Metaspace       used 106674K, capacity 109256K, committed 109520K, reserved 1144832K
  class space    used 13614K, capacity 14574K, committed 14624K, reserved 1048576K
}
Event: 100.956 GC heap after
{Heap after GC invocations=75 (full 0):
 garbage-first heap   total 259072K, used 145920K [0x0000000080000000, 0x0000000100000000)
  region size 1024K, 5 young (5120K), 5 survivors (5120K)
 Metaspace       used 106674K, capacity 109256K, committed 109520K, reserved 1144832K
  class space    used 13614K, capacity 14574K, committed 14624K, reserved 1048576K
}
Event: 103.878 GC heap before
{Heap before GC invocations=76 (full 0):
 garbage-first heap   total 259072K, used 201216K [0x0000000080000000, 0x0000000100000000)
  region size 1024K, 60 young (61440K), 5 survivors (5120K)
 Metaspace       used 107475K, capacity 110099K, committed 110288K, reserved 1144832K
  class space    used 13664K, capacity 14613K, committed 14624K, reserved 1048576K
}
Event: 103.897 GC heap after
{Heap after GC invocations=77 (full 0):
 garbage-first heap   total 259072K, used 149547K [0x0000000080000000, 0x0000000100000000)
  region size 1024K, 8 young (8192K), 8 survivors (8192K)
 Metaspace       used 107475K, capacity 110099K, committed 110288K, reserved 1144832K
  class space    used 13664K, capacity 14613K, committed 14624K, reserved 1048576K
}

