# JRE version: OpenJDK Runtime Environment (11.0.13) (build 11.0.13+0-b1751.21-8125866)
# Java VM: OpenJDK 64-Bit Server VM (11.0.13+0-b1751.21-8125866, mixed mode, tiered, compressed oops, g1 gc, windows-amd64)
Heap:
 garbage-first heap   total 189440K, used 52363K [0x0000000080000000, 0x0000000100000000)
  region size 1024K, 6 young (6144K), 6 survivors (6144K)
 Metaspace       used 67681K, capacity 69279K, committed 69500K, reserved 1110016K
  class space    used 8519K, capacity 9077K, committed 9164K, reserved 1048576K
GC Heap History (20 events):
Event: 1.519 GC heap after
{Heap after GC invocations=2 (full 0):
 garbage-first heap   total 131072K, used 9352K [0x0000000080000000, 0x0000000100000000)
  region size 1024K, 2 young (2048K), 2 survivors (2048K)
 Metaspace       used 9893K, capacity 10118K, committed 10368K, reserved 1058816K
  class space    used 1011K, capacity 1102K, committed 1152K, reserved 1048576K
}
Event: 2.135 GC heap before
{Heap before GC invocations=2 (full 0):
 garbage-first heap   total 131072K, used 39048K [0x0000000080000000, 0x0000000100000000)
  region size 1024K, 31 young (31744K), 2 survivors (2048K)
 Metaspace       used 10851K, capacity 11074K, committed 11264K, reserved 1058816K
  class space    used 1112K, capacity 1207K, committed 1280K, reserved 1048576K
}
Event: 2.140 GC heap after
{Heap after GC invocations=3 (full 0):
 garbage-first heap   total 131072K, used 12716K [0x0000000080000000, 0x0000000100000000)
  region size 1024K, 4 young (4096K), 4 survivors (4096K)
 Metaspace       used 10851K, capacity 11074K, committed 11264K, reserved 1058816K
  class space    used 1112K, capacity 1207K, committed 1280K, reserved 1048576K
}
Event: 4.928 GC heap before
{Heap before GC invocations=3 (full 0):
 garbage-first heap   total 131072K, used 54700K [0x0000000080000000, 0x0000000100000000)
  region size 1024K, 46 young (47104K), 4 survivors (4096K)
 Metaspace       used 17674K, capacity 18068K, committed 18432K, reserved 1064960K
  class space    used 2057K, capacity 2177K, committed 2304K, reserved 1048576K
}
Event: 4.938 GC heap after
{Heap after GC invocations=4 (full 0):
 garbage-first heap   total 131072K, used 16116K [0x0000000080000000, 0x0000000100000000)
  region size 1024K, 6 young (6144K), 6 survivors (6144K)
 Metaspace       used 17674K, capacity 18068K, committed 18432K, reserved 1064960K
  class space    used 2057K, capacity 2177K, committed 2304K, reserved 1048576K
}
Event: 5.393 GC heap before
{Heap before GC invocations=4 (full 0):
 garbage-first heap   total 131072K, used 43764K [0x0000000080000000, 0x0000000100000000)
  region size 1024K, 34 young (34816K), 6 survivors (6144K)
 Metaspace       used 20777K, capacity 21186K, committed 21296K, reserved 1069056K
  class space    used 2521K, capacity 2684K, committed 2688K, reserved 1048576K
}
Event: 5.408 GC heap after
{Heap after GC invocations=5 (full 0):
 garbage-first heap   total 131072K, used 17640K [0x0000000080000000, 0x0000000100000000)
  region size 1024K, 6 young (6144K), 6 survivors (6144K)
 Metaspace       used 20777K, capacity 21186K, committed 21296K, reserved 1069056K
  class space    used 2521K, capacity 2684K, committed 2688K, reserved 1048576K
}
Event: 6.452 GC heap before
{Heap before GC invocations=6 (full 0):
 garbage-first heap   total 131072K, used 70888K [0x0000000080000000, 0x0000000100000000)
  region size 1024K, 58 young (59392K), 6 survivors (6144K)
 Metaspace       used 26462K, capacity 27024K, committed 27132K, reserved 1073152K
  class space    used 3416K, capacity 3640K, committed 3660K, reserved 1048576K
}
Event: 6.469 GC heap after
{Heap after GC invocations=7 (full 0):
 garbage-first heap   total 131072K, used 19379K [0x0000000080000000, 0x0000000100000000)
  region size 1024K, 3 young (3072K), 3 survivors (3072K)
 Metaspace       used 26462K, capacity 27024K, committed 27132K, reserved 1073152K
  class space    used 3416K, capacity 3640K, committed 3660K, reserved 1048576K
}
Event: 7.783 GC heap before
{Heap before GC invocations=7 (full 0):
 garbage-first heap   total 131072K, used 81843K [0x0000000080000000, 0x0000000100000000)
  region size 1024K, 65 young (66560K), 3 survivors (3072K)
 Metaspace       used 35175K, capacity 35946K, committed 35964K, reserved 1081344K
  class space    used 4507K, capacity 4808K, committed 4812K, reserved 1048576K
}
Event: 7.802 GC heap after
{Heap after GC invocations=8 (full 0):
 garbage-first heap   total 131072K, used 22908K [0x0000000080000000, 0x0000000100000000)
  region size 1024K, 7 young (7168K), 7 survivors (7168K)
 Metaspace       used 35175K, capacity 35946K, committed 35964K, reserved 1081344K
  class space    used 4507K, capacity 4808K, committed 4812K, reserved 1048576K
}
Event: 9.018 GC heap before
{Heap before GC invocations=9 (full 0):
 garbage-first heap   total 131072K, used 89468K [0x0000000080000000, 0x0000000100000000)
  region size 1024K, 70 young (71680K), 7 survivors (7168K)
 Metaspace       used 39952K, capacity 40906K, committed 40956K, reserved 1085440K
  class space    used 5046K, capacity 5409K, committed 5452K, reserved 1048576K
}
Event: 9.039 GC heap after
{Heap after GC invocations=10 (full 0):
 garbage-first heap   total 157696K, used 28344K [0x0000000080000000, 0x0000000100000000)
  region size 1024K, 9 young (9216K), 9 survivors (9216K)
 Metaspace       used 39952K, capacity 40906K, committed 40956K, reserved 1085440K
  class space    used 5046K, capacity 5409K, committed 5452K, reserved 1048576K
}
Event: 10.620 GC heap before
{Heap before GC invocations=10 (full 0):
 garbage-first heap   total 157696K, used 109240K [0x0000000080000000, 0x0000000100000000)
  region size 1024K, 87 young (89088K), 9 survivors (9216K)
 Metaspace       used 47165K, capacity 48239K, committed 48380K, reserved 1091584K
  class space    used 5987K, capacity 6397K, committed 6476K, reserved 1048576K
}
Event: 10.645 GC heap after
{Heap after GC invocations=11 (full 0):
 garbage-first heap   total 157696K, used 30388K [0x0000000080000000, 0x0000000100000000)
  region size 1024K, 8 young (8192K), 8 survivors (8192K)
 Metaspace       used 47165K, capacity 48239K, committed 48380K, reserved 1091584K
  class space    used 5987K, capacity 6397K, committed 6476K, reserved 1048576K
}
Event: 14.166 GC heap before
{Heap before GC invocations=11 (full 0):
 garbage-first heap   total 157696K, used 117428K [0x0000000080000000, 0x0000000100000000)
  region size 1024K, 92 young (94208K), 8 survivors (8192K)
 Metaspace       used 53933K, capacity 55281K, committed 55420K, reserved 1097728K
  class space    used 6837K, capacity 7319K, committed 7372K, reserved 1048576K
}
Event: 14.198 GC heap after
{Heap after GC invocations=12 (full 0):
 garbage-first heap   total 157696K, used 37457K [0x0000000080000000, 0x0000000100000000)
  region size 1024K, 9 young (9216K), 9 survivors (9216K)
 Metaspace       used 53933K, capacity 55281K, committed 55420K, reserved 1097728K
  class space    used 6837K, capacity 7319K, committed 7372K, reserved 1048576K
}
Event: 15.434 GC heap before
{Heap before GC invocations=12 (full 0):
 garbage-first heap   total 157696K, used 90705K [0x0000000080000000, 0x0000000100000000)
  region size 1024K, 59 young (60416K), 9 survivors (9216K)
 Metaspace       used 58975K, capacity 60400K, committed 60540K, reserved 1101824K
  class space    used 7479K, capacity 8043K, committed 8140K, reserved 1048576K
}
Event: 15.475 GC heap after
{Heap after GC invocations=13 (full 0):
 garbage-first heap   total 157696K, used 46890K [0x0000000080000000, 0x0000000100000000)
  region size 1024K, 12 young (12288K), 12 survivors (12288K)
 Metaspace       used 58975K, capacity 60400K, committed 60540K, reserved 1101824K
  class space    used 7479K, capacity 8043K, committed 8140K, reserved 1048576K
}
Event: 17.051 GC heap before
{Heap before GC invocations=14 (full 0):
 garbage-first heap   total 157696K, used 126762K [0x0000000080000000, 0x0000000100000000)
  region size 1024K, 84 young (86016K), 12 survivors (12288K)
 Metaspace       used 67681K, capacity 69279K, committed 69500K, reserved 1110016K
  class space    used 8519K, capacity 9077K, committed 9164K, reserved 1048576K
}

