# JRE version: OpenJDK Runtime Environment (11.0.13) (build 11.0.13+0-b1751.21-8125866)
# Java VM: OpenJDK 64-Bit Server VM (11.0.13+0-b1751.21-8125866, mixed mode, tiered, compressed oops, g1 gc, windows-amd64)
Heap:
 garbage-first heap   total 189440K, used 52635K [0x0000000080000000, 0x0000000100000000)
  region size 1024K, 6 young (6144K), 6 survivors (6144K)
 Metaspace       used 41770K, capacity 42917K, committed 43004K, reserved 1087488K
  class space    used 5276K, capacity 5682K, committed 5708K, reserved 1048576K
GC Heap History (17 events):
Event: 0.604 GC heap before
{Heap before GC invocations=0 (full 0):
 garbage-first heap   total 131072K, used 16384K [0x0000000080000000, 0x0000000100000000)
  region size 1024K, 14 young (14336K), 0 survivors (0K)
 Metaspace       used 6738K, capacity 6925K, committed 7168K, reserved 1056768K
  class space    used 573K, capacity 650K, committed 768K, reserved 1048576K
}
Event: 0.608 GC heap after
{Heap after GC invocations=1 (full 0):
 garbage-first heap   total 131072K, used 4354K [0x0000000080000000, 0x0000000100000000)
  region size 1024K, 2 young (2048K), 2 survivors (2048K)
 Metaspace       used 6738K, capacity 6925K, committed 7168K, reserved 1056768K
  class space    used 573K, capacity 650K, committed 768K, reserved 1048576K
}
Event: 1.015 GC heap before
{Heap before GC invocations=1 (full 0):
 garbage-first heap   total 131072K, used 19714K [0x0000000080000000, 0x0000000100000000)
  region size 1024K, 14 young (14336K), 2 survivors (2048K)
 Metaspace       used 9882K, capacity 10118K, committed 10368K, reserved 1058816K
  class space    used 1011K, capacity 1102K, committed 1152K, reserved 1048576K
}
Event: 1.020 GC heap after
{Heap after GC invocations=2 (full 0):
 garbage-first heap   total 131072K, used 9587K [0x0000000080000000, 0x0000000100000000)
  region size 1024K, 2 young (2048K), 2 survivors (2048K)
 Metaspace       used 9882K, capacity 10118K, committed 10368K, reserved 1058816K
  class space    used 1011K, capacity 1102K, committed 1152K, reserved 1048576K
}
Event: 1.653 GC heap before
{Heap before GC invocations=2 (full 0):
 garbage-first heap   total 131072K, used 47475K [0x0000000080000000, 0x0000000100000000)
  region size 1024K, 39 young (39936K), 2 survivors (2048K)
 Metaspace       used 10915K, capacity 11137K, committed 11264K, reserved 1058816K
  class space    used 1114K, capacity 1207K, committed 1280K, reserved 1048576K
}
Event: 1.659 GC heap after
{Heap after GC invocations=3 (full 0):
 garbage-first heap   total 131072K, used 13598K [0x0000000080000000, 0x0000000100000000)
  region size 1024K, 5 young (5120K), 5 survivors (5120K)
 Metaspace       used 10915K, capacity 11137K, committed 11264K, reserved 1058816K
  class space    used 1114K, capacity 1207K, committed 1280K, reserved 1048576K
}
Event: 4.289 GC heap before
{Heap before GC invocations=3 (full 0):
 garbage-first heap   total 131072K, used 63774K [0x0000000080000000, 0x0000000100000000)
  region size 1024K, 54 young (55296K), 5 survivors (5120K)
 Metaspace       used 19709K, capacity 20173K, committed 20480K, reserved 1067008K
  class space    used 2320K, capacity 2466K, committed 2560K, reserved 1048576K
}
Event: 4.298 GC heap after
{Heap after GC invocations=4 (full 0):
 garbage-first heap   total 131072K, used 16901K [0x0000000080000000, 0x0000000100000000)
  region size 1024K, 7 young (7168K), 7 survivors (7168K)
 Metaspace       used 19709K, capacity 20173K, committed 20480K, reserved 1067008K
  class space    used 2320K, capacity 2466K, committed 2560K, reserved 1048576K
}
Event: 4.433 GC heap before
{Heap before GC invocations=4 (full 0):
 garbage-first heap   total 131072K, used 29189K [0x0000000080000000, 0x0000000100000000)
  region size 1024K, 21 young (21504K), 7 survivors (7168K)
 Metaspace       used 20802K, capacity 21218K, committed 21296K, reserved 1069056K
  class space    used 2509K, capacity 2665K, committed 2688K, reserved 1048576K
}
Event: 4.443 GC heap after
{Heap after GC invocations=5 (full 0):
 garbage-first heap   total 157696K, used 17637K [0x0000000080000000, 0x0000000100000000)
  region size 1024K, 4 young (4096K), 4 survivors (4096K)
 Metaspace       used 20802K, capacity 21218K, committed 21296K, reserved 1069056K
  class space    used 2509K, capacity 2665K, committed 2688K, reserved 1048576K
}
Event: 5.610 GC heap before
{Heap before GC invocations=6 (full 0):
 garbage-first heap   total 157696K, used 86245K [0x0000000080000000, 0x0000000100000000)
  region size 1024K, 66 young (67584K), 4 survivors (4096K)
 Metaspace       used 27413K, capacity 28207K, committed 28464K, reserved 1073152K
  class space    used 3590K, capacity 3900K, committed 3968K, reserved 1048576K
}
Event: 5.621 GC heap after
{Heap after GC invocations=7 (full 0):
 garbage-first heap   total 157696K, used 25932K [0x0000000080000000, 0x0000000100000000)
  region size 1024K, 7 young (7168K), 7 survivors (7168K)
 Metaspace       used 27413K, capacity 28207K, committed 28464K, reserved 1073152K
  class space    used 3590K, capacity 3900K, committed 3968K, reserved 1048576K
}
Event: 6.652 GC heap before
{Heap before GC invocations=7 (full 0):
 garbage-first heap   total 157696K, used 109900K [0x0000000080000000, 0x0000000100000000)
  region size 1024K, 76 young (77824K), 7 survivors (7168K)
 Metaspace       used 33567K, capacity 34575K, committed 34864K, reserved 1079296K
  class space    used 4524K, capacity 4910K, committed 4992K, reserved 1048576K
}
Event: 6.665 GC heap after
{Heap after GC invocations=8 (full 0):
 garbage-first heap   total 157696K, used 46437K [0x0000000080000000, 0x0000000100000000)
  region size 1024K, 10 young (10240K), 10 survivors (10240K)
 Metaspace       used 33567K, capacity 34575K, committed 34864K, reserved 1079296K
  class space    used 4524K, capacity 4910K, committed 4992K, reserved 1048576K
}
Event: 6.776 GC heap before
{Heap before GC invocations=8 (full 0):
 garbage-first heap   total 157696K, used 50533K [0x0000000080000000, 0x0000000100000000)
  region size 1024K, 15 young (15360K), 10 survivors (10240K)
 Metaspace       used 34583K, capacity 35609K, committed 35708K, reserved 1079296K
  class space    used 4647K, capacity 5022K, committed 5068K, reserved 1048576K
}
Event: 6.794 GC heap after
{Heap after GC invocations=9 (full 0):
 garbage-first heap   total 157696K, used 48178K [0x0000000080000000, 0x0000000100000000)
  region size 1024K, 2 young (2048K), 2 survivors (2048K)
 Metaspace       used 34583K, capacity 35609K, committed 35708K, reserved 1079296K
  class space    used 4647K, capacity 5022K, committed 5068K, reserved 1048576K
}
Event: 7.795 GC heap before
{Heap before GC invocations=10 (full 0):
 garbage-first heap   total 157696K, used 101426K [0x0000000080000000, 0x0000000100000000)
  region size 1024K, 52 young (53248K), 2 survivors (2048K)
 Metaspace       used 41770K, capacity 42917K, committed 43004K, reserved 1087488K
  class space    used 5276K, capacity 5682K, committed 5708K, reserved 1048576K
}

