# JRE version: OpenJDK Runtime Environment (11.0.13) (build 11.0.13+0-b1751.21-8125866)
# Java VM: OpenJDK 64-Bit Server VM (11.0.13+0-b1751.21-8125866, mixed mode, tiered, compressed oops, g1 gc, windows-amd64)
Heap:
 garbage-first heap   total 679936K, used 280064K [0x0000000080000000, 0x0000000100000000)
  region size 1024K, 10 young (10240K), 10 survivors (10240K)
 Metaspace       used 121073K, capacity 124405K, committed 124596K, reserved 1157120K
  class space    used 15137K, capacity 16463K, committed 16544K, reserved 1048576K
GC Heap History (20 events):
Event: 52.804 GC heap after
{Heap after GC invocations=54 (full 0):
 garbage-first heap   total 508928K, used 181435K [0x0000000080000000, 0x0000000100000000)
  region size 1024K, 6 young (6144K), 6 survivors (6144K)
 Metaspace       used 110407K, capacity 113461K, committed 113844K, reserved 1148928K
  class space    used 13968K, capacity 15152K, committed 15264K, reserved 1048576K
}
Event: 53.945 GC heap before
{Heap before GC invocations=54 (full 0):
 garbage-first heap   total 508928K, used 429243K [0x0000000080000000, 0x0000000100000000)
  region size 1024K, 248 young (253952K), 6 survivors (6144K)
 Metaspace       used 110412K, capacity 113467K, committed 113844K, reserved 1148928K
  class space    used 13969K, capacity 15153K, committed 15264K, reserved 1048576K
}
Event: 53.964 GC heap after
{Heap after GC invocations=55 (full 0):
 garbage-first heap   total 508928K, used 182507K [0x0000000080000000, 0x0000000100000000)
  region size 1024K, 7 young (7168K), 7 survivors (7168K)
 Metaspace       used 110412K, capacity 113467K, committed 113844K, reserved 1148928K
  class space    used 13969K, capacity 15153K, committed 15264K, reserved 1048576K
}
Event: 55.462 GC heap before
{Heap before GC invocations=55 (full 0):
 garbage-first heap   total 508928K, used 438507K [0x0000000080000000, 0x0000000100000000)
  region size 1024K, 252 young (258048K), 7 survivors (7168K)
 Metaspace       used 110478K, capacity 113553K, committed 113844K, reserved 1148928K
  class space    used 13975K, capacity 15160K, committed 15264K, reserved 1048576K
}
Event: 55.490 GC heap after
{Heap after GC invocations=56 (full 0):
 garbage-first heap   total 508928K, used 182272K [0x0000000080000000, 0x0000000100000000)
  region size 1024K, 6 young (6144K), 6 survivors (6144K)
 Metaspace       used 110478K, capacity 113553K, committed 113844K, reserved 1148928K
  class space    used 13975K, capacity 15160K, committed 15264K, reserved 1048576K
}
Event: 57.534 GC heap before
{Heap before GC invocations=56 (full 0):
 garbage-first heap   total 508928K, used 438272K [0x0000000080000000, 0x0000000100000000)
  region size 1024K, 256 young (262144K), 6 survivors (6144K)
 Metaspace       used 110485K, capacity 113553K, committed 113844K, reserved 1148928K
  class space    used 13975K, capacity 15160K, committed 15264K, reserved 1048576K
}
Event: 57.565 GC heap after
{Heap after GC invocations=57 (full 0):
 garbage-first heap   total 508928K, used 183875K [0x0000000080000000, 0x0000000100000000)
  region size 1024K, 8 young (8192K), 8 survivors (8192K)
 Metaspace       used 110485K, capacity 113553K, committed 113844K, reserved 1148928K
  class space    used 13975K, capacity 15160K, committed 15264K, reserved 1048576K
}
Event: 59.326 GC heap before
{Heap before GC invocations=57 (full 0):
 garbage-first heap   total 508928K, used 438851K [0x0000000080000000, 0x0000000100000000)
  region size 1024K, 257 young (263168K), 8 survivors (8192K)
 Metaspace       used 110490K, capacity 113554K, committed 113844K, reserved 1148928K
  class space    used 13975K, capacity 15160K, committed 15264K, reserved 1048576K
}
Event: 59.353 GC heap after
{Heap after GC invocations=58 (full 0):
 garbage-first heap   total 508928K, used 184998K [0x0000000080000000, 0x0000000100000000)
  region size 1024K, 9 young (9216K), 9 survivors (9216K)
 Metaspace       used 110490K, capacity 113554K, committed 113844K, reserved 1148928K
  class space    used 13975K, capacity 15160K, committed 15264K, reserved 1048576K
}
Event: 61.009 GC heap before
{Heap before GC invocations=58 (full 0):
 garbage-first heap   total 508928K, used 440998K [0x0000000080000000, 0x0000000100000000)
  region size 1024K, 259 young (265216K), 9 survivors (9216K)
 Metaspace       used 110491K, capacity 113554K, committed 113844K, reserved 1148928K
  class space    used 13975K, capacity 15160K, committed 15264K, reserved 1048576K
}
Event: 61.037 GC heap after
{Heap after GC invocations=59 (full 0):
 garbage-first heap   total 508928K, used 186368K [0x0000000080000000, 0x0000000100000000)
  region size 1024K, 10 young (10240K), 10 survivors (10240K)
 Metaspace       used 110491K, capacity 113554K, committed 113844K, reserved 1148928K
  class space    used 13975K, capacity 15160K, committed 15264K, reserved 1048576K
}
Event: 64.782 GC heap before
{Heap before GC invocations=59 (full 0):
 garbage-first heap   total 508928K, used 462848K [0x0000000080000000, 0x0000000100000000)
  region size 1024K, 230 young (235520K), 10 survivors (10240K)
 Metaspace       used 117999K, capacity 121259K, committed 121524K, reserved 1155072K
  class space    used 14899K, capacity 16167K, committed 16288K, reserved 1048576K
}
Event: 64.916 GC heap after
{Heap after GC invocations=60 (full 0):
 garbage-first heap   total 509952K, used 246089K [0x0000000080000000, 0x0000000100000000)
  region size 1024K, 33 young (33792K), 33 survivors (33792K)
 Metaspace       used 117999K, capacity 121259K, committed 121524K, reserved 1155072K
  class space    used 14899K, capacity 16167K, committed 16288K, reserved 1048576K
}
Event: 66.447 GC heap before
{Heap before GC invocations=61 (full 0):
 garbage-first heap   total 509952K, used 371712K [0x0000000080000000, 0x0000000100000000)
  region size 1024K, 172 young (176128K), 33 survivors (33792K)
 Metaspace       used 118891K, capacity 122248K, committed 122292K, reserved 1155072K
  class space    used 14974K, capacity 16278K, committed 16288K, reserved 1048576K
}
Event: 66.673 GC heap after
{Heap after GC invocations=62 (full 0):
 garbage-first heap   total 509952K, used 293565K [0x0000000080000000, 0x0000000100000000)
  region size 1024K, 22 young (22528K), 22 survivors (22528K)
 Metaspace       used 118891K, capacity 122248K, committed 122292K, reserved 1155072K
  class space    used 14974K, capacity 16278K, committed 16288K, reserved 1048576K
}
Event: 66.709 GC heap before
{Heap before GC invocations=62 (full 0):
 garbage-first heap   total 509952K, used 295613K [0x0000000080000000, 0x0000000100000000)
  region size 1024K, 24 young (24576K), 22 survivors (22528K)
 Metaspace       used 118891K, capacity 122248K, committed 122292K, reserved 1155072K
  class space    used 14974K, capacity 16278K, committed 16288K, reserved 1048576K
}
Event: 66.793 GC heap after
{Heap after GC invocations=63 (full 0):
 garbage-first heap   total 509952K, used 254464K [0x0000000080000000, 0x0000000100000000)
  region size 1024K, 2 young (2048K), 2 survivors (2048K)
 Metaspace       used 118891K, capacity 122248K, committed 122292K, reserved 1155072K
  class space    used 14974K, capacity 16278K, committed 16288K, reserved 1048576K
}
Event: 67.928 GC heap before
{Heap before GC invocations=63 (full 0):
 garbage-first heap   total 509952K, used 376320K [0x0000000080000000, 0x0000000100000000)
  region size 1024K, 122 young (124928K), 2 survivors (2048K)
 Metaspace       used 120834K, capacity 124168K, committed 124340K, reserved 1157120K
  class space    used 15138K, capacity 16437K, committed 16544K, reserved 1048576K
}
Event: 67.995 GC heap after
{Heap after GC invocations=64 (full 0):
 garbage-first heap   total 509952K, used 279040K [0x0000000080000000, 0x0000000100000000)
  region size 1024K, 16 young (16384K), 16 survivors (16384K)
 Metaspace       used 120834K, capacity 124168K, committed 124340K, reserved 1157120K
  class space    used 15138K, capacity 16437K, committed 16544K, reserved 1048576K
}
Event: 69.985 GC heap before
{Heap before GC invocations=65 (full 0):
 garbage-first heap   total 509952K, used 378368K [0x0000000080000000, 0x0000000100000000)
  region size 1024K, 123 young (125952K), 16 survivors (16384K)
 Metaspace       used 121073K, capacity 124405K, committed 124596K, reserved 1157120K
  class space    used 15137K, capacity 16463K, committed 16544K, reserved 1048576K
}

