# JRE version: OpenJDK Runtime Environment (11.0.13) (build 11.0.13+0-b1751.21-8125866)
# Java VM: OpenJDK 64-Bit Server VM (11.0.13+0-b1751.21-8125866, mixed mode, tiered, compressed oops, g1 gc, windows-amd64)
Heap:
 garbage-first heap   total 235520K, used 123064K [0x0000000080000000, 0x0000000100000000)
  region size 1024K, 25 young (25600K), 3 survivors (3072K)
 Metaspace       used 98654K, capacity 100929K, committed 101200K, reserved 1138688K
  class space    used 12179K, capacity 13026K, committed 13056K, reserved 1048576K
GC Heap History (20 events):
Event: 59.478 GC heap before
{Heap before GC invocations=50 (full 0):
 garbage-first heap   total 195584K, used 183168K [0x0000000080000000, 0x0000000100000000)
  region size 1024K, 20 young (20480K), 3 survivors (3072K)
 Metaspace       used 91835K, capacity 93965K, committed 94288K, reserved 1130496K
  class space    used 11627K, capacity 12471K, committed 12544K, reserved 1048576K
}
Event: 59.491 GC heap after
{Heap after GC invocations=51 (full 0):
 garbage-first heap   total 195584K, used 143606K [0x0000000080000000, 0x0000000100000000)
  region size 1024K, 3 young (3072K), 3 survivors (3072K)
 Metaspace       used 91835K, capacity 93965K, committed 94288K, reserved 1130496K
  class space    used 11627K, capacity 12471K, committed 12544K, reserved 1048576K
}
Event: 59.714 GC heap before
{Heap before GC invocations=52 (full 0):
 garbage-first heap   total 195584K, used 158966K [0x0000000080000000, 0x0000000100000000)
  region size 1024K, 19 young (19456K), 3 survivors (3072K)
 Metaspace       used 91928K, capacity 94110K, committed 94288K, reserved 1130496K
  class space    used 11634K, capacity 12475K, committed 12544K, reserved 1048576K
}
Event: 59.724 GC heap after
{Heap after GC invocations=53 (full 0):
 garbage-first heap   total 195584K, used 147142K [0x0000000080000000, 0x0000000100000000)
  region size 1024K, 3 young (3072K), 3 survivors (3072K)
 Metaspace       used 91928K, capacity 94110K, committed 94288K, reserved 1130496K
  class space    used 11634K, capacity 12475K, committed 12544K, reserved 1048576K
}
Event: 60.211 GC heap before
{Heap before GC invocations=53 (full 0):
 garbage-first heap   total 195584K, used 161478K [0x0000000080000000, 0x0000000100000000)
  region size 1024K, 18 young (18432K), 3 survivors (3072K)
 Metaspace       used 93456K, capacity 95655K, committed 95952K, reserved 1132544K
  class space    used 11737K, capacity 12576K, committed 12672K, reserved 1048576K
}
Event: 60.224 GC heap after
{Heap after GC invocations=54 (full 0):
 garbage-first heap   total 195584K, used 150321K [0x0000000080000000, 0x0000000100000000)
  region size 1024K, 3 young (3072K), 3 survivors (3072K)
 Metaspace       used 93456K, capacity 95655K, committed 95952K, reserved 1132544K
  class space    used 11737K, capacity 12576K, committed 12672K, reserved 1048576K
}
Event: 60.615 GC heap before
{Heap before GC invocations=54 (full 0):
 garbage-first heap   total 195584K, used 130865K [0x0000000080000000, 0x0000000100000000)
  region size 1024K, 17 young (17408K), 3 survivors (3072K)
 Metaspace       used 94509K, capacity 96647K, committed 96720K, reserved 1134592K
  class space    used 11835K, capacity 12672K, committed 12672K, reserved 1048576K
}
Event: 60.627 GC heap after
{Heap after GC invocations=55 (full 0):
 garbage-first heap   total 235520K, used 119581K [0x0000000080000000, 0x0000000100000000)
  region size 1024K, 2 young (2048K), 2 survivors (2048K)
 Metaspace       used 94509K, capacity 96647K, committed 96720K, reserved 1134592K
  class space    used 11835K, capacity 12672K, committed 12672K, reserved 1048576K
}
Event: 61.449 GC heap before
{Heap before GC invocations=56 (full 0):
 garbage-first heap   total 235520K, used 159517K [0x0000000080000000, 0x0000000100000000)
  region size 1024K, 41 young (41984K), 2 survivors (2048K)
 Metaspace       used 95842K, capacity 98033K, committed 98128K, reserved 1134592K
  class space    used 11926K, capacity 12768K, committed 12800K, reserved 1048576K
}
Event: 61.465 GC heap after
{Heap after GC invocations=57 (full 0):
 garbage-first heap   total 235520K, used 127774K [0x0000000080000000, 0x0000000100000000)
  region size 1024K, 6 young (6144K), 6 survivors (6144K)
 Metaspace       used 95842K, capacity 98033K, committed 98128K, reserved 1134592K
  class space    used 11926K, capacity 12768K, committed 12800K, reserved 1048576K
}
Event: 61.510 GC heap before
{Heap before GC invocations=57 (full 0):
 garbage-first heap   total 235520K, used 132894K [0x0000000080000000, 0x0000000100000000)
  region size 1024K, 11 young (11264K), 6 survivors (6144K)
 Metaspace       used 95963K, capacity 98161K, committed 98384K, reserved 1134592K
  class space    used 11934K, capacity 12768K, committed 12800K, reserved 1048576K
}
Event: 61.526 GC heap after
{Heap after GC invocations=58 (full 0):
 garbage-first heap   total 235520K, used 110592K [0x0000000080000000, 0x0000000100000000)
  region size 1024K, 2 young (2048K), 2 survivors (2048K)
 Metaspace       used 95963K, capacity 98161K, committed 98384K, reserved 1134592K
  class space    used 11934K, capacity 12768K, committed 12800K, reserved 1048576K
}
Event: 62.266 GC heap before
{Heap before GC invocations=58 (full 0):
 garbage-first heap   total 235520K, used 155648K [0x0000000080000000, 0x0000000100000000)
  region size 1024K, 46 young (47104K), 2 survivors (2048K)
 Metaspace       used 96240K, capacity 98391K, committed 98768K, reserved 1134592K
  class space    used 11948K, capacity 12801K, committed 12928K, reserved 1048576K
}
Event: 62.283 GC heap after
{Heap after GC invocations=59 (full 0):
 garbage-first heap   total 235520K, used 112147K [0x0000000080000000, 0x0000000100000000)
  region size 1024K, 4 young (4096K), 4 survivors (4096K)
 Metaspace       used 96240K, capacity 98391K, committed 98768K, reserved 1134592K
  class space    used 11948K, capacity 12801K, committed 12928K, reserved 1048576K
}
Event: 65.832 GC heap before
{Heap before GC invocations=60 (full 0):
 garbage-first heap   total 235520K, used 159251K [0x0000000080000000, 0x0000000100000000)
  region size 1024K, 51 young (52224K), 4 survivors (4096K)
 Metaspace       used 97496K, capacity 99727K, committed 99792K, reserved 1136640K
  class space    used 12056K, capacity 12909K, committed 12928K, reserved 1048576K
}
Event: 65.841 GC heap after
{Heap after GC invocations=61 (full 0):
 garbage-first heap   total 235520K, used 109340K [0x0000000080000000, 0x0000000100000000)
  region size 1024K, 3 young (3072K), 3 survivors (3072K)
 Metaspace       used 97496K, capacity 99727K, committed 99792K, reserved 1136640K
  class space    used 12056K, capacity 12909K, committed 12928K, reserved 1048576K
}
Event: 67.089 GC heap before
{Heap before GC invocations=61 (full 0):
 garbage-first heap   total 235520K, used 118556K [0x0000000080000000, 0x0000000100000000)
  region size 1024K, 11 young (11264K), 3 survivors (3072K)
 Metaspace       used 97612K, capacity 99805K, committed 100048K, reserved 1136640K
  class space    used 12070K, capacity 12911K, committed 12928K, reserved 1048576K
}
Event: 67.096 GC heap after
{Heap after GC invocations=62 (full 0):
 garbage-first heap   total 235520K, used 100147K [0x0000000080000000, 0x0000000100000000)
  region size 1024K, 1 young (1024K), 1 survivors (1024K)
 Metaspace       used 97612K, capacity 99805K, committed 100048K, reserved 1136640K
  class space    used 12070K, capacity 12911K, committed 12928K, reserved 1048576K
}
Event: 82.517 GC heap before
{Heap before GC invocations=62 (full 0):
 garbage-first heap   total 235520K, used 156467K [0x0000000080000000, 0x0000000100000000)
  region size 1024K, 57 young (58368K), 1 survivors (1024K)
 Metaspace       used 98562K, capacity 100850K, committed 100944K, reserved 1136640K
  class space    used 12168K, capacity 13021K, committed 13056K, reserved 1048576K
}
Event: 82.527 GC heap after
{Heap after GC invocations=63 (full 0):
 garbage-first heap   total 235520K, used 102584K [0x0000000080000000, 0x0000000100000000)
  region size 1024K, 3 young (3072K), 3 survivors (3072K)
 Metaspace       used 98562K, capacity 100850K, committed 100944K, reserved 1136640K
  class space    used 12168K, capacity 13021K, committed 13056K, reserved 1048576K
}

