# JRE version: OpenJDK Runtime Environment (11.0.13) (build 11.0.13+0-b1751.21-8125866)
# Java VM: OpenJDK 64-Bit Server VM (11.0.13+0-b1751.21-8125866, mixed mode, tiered, compressed oops, g1 gc, windows-amd64)
Heap:
 garbage-first heap   total 227328K, used 85134K [0x0000000080000000, 0x0000000100000000)
  region size 1024K, 30 young (30720K), 11 survivors (11264K)
 Metaspace       used 83212K, capacity 85000K, committed 85328K, reserved 1124352K
  class space    used 10650K, capacity 11335K, committed 11424K, reserved 1048576K
GC Heap History (20 events):
Event: 5.903 GC heap before
{Heap before GC invocations=6 (full 0):
 garbage-first heap   total 157696K, used 70852K [0x0000000080000000, 0x0000000100000000)
  region size 1024K, 58 young (59392K), 6 survivors (6144K)
 Metaspace       used 26524K, capacity 27091K, committed 27132K, reserved 1073152K
  class space    used 3420K, capacity 3640K, committed 3660K, reserved 1048576K
}
Event: 5.914 GC heap after
{Heap after GC invocations=7 (full 0):
 garbage-first heap   total 157696K, used 19860K [0x0000000080000000, 0x0000000100000000)
  region size 1024K, 4 young (4096K), 4 survivors (4096K)
 Metaspace       used 26524K, capacity 27091K, committed 27132K, reserved 1073152K
  class space    used 3420K, capacity 3640K, committed 3660K, reserved 1048576K
}
Event: 7.172 GC heap before
{Heap before GC invocations=7 (full 0):
 garbage-first heap   total 157696K, used 82324K [0x0000000080000000, 0x0000000100000000)
  region size 1024K, 66 young (67584K), 4 survivors (4096K)
 Metaspace       used 35176K, capacity 35935K, committed 35964K, reserved 1081344K
  class space    used 4502K, capacity 4803K, committed 4812K, reserved 1048576K
}
Event: 7.190 GC heap after
{Heap after GC invocations=8 (full 0):
 garbage-first heap   total 157696K, used 22827K [0x0000000080000000, 0x0000000100000000)
  region size 1024K, 7 young (7168K), 7 survivors (7168K)
 Metaspace       used 35176K, capacity 35935K, committed 35964K, reserved 1081344K
  class space    used 4502K, capacity 4803K, committed 4812K, reserved 1048576K
}
Event: 8.858 GC heap before
{Heap before GC invocations=9 (full 0):
 garbage-first heap   total 157696K, used 111915K [0x0000000080000000, 0x0000000100000000)
  region size 1024K, 92 young (94208K), 7 survivors (7168K)
 Metaspace       used 42225K, capacity 43222K, committed 43388K, reserved 1087488K
  class space    used 5368K, capacity 5767K, committed 5836K, reserved 1048576K
}
Event: 8.879 GC heap after
{Heap after GC invocations=10 (full 0):
 garbage-first heap   total 157696K, used 28846K [0x0000000080000000, 0x0000000100000000)
  region size 1024K, 12 young (12288K), 12 survivors (12288K)
 Metaspace       used 42225K, capacity 43222K, committed 43388K, reserved 1087488K
  class space    used 5368K, capacity 5767K, committed 5836K, reserved 1048576K
}
Event: 10.501 GC heap before
{Heap before GC invocations=10 (full 0):
 garbage-first heap   total 157696K, used 110766K [0x0000000080000000, 0x0000000100000000)
  region size 1024K, 92 young (94208K), 12 survivors (12288K)
 Metaspace       used 48148K, capacity 49275K, committed 49532K, reserved 1091584K
  class space    used 6081K, capacity 6506K, committed 6604K, reserved 1048576K
}
Event: 10.523 GC heap after
{Heap after GC invocations=11 (full 0):
 garbage-first heap   total 157696K, used 31571K [0x0000000080000000, 0x0000000100000000)
  region size 1024K, 9 young (9216K), 9 survivors (9216K)
 Metaspace       used 48148K, capacity 49275K, committed 49532K, reserved 1091584K
  class space    used 6081K, capacity 6506K, committed 6604K, reserved 1048576K
}
Event: 12.285 GC heap before
{Heap before GC invocations=11 (full 0):
 garbage-first heap   total 157696K, used 120659K [0x0000000080000000, 0x0000000100000000)
  region size 1024K, 92 young (94208K), 9 survivors (9216K)
 Metaspace       used 57339K, capacity 58734K, committed 58876K, reserved 1099776K
  class space    used 7140K, capacity 7682K, committed 7756K, reserved 1048576K
}
Event: 12.307 GC heap after
{Heap after GC invocations=12 (full 0):
 garbage-first heap   total 189440K, used 44441K [0x0000000080000000, 0x0000000100000000)
  region size 1024K, 12 young (12288K), 12 survivors (12288K)
 Metaspace       used 57339K, capacity 58734K, committed 58876K, reserved 1099776K
  class space    used 7140K, capacity 7682K, committed 7756K, reserved 1048576K
}
Event: 12.605 GC heap before
{Heap before GC invocations=12 (full 0):
 garbage-first heap   total 189440K, used 56729K [0x0000000080000000, 0x0000000100000000)
  region size 1024K, 25 young (25600K), 12 survivors (12288K)
 Metaspace       used 58811K, capacity 60227K, committed 60368K, reserved 1101824K
  class space    used 7355K, capacity 7879K, committed 7968K, reserved 1048576K
}
Event: 12.634 GC heap after
{Heap after GC invocations=13 (full 0):
 garbage-first heap   total 189440K, used 45489K [0x0000000080000000, 0x0000000100000000)
  region size 1024K, 2 young (2048K), 2 survivors (2048K)
 Metaspace       used 58811K, capacity 60227K, committed 60368K, reserved 1101824K
  class space    used 7355K, capacity 7879K, committed 7968K, reserved 1048576K
}
Event: 14.348 GC heap before
{Heap before GC invocations=14 (full 0):
 garbage-first heap   total 189440K, used 133553K [0x0000000080000000, 0x0000000100000000)
  region size 1024K, 81 young (82944K), 2 survivors (2048K)
 Metaspace       used 65594K, capacity 67094K, committed 67408K, reserved 1107968K
  class space    used 8195K, capacity 8767K, committed 8864K, reserved 1048576K
}
Event: 14.366 GC heap after
{Heap after GC invocations=15 (full 0):
 garbage-first heap   total 189440K, used 52084K [0x0000000080000000, 0x0000000100000000)
  region size 1024K, 8 young (8192K), 8 survivors (8192K)
 Metaspace       used 65594K, capacity 67094K, committed 67408K, reserved 1107968K
  class space    used 8195K, capacity 8767K, committed 8864K, reserved 1048576K
}
Event: 15.557 GC heap before
{Heap before GC invocations=16 (full 0):
 garbage-first heap   total 189440K, used 131956K [0x0000000080000000, 0x0000000100000000)
  region size 1024K, 86 young (88064K), 8 survivors (8192K)
 Metaspace       used 68915K, capacity 70558K, committed 70736K, reserved 1110016K
  class space    used 8657K, capacity 9273K, committed 9376K, reserved 1048576K
}
Event: 15.581 GC heap after
{Heap after GC invocations=17 (full 0):
 garbage-first heap   total 189440K, used 57293K [0x0000000080000000, 0x0000000100000000)
  region size 1024K, 6 young (6144K), 6 survivors (6144K)
 Metaspace       used 68915K, capacity 70558K, committed 70736K, reserved 1110016K
  class space    used 8657K, capacity 9273K, committed 9376K, reserved 1048576K
}
Event: 16.871 GC heap before
{Heap before GC invocations=17 (full 0):
 garbage-first heap   total 189440K, used 137165K [0x0000000080000000, 0x0000000100000000)
  region size 1024K, 84 young (86016K), 6 survivors (6144K)
 Metaspace       used 74052K, capacity 75698K, committed 75856K, reserved 1116160K
  class space    used 9514K, capacity 10142K, committed 10144K, reserved 1048576K
}
Event: 16.892 GC heap after
{Heap after GC invocations=18 (full 0):
 garbage-first heap   total 189440K, used 62464K [0x0000000080000000, 0x0000000100000000)
  region size 1024K, 11 young (11264K), 11 survivors (11264K)
 Metaspace       used 74052K, capacity 75698K, committed 75856K, reserved 1116160K
  class space    used 9514K, capacity 10142K, committed 10144K, reserved 1048576K
}
Event: 18.580 GC heap before
{Heap before GC invocations=18 (full 0):
 garbage-first heap   total 189440K, used 141312K [0x0000000080000000, 0x0000000100000000)
  region size 1024K, 88 young (90112K), 11 survivors (11264K)
 Metaspace       used 81218K, capacity 82973K, committed 83024K, reserved 1122304K
  class space    used 10481K, capacity 11130K, committed 11168K, reserved 1048576K
}
Event: 18.618 GC heap after
{Heap after GC invocations=19 (full 0):
 garbage-first heap   total 227328K, used 67726K [0x0000000080000000, 0x0000000100000000)
  region size 1024K, 11 young (11264K), 11 survivors (11264K)
 Metaspace       used 81218K, capacity 82973K, committed 83024K, reserved 1122304K
  class space    used 10481K, capacity 11130K, committed 11168K, reserved 1048576K
}

