# JRE version: OpenJDK Runtime Environment (11.0.13) (build 11.0.13+0-b1751.21-8125866)
# Java VM: OpenJDK 64-Bit Server VM (11.0.13+0-b1751.21-8125866, mixed mode, tiered, compressed oops, g1 gc, windows-amd64)
Heap:
 garbage-first heap   total 189440K, used 80045K [0x0000000080000000, 0x0000000100000000)
  region size 1024K, 4 young (4096K), 4 survivors (4096K)
 Metaspace       used 49885K, capacity 51328K, committed 51376K, reserved 1093632K
  class space    used 6380K, capacity 6897K, committed 6912K, reserved 1048576K
GC Heap History (19 events):
Event: 0.774 GC heap before
{Heap before GC invocations=0 (full 0):
 garbage-first heap   total 131072K, used 17408K [0x0000000080000000, 0x0000000100000000)
  region size 1024K, 14 young (14336K), 0 survivors (0K)
 Metaspace       used 6723K, capacity 6925K, committed 7168K, reserved 1056768K
  class space    used 572K, capacity 650K, committed 768K, reserved 1048576K
}
Event: 0.779 GC heap after
{Heap after GC invocations=1 (full 0):
 garbage-first heap   total 131072K, used 4732K [0x0000000080000000, 0x0000000100000000)
  region size 1024K, 2 young (2048K), 2 survivors (2048K)
 Metaspace       used 6723K, capacity 6925K, committed 7168K, reserved 1056768K
  class space    used 572K, capacity 650K, committed 768K, reserved 1048576K
}
Event: 1.378 GC heap before
{Heap before GC invocations=1 (full 0):
 garbage-first heap   total 131072K, used 20092K [0x0000000080000000, 0x0000000100000000)
  region size 1024K, 14 young (14336K), 2 survivors (2048K)
 Metaspace       used 9886K, capacity 10118K, committed 10368K, reserved 1058816K
  class space    used 1011K, capacity 1102K, committed 1152K, reserved 1048576K
}
Event: 1.385 GC heap after
{Heap after GC invocations=2 (full 0):
 garbage-first heap   total 131072K, used 9651K [0x0000000080000000, 0x0000000100000000)
  region size 1024K, 2 young (2048K), 2 survivors (2048K)
 Metaspace       used 9886K, capacity 10118K, committed 10368K, reserved 1058816K
  class space    used 1011K, capacity 1102K, committed 1152K, reserved 1048576K
}
Event: 2.329 GC heap before
{Heap before GC invocations=2 (full 0):
 garbage-first heap   total 131072K, used 39347K [0x0000000080000000, 0x0000000100000000)
  region size 1024K, 31 young (31744K), 2 survivors (2048K)
 Metaspace       used 10870K, capacity 11074K, committed 11264K, reserved 1058816K
  class space    used 1112K, capacity 1207K, committed 1280K, reserved 1048576K
}
Event: 2.336 GC heap after
{Heap after GC invocations=3 (full 0):
 garbage-first heap   total 131072K, used 12772K [0x0000000080000000, 0x0000000100000000)
  region size 1024K, 4 young (4096K), 4 survivors (4096K)
 Metaspace       used 10870K, capacity 11074K, committed 11264K, reserved 1058816K
  class space    used 1112K, capacity 1207K, committed 1280K, reserved 1048576K
}
Event: 5.475 GC heap before
{Heap before GC invocations=3 (full 0):
 garbage-first heap   total 131072K, used 54756K [0x0000000080000000, 0x0000000100000000)
  region size 1024K, 46 young (47104K), 4 survivors (4096K)
 Metaspace       used 18027K, capacity 18437K, committed 18688K, reserved 1064960K
  class space    used 2094K, capacity 2226K, committed 2304K, reserved 1048576K
}
Event: 5.501 GC heap after
{Heap after GC invocations=4 (full 0):
 garbage-first heap   total 131072K, used 16538K [0x0000000080000000, 0x0000000100000000)
  region size 1024K, 6 young (6144K), 6 survivors (6144K)
 Metaspace       used 18027K, capacity 18437K, committed 18688K, reserved 1064960K
  class space    used 2094K, capacity 2226K, committed 2304K, reserved 1048576K
}
Event: 5.903 GC heap before
{Heap before GC invocations=4 (full 0):
 garbage-first heap   total 131072K, used 42138K [0x0000000080000000, 0x0000000100000000)
  region size 1024K, 32 young (32768K), 6 survivors (6144K)
 Metaspace       used 20737K, capacity 21153K, committed 21296K, reserved 1069056K
  class space    used 2509K, capacity 2663K, committed 2688K, reserved 1048576K
}
Event: 5.913 GC heap after
{Heap after GC invocations=5 (full 0):
 garbage-first heap   total 157696K, used 17655K [0x0000000080000000, 0x0000000100000000)
  region size 1024K, 6 young (6144K), 6 survivors (6144K)
 Metaspace       used 20737K, capacity 21153K, committed 21296K, reserved 1069056K
  class space    used 2509K, capacity 2663K, committed 2688K, reserved 1048576K
}
Event: 7.434 GC heap before
{Heap before GC invocations=6 (full 0):
 garbage-first heap   total 157696K, used 82167K [0x0000000080000000, 0x0000000100000000)
  region size 1024K, 65 young (66560K), 6 survivors (6144K)
 Metaspace       used 27035K, capacity 27793K, committed 28080K, reserved 1073152K
  class space    used 3518K, capacity 3800K, committed 3840K, reserved 1048576K
}
Event: 7.450 GC heap after
{Heap after GC invocations=7 (full 0):
 garbage-first heap   total 157696K, used 26375K [0x0000000080000000, 0x0000000100000000)
  region size 1024K, 5 young (5120K), 5 survivors (5120K)
 Metaspace       used 27035K, capacity 27793K, committed 28080K, reserved 1073152K
  class space    used 3518K, capacity 3800K, committed 3840K, reserved 1048576K
}
Event: 9.874 GC heap before
{Heap before GC invocations=7 (full 0):
 garbage-first heap   total 157696K, used 115463K [0x0000000080000000, 0x0000000100000000)
  region size 1024K, 80 young (81920K), 5 survivors (5120K)
 Metaspace       used 34608K, capacity 35512K, committed 35632K, reserved 1079296K
  class space    used 4579K, capacity 4923K, committed 4992K, reserved 1048576K
}
Event: 9.905 GC heap after
{Heap after GC invocations=8 (full 0):
 garbage-first heap   total 157696K, used 46839K [0x0000000080000000, 0x0000000100000000)
  region size 1024K, 11 young (11264K), 11 survivors (11264K)
 Metaspace       used 34608K, capacity 35512K, committed 35632K, reserved 1079296K
  class space    used 4579K, capacity 4923K, committed 4992K, reserved 1048576K
}
Event: 11.494 GC heap before
{Heap before GC invocations=9 (full 0):
 garbage-first heap   total 157696K, used 117495K [0x0000000080000000, 0x0000000100000000)
  region size 1024K, 78 young (79872K), 11 survivors (11264K)
 Metaspace       used 42474K, capacity 43626K, committed 43952K, reserved 1087488K
  class space    used 5388K, capacity 5812K, committed 5888K, reserved 1048576K
}
Event: 11.516 GC heap after
{Heap after GC invocations=10 (full 0):
 garbage-first heap   total 157696K, used 52537K [0x0000000080000000, 0x0000000100000000)
  region size 1024K, 6 young (6144K), 6 survivors (6144K)
 Metaspace       used 42474K, capacity 43626K, committed 43952K, reserved 1087488K
  class space    used 5388K, capacity 5812K, committed 5888K, reserved 1048576K
}
Event: 13.035 GC heap before
{Heap before GC invocations=10 (full 0):
 garbage-first heap   total 157696K, used 130361K [0x0000000080000000, 0x0000000100000000)
  region size 1024K, 70 young (71680K), 6 survivors (6144K)
 Metaspace       used 46293K, capacity 47538K, committed 47792K, reserved 1091584K
  class space    used 5801K, capacity 6273K, committed 6400K, reserved 1048576K
}
Event: 13.058 GC heap after
{Heap after GC invocations=11 (full 0):
 garbage-first heap   total 157696K, used 71074K [0x0000000080000000, 0x0000000100000000)
  region size 1024K, 7 young (7168K), 7 survivors (7168K)
 Metaspace       used 46293K, capacity 47538K, committed 47792K, reserved 1091584K
  class space    used 5801K, capacity 6273K, committed 6400K, reserved 1048576K
}
Event: 15.002 GC heap before
{Heap before GC invocations=11 (full 0):
 garbage-first heap   total 157696K, used 126370K [0x0000000080000000, 0x0000000100000000)
  region size 1024K, 56 young (57344K), 7 survivors (7168K)
 Metaspace       used 49885K, capacity 51328K, committed 51376K, reserved 1093632K
  class space    used 6380K, capacity 6897K, committed 6912K, reserved 1048576K
}

