# JRE version: OpenJDK Runtime Environment (11.0.13) (build 11.0.13+0-b1751.21-8125866)
# Java VM: OpenJDK 64-Bit Server VM (11.0.13+0-b1751.21-8125866, mixed mode, tiered, compressed oops, g1 gc, windows-amd64)
Heap:
 garbage-first heap   total 899072K, used 220629K [0x0000000080000000, 0x0000000100000000)
  region size 1024K, 15 young (15360K), 15 survivors (15360K)
 Metaspace       used 159216K, capacity 163815K, committed 164272K, reserved 1191936K
  class space    used 19390K, capacity 21038K, committed 21248K, reserved 1048576K
GC Heap History (20 events):
Event: 967.033 GC heap after
{Heap after GC invocations=127 (full 0):
 garbage-first heap   total 273408K, used 196504K [0x0000000080000000, 0x0000000100000000)
  region size 1024K, 3 young (3072K), 3 survivors (3072K)
 Metaspace       used 157987K, capacity 162336K, committed 163120K, reserved 1191936K
  class space    used 19256K, capacity 20850K, committed 21120K, reserved 1048576K
}
Event: 967.068 GC heap before
{Heap before GC invocations=127 (full 0):
 garbage-first heap   total 273408K, used 206744K [0x0000000080000000, 0x0000000100000000)
  region size 1024K, 13 young (13312K), 3 survivors (3072K)
 Metaspace       used 157997K, capacity 162400K, committed 163120K, reserved 1191936K
  class space    used 19256K, capacity 20850K, committed 21120K, reserved 1048576K
}
Event: 967.091 GC heap after
{Heap after GC invocations=128 (full 0):
 garbage-first heap   total 273408K, used 195516K [0x0000000080000000, 0x0000000100000000)
  region size 1024K, 1 young (1024K), 1 survivors (1024K)
 Metaspace       used 157997K, capacity 162400K, committed 163120K, reserved 1191936K
  class space    used 19256K, capacity 20850K, committed 21120K, reserved 1048576K
}
Event: 967.244 GC heap before
{Heap before GC invocations=128 (full 0):
 garbage-first heap   total 273408K, used 238524K [0x0000000080000000, 0x0000000100000000)
  region size 1024K, 43 young (44032K), 1 survivors (1024K)
 Metaspace       used 158059K, capacity 162403K, committed 163120K, reserved 1191936K
  class space    used 19264K, capacity 20851K, committed 21120K, reserved 1048576K
}
Event: 967.249 GC heap after
{Heap after GC invocations=129 (full 0):
 garbage-first heap   total 273408K, used 195423K [0x0000000080000000, 0x0000000100000000)
  region size 1024K, 1 young (1024K), 1 survivors (1024K)
 Metaspace       used 158059K, capacity 162403K, committed 163120K, reserved 1191936K
  class space    used 19264K, capacity 20851K, committed 21120K, reserved 1048576K
}
Event: 967.672 GC heap before
{Heap before GC invocations=129 (full 0):
 garbage-first heap   total 273408K, used 239455K [0x0000000080000000, 0x0000000100000000)
  region size 1024K, 44 young (45056K), 1 survivors (1024K)
 Metaspace       used 158154K, capacity 162549K, committed 163120K, reserved 1191936K
  class space    used 19264K, capacity 20851K, committed 21120K, reserved 1048576K
}
Event: 967.698 GC heap after
{Heap after GC invocations=130 (full 0):
 garbage-first heap   total 273408K, used 195336K [0x0000000080000000, 0x0000000100000000)
  region size 1024K, 1 young (1024K), 1 survivors (1024K)
 Metaspace       used 158154K, capacity 162549K, committed 163120K, reserved 1191936K
  class space    used 19264K, capacity 20851K, committed 21120K, reserved 1048576K
}
Event: 968.138 GC heap before
{Heap before GC invocations=130 (full 0):
 garbage-first heap   total 273408K, used 239368K [0x0000000080000000, 0x0000000100000000)
  region size 1024K, 44 young (45056K), 1 survivors (1024K)
 Metaspace       used 158244K, capacity 162644K, committed 163376K, reserved 1191936K
  class space    used 19267K, capacity 20856K, committed 21120K, reserved 1048576K
}
Event: 968.146 GC heap after
{Heap after GC invocations=131 (full 0):
 garbage-first heap   total 273408K, used 197301K [0x0000000080000000, 0x0000000100000000)
  region size 1024K, 3 young (3072K), 3 survivors (3072K)
 Metaspace       used 158244K, capacity 162644K, committed 163376K, reserved 1191936K
  class space    used 19267K, capacity 20856K, committed 21120K, reserved 1048576K
}
Event: 968.360 GC heap before
{Heap before GC invocations=132 (full 0):
 garbage-first heap   total 273408K, used 239285K [0x0000000080000000, 0x0000000100000000)
  region size 1024K, 45 young (46080K), 3 survivors (3072K)
 Metaspace       used 158302K, capacity 162653K, committed 163376K, reserved 1191936K
  class space    used 19268K, capacity 20857K, committed 21120K, reserved 1048576K
}
Event: 968.381 GC heap after
{Heap after GC invocations=133 (full 0):
 garbage-first heap   total 273408K, used 200373K [0x0000000080000000, 0x0000000100000000)
  region size 1024K, 6 young (6144K), 6 survivors (6144K)
 Metaspace       used 158302K, capacity 162653K, committed 163376K, reserved 1191936K
  class space    used 19268K, capacity 20857K, committed 21120K, reserved 1048576K
}
Event: 968.407 GC heap before
{Heap before GC invocations=133 (full 0):
 garbage-first heap   total 273408K, used 207541K [0x0000000080000000, 0x0000000100000000)
  region size 1024K, 13 young (13312K), 6 survivors (6144K)
 Metaspace       used 158325K, capacity 162718K, committed 163376K, reserved 1191936K
  class space    used 19268K, capacity 20857K, committed 21120K, reserved 1048576K
}
Event: 968.570 GC heap after
{Heap after GC invocations=134 (full 0):
 garbage-first heap   total 428032K, used 199876K [0x0000000080000000, 0x0000000100000000)
  region size 1024K, 2 young (2048K), 2 survivors (2048K)
 Metaspace       used 158325K, capacity 162718K, committed 163376K, reserved 1191936K
  class space    used 19268K, capacity 20857K, committed 21120K, reserved 1048576K
}
Event: 969.249 GC heap before
{Heap before GC invocations=134 (full 0):
 garbage-first heap   total 428032K, used 320708K [0x0000000080000000, 0x0000000100000000)
  region size 1024K, 119 young (121856K), 2 survivors (2048K)
 Metaspace       used 158722K, capacity 163125K, committed 163760K, reserved 1191936K
  class space    used 19314K, capacity 20920K, committed 21248K, reserved 1048576K
}
Event: 969.292 GC heap after
{Heap after GC invocations=135 (full 0):
 garbage-first heap   total 428032K, used 206392K [0x0000000080000000, 0x0000000100000000)
  region size 1024K, 8 young (8192K), 8 survivors (8192K)
 Metaspace       used 158722K, capacity 163125K, committed 163760K, reserved 1191936K
  class space    used 19314K, capacity 20920K, committed 21248K, reserved 1048576K
}
Event: 969.924 GC heap before
{Heap before GC invocations=135 (full 0):
 garbage-first heap   total 428032K, used 334392K [0x0000000080000000, 0x0000000100000000)
  region size 1024K, 134 young (137216K), 8 survivors (8192K)
 Metaspace       used 159126K, capacity 163665K, committed 164016K, reserved 1191936K
  class space    used 19382K, capacity 21031K, committed 21248K, reserved 1048576K
}
Event: 969.939 GC heap after
{Heap after GC invocations=136 (full 0):
 garbage-first heap   total 428032K, used 207109K [0x0000000080000000, 0x0000000100000000)
  region size 1024K, 9 young (9216K), 9 survivors (9216K)
 Metaspace       used 159126K, capacity 163665K, committed 164016K, reserved 1191936K
  class space    used 19382K, capacity 21031K, committed 21248K, reserved 1048576K
}
Event: 970.423 GC heap before
{Heap before GC invocations=136 (full 0):
 garbage-first heap   total 428032K, used 347397K [0x0000000080000000, 0x0000000100000000)
  region size 1024K, 146 young (149504K), 9 survivors (9216K)
 Metaspace       used 159190K, capacity 163686K, committed 164016K, reserved 1191936K
  class space    used 19390K, capacity 21038K, committed 21248K, reserved 1048576K
}
Event: 970.456 GC heap after
{Heap after GC invocations=137 (full 0):
 garbage-first heap   total 428032K, used 215000K [0x0000000080000000, 0x0000000100000000)
  region size 1024K, 16 young (16384K), 16 survivors (16384K)
 Metaspace       used 159190K, capacity 163686K, committed 164016K, reserved 1191936K
  class space    used 19390K, capacity 21038K, committed 21248K, reserved 1048576K
}
Event: 970.900 GC heap before
{Heap before GC invocations=137 (full 0):
 garbage-first heap   total 428032K, used 350168K [0x0000000080000000, 0x0000000100000000)
  region size 1024K, 149 young (152576K), 16 survivors (16384K)
 Metaspace       used 159216K, capacity 163815K, committed 164272K, reserved 1191936K
  class space    used 19390K, capacity 21038K, committed 21248K, reserved 1048576K
}

