# JRE version: OpenJDK Runtime Environment (11.0.13) (build 11.0.13+0-b1751.21-8125866)
# Java VM: OpenJDK 64-Bit Server VM (11.0.13+0-b1751.21-8125866, mixed mode, tiered, compressed oops, g1 gc, windows-amd64)
Heap:
 garbage-first heap   total 328704K, used 147086K [0x0000000080000000, 0x0000000100000000)
  region size 1024K, 4 young (4096K), 4 survivors (4096K)
 Metaspace       used 104829K, capacity 107490K, committed 107720K, reserved 1142784K
  class space    used 13316K, capacity 14313K, committed 14360K, reserved 1048576K
GC Heap History (20 events):
Event: 14.612 GC heap after
{Heap after GC invocations=22 (full 0):
 garbage-first heap   total 189440K, used 102707K [0x0000000080000000, 0x0000000100000000)
  region size 1024K, 7 young (7168K), 7 survivors (7168K)
 Metaspace       used 69583K, capacity 71549K, committed 71752K, reserved 1112064K
  class space    used 8842K, capacity 9530K, committed 9624K, reserved 1048576K
}
Event: 15.421 GC heap before
{Heap before GC invocations=22 (full 0):
 garbage-first heap   total 189440K, used 153907K [0x0000000080000000, 0x0000000100000000)
  region size 1024K, 57 young (58368K), 7 survivors (7168K)
 Metaspace       used 73368K, capacity 75361K, committed 75720K, reserved 1114112K
  class space    used 9421K, capacity 10114K, committed 10264K, reserved 1048576K
}
Event: 15.444 GC heap after
{Heap after GC invocations=23 (full 0):
 garbage-first heap   total 189440K, used 105889K [0x0000000080000000, 0x0000000100000000)
  region size 1024K, 7 young (7168K), 7 survivors (7168K)
 Metaspace       used 73368K, capacity 75361K, committed 75720K, reserved 1114112K
  class space    used 9421K, capacity 10114K, committed 10264K, reserved 1048576K
}
Event: 16.309 GC heap before
{Heap before GC invocations=24 (full 0):
 garbage-first heap   total 189440K, used 156065K [0x0000000080000000, 0x0000000100000000)
  region size 1024K, 56 young (57344K), 7 survivors (7168K)
 Metaspace       used 76320K, capacity 78297K, committed 78536K, reserved 1118208K
  class space    used 9902K, capacity 10635K, committed 10776K, reserved 1048576K
}
Event: 16.333 GC heap after
{Heap after GC invocations=25 (full 0):
 garbage-first heap   total 227328K, used 109789K [0x0000000080000000, 0x0000000100000000)
  region size 1024K, 7 young (7168K), 7 survivors (7168K)
 Metaspace       used 76320K, capacity 78297K, committed 78536K, reserved 1118208K
  class space    used 9902K, capacity 10635K, committed 10776K, reserved 1048576K
}
Event: 16.959 GC heap before
{Heap before GC invocations=25 (full 0):
 garbage-first heap   total 227328K, used 136413K [0x0000000080000000, 0x0000000100000000)
  region size 1024K, 35 young (35840K), 7 survivors (7168K)
 Metaspace       used 78966K, capacity 80893K, committed 81224K, reserved 1120256K
  class space    used 10134K, capacity 10813K, committed 10904K, reserved 1048576K
}
Event: 16.978 GC heap after
{Heap after GC invocations=26 (full 0):
 garbage-first heap   total 227328K, used 114184K [0x0000000080000000, 0x0000000100000000)
  region size 1024K, 8 young (8192K), 8 survivors (8192K)
 Metaspace       used 78966K, capacity 80893K, committed 81224K, reserved 1120256K
  class space    used 10134K, capacity 10813K, committed 10904K, reserved 1048576K
}
Event: 17.997 GC heap before
{Heap before GC invocations=27 (full 0):
 garbage-first heap   total 227328K, used 176648K [0x0000000080000000, 0x0000000100000000)
  region size 1024K, 64 young (65536K), 8 survivors (8192K)
 Metaspace       used 81822K, capacity 84039K, committed 84296K, reserved 1122304K
  class space    used 10539K, capacity 11336K, committed 11416K, reserved 1048576K
}
Event: 18.019 GC heap after
{Heap after GC invocations=28 (full 0):
 garbage-first heap   total 227328K, used 123342K [0x0000000080000000, 0x0000000100000000)
  region size 1024K, 8 young (8192K), 8 survivors (8192K)
 Metaspace       used 81822K, capacity 84039K, committed 84296K, reserved 1122304K
  class space    used 10539K, capacity 11336K, committed 11416K, reserved 1048576K
}
Event: 18.183 GC heap before
{Heap before GC invocations=28 (full 0):
 garbage-first heap   total 227328K, used 150990K [0x0000000080000000, 0x0000000100000000)
  region size 1024K, 36 young (36864K), 8 survivors (8192K)
 Metaspace       used 82969K, capacity 85081K, committed 85448K, reserved 1124352K
  class space    used 10661K, capacity 11403K, committed 11544K, reserved 1048576K
}
Event: 18.196 GC heap after
{Heap after GC invocations=29 (full 0):
 garbage-first heap   total 227328K, used 124111K [0x0000000080000000, 0x0000000100000000)
  region size 1024K, 5 young (5120K), 5 survivors (5120K)
 Metaspace       used 82969K, capacity 85081K, committed 85448K, reserved 1124352K
  class space    used 10661K, capacity 11403K, committed 11544K, reserved 1048576K
}
Event: 19.354 GC heap before
{Heap before GC invocations=30 (full 0):
 garbage-first heap   total 227328K, used 178383K [0x0000000080000000, 0x0000000100000000)
  region size 1024K, 57 young (58368K), 5 survivors (5120K)
 Metaspace       used 90050K, capacity 92300K, committed 92488K, reserved 1130496K
  class space    used 11524K, capacity 12342K, committed 12440K, reserved 1048576K
}
Event: 19.369 GC heap after
{Heap after GC invocations=31 (full 0):
 garbage-first heap   total 273408K, used 125436K [0x0000000080000000, 0x0000000100000000)
  region size 1024K, 7 young (7168K), 7 survivors (7168K)
 Metaspace       used 90050K, capacity 92300K, committed 92488K, reserved 1130496K
  class space    used 11524K, capacity 12342K, committed 12440K, reserved 1048576K
}
Event: 20.825 GC heap before
{Heap before GC invocations=31 (full 0):
 garbage-first heap   total 273408K, used 199164K [0x0000000080000000, 0x0000000100000000)
  region size 1024K, 79 young (80896K), 7 survivors (7168K)
 Metaspace       used 97337K, capacity 99813K, committed 99912K, reserved 1136640K
  class space    used 12479K, capacity 13402K, committed 13464K, reserved 1048576K
}
Event: 20.849 GC heap after
{Heap after GC invocations=32 (full 0):
 garbage-first heap   total 273408K, used 130723K [0x0000000080000000, 0x0000000100000000)
  region size 1024K, 8 young (8192K), 8 survivors (8192K)
 Metaspace       used 97337K, capacity 99813K, committed 99912K, reserved 1136640K
  class space    used 12479K, capacity 13402K, committed 13464K, reserved 1048576K
}
Event: 24.430 GC heap before
{Heap before GC invocations=32 (full 0):
 garbage-first heap   total 273408K, used 208547K [0x0000000080000000, 0x0000000100000000)
  region size 1024K, 85 young (87040K), 8 survivors (8192K)
 Metaspace       used 101506K, capacity 104028K, committed 104264K, reserved 1140736K
  class space    used 12935K, capacity 13858K, committed 13976K, reserved 1048576K
}
Event: 24.459 GC heap after
{Heap after GC invocations=33 (full 0):
 garbage-first heap   total 273408K, used 137555K [0x0000000080000000, 0x0000000100000000)
  region size 1024K, 11 young (11264K), 11 survivors (11264K)
 Metaspace       used 101506K, capacity 104028K, committed 104264K, reserved 1140736K
  class space    used 12935K, capacity 13858K, committed 13976K, reserved 1048576K
}
Event: 26.507 GC heap before
{Heap before GC invocations=33 (full 0):
 garbage-first heap   total 273408K, used 213331K [0x0000000080000000, 0x0000000100000000)
  region size 1024K, 86 young (88064K), 11 survivors (11264K)
 Metaspace       used 102365K, capacity 104922K, committed 105032K, reserved 1140736K
  class space    used 12984K, capacity 13897K, committed 13976K, reserved 1048576K
}
Event: 26.539 GC heap after
{Heap after GC invocations=34 (full 0):
 garbage-first heap   total 273408K, used 143776K [0x0000000080000000, 0x0000000100000000)
  region size 1024K, 6 young (6144K), 6 survivors (6144K)
 Metaspace       used 102365K, capacity 104922K, committed 105032K, reserved 1140736K
  class space    used 12984K, capacity 13897K, committed 13976K, reserved 1048576K
}
Event: 27.871 GC heap before
{Heap before GC invocations=35 (full 0):
 garbage-first heap   total 273408K, used 217504K [0x0000000080000000, 0x0000000100000000)
  region size 1024K, 78 young (79872K), 6 survivors (6144K)
 Metaspace       used 104829K, capacity 107490K, committed 107720K, reserved 1142784K
  class space    used 13316K, capacity 14313K, committed 14360K, reserved 1048576K
}

